18:32:57.804 [AWT-EventQueue-0         ] DEBUG Logger               - Configured Logger
18:32:57.820 [AWT-EventQueue-0         ] DEBUG GameApplication      - Logging settings
Title: a-Mazed
Version: 1.0
Width: 800
Height: 640
Fullscreen: false
Intro: false
Profiling: false
Single step:false
App Mode: DEVELOPER
Menu Key: ESCAPE
Stage Style: DECORATED
Scene Factory: class com.almasb.fxgl.app.scene.SceneFactory

18:32:57.937 [JavaFX Application Thread] DEBUG FXGLApplication      - Initializing FXGL
18:32:57.942 [JavaFX Application Thread] INFO  Engine               - FXGL-17.3 (30.03.2023 11.49) on WINDOWS (J:21.0.7 FX:21)
18:32:57.942 [JavaFX Application Thread] DEBUG Engine               - JRE Vendor Name: Microsoft
18:32:57.943 [JavaFX Application Thread] DEBUG Engine               - Running on OS: Windows 10 version 10.0
18:32:57.943 [JavaFX Application Thread] DEBUG Engine               - Architecture: amd64
18:32:57.943 [JavaFX Application Thread] INFO  Engine               - Source code and latest versions at: https://github.com/AlmasB/FXGL
18:32:57.943 [JavaFX Application Thread] INFO  Engine               -       Ask questions and discuss at: https://github.com/AlmasB/FXGL/discussions
18:32:57.943 [JavaFX Application Thread] INFO  Engine               -              Join the FXGL chat at: https://gitter.im/AlmasB/FXGL
18:32:58.040 [JavaFX Application Thread] DEBUG PrimaryStageWindow   - Creating a JavaFX scene
18:32:58.086 [JavaFX Application Thread] DEBUG PrimaryStageWindow   - Target settings size: 800.0 x 640.0
18:32:58.087 [JavaFX Application Thread] DEBUG PrimaryStageWindow   - Scaled scene size:    800.0 x 640.0
18:32:58.087 [JavaFX Application Thread] DEBUG PrimaryStageWindow   - Scaled ratio: (1.0, 1.0)
18:32:58.089 [JavaFX Application Thread] DEBUG PrimaryStageWindow   - Set initial scene to FXGLStartupScene
18:32:58.092 [JavaFX Application Thread] DEBUG PrimaryStageWindow   - Opening main window
18:32:58.229 [JavaFX Application Thread] DEBUG PrimaryStageWindow   - Window border size: (16.0, 39.0)
18:32:58.230 [JavaFX Application Thread] DEBUG PrimaryStageWindow   - Scaled size: 800.0 x 640.0
18:32:58.230 [JavaFX Application Thread] DEBUG PrimaryStageWindow   - Scaled ratio: (1.0, 1.0)
18:32:58.230 [JavaFX Application Thread] DEBUG PrimaryStageWindow   - Scene size: 800.0 x 640.0
18:32:58.231 [JavaFX Application Thread] DEBUG PrimaryStageWindow   - Stage size: 816.0 x 679.0
18:32:58.243 [FXGL Background Thread 1 ] DEBUG Engine               - Initializing environment variables
18:32:58.307 [FXGL Background Thread 1 ] DEBUG FXGLAssetLoaderServi - User app class for loading assets: class lylesmal.openworldgame.MapApplication
18:32:58.307 [FXGL Background Thread 1 ] DEBUG GameApplicationServi - Applying CSS: fxgl_dark.css
18:32:58.308 [FXGL Background Thread 1 ] DEBUG FXGLAssetLoaderServi - Loading from file system: jar:file:///C:/Users/prodb/.m2/repository/com/github/almasb/fxgl/17.3/fxgl-17.3.jar!/fxglassets/ui/css/fxgl_dark.css
18:32:58.373 [FXGL Background Thread 1 ] DEBUG GameApplicationServi - Initializing application scenes
18:32:58.402 [FXGL Background Thread 1 ] DEBUG GameWorld            - Game world initialized
18:32:58.524 [FXGL Background Thread 1 ] DEBUG PhysicsWorld         - Physics world initialized: appHeight=640, physics.ppm=50,0
18:32:58.524 [FXGL Background Thread 1 ] DEBUG PhysicsWorld         - Using strategy: BRUTE_FORCE
18:32:58.529 [FXGL Background Thread 1 ] DEBUG GameScene            - Game scene initialized: 800x640
18:32:58.529 [FXGL Background Thread 1 ] DEBUG GameApplicationServi - Application scenes initialized
18:32:58.559 [FXGL Background Thread 1 ] DEBUG SystemBundleService  - Loading FXGL system data
18:32:58.575 [FXGL Background Thread 1 ] DEBUG FileSystemAccess     - Reading from: E:\OneDrive - Cape Peninsula University of Technology\Game Development\maze-game\system\fxgl.bundle
18:32:58.587 [FXGL Background Thread 1 ] DEBUG SystemBundleService  - Bundle FXGL: {}
18:32:58.587 [FXGL Background Thread 1 ] DEBUG UpdaterService       - Checking for updates
18:32:58.594 [FXGL Background Thread 1 ] DEBUG FXGLApplication      - Loading default localization
18:32:58.595 [FXGL Background Thread 1 ] DEBUG FXGLAssetLoaderServi - Loading from file system: jar:file:///C:/Users/prodb/.m2/repository/com/github/almasb/fxgl/17.3/fxgl-17.3.jar!/fxglassets/languages/english.lang
18:32:58.607 [FXGL Background Thread 4 ] DEBUG FXGLApplication      - Loading fonts
18:32:58.608 [FXGL Background Thread 4 ] DEBUG FXGLAssetLoaderServi - Loading from file system: jar:file:///C:/Users/prodb/.m2/repository/com/github/almasb/fxgl/17.3/fxgl-17.3.jar!/fxglassets/ui/fonts/VarelaRound-Regular.ttf
18:32:58.616 [FXGL Background Thread 1 ] INFO  FXGLApplication      - FXGL initialization took: 0,372 sec
18:32:58.627 [JavaFX Application Thread] DEBUG Input                - Registered new binding: player-move-up - Up
18:32:58.628 [JavaFX Application Thread] DEBUG Input                - Registered new binding: player-move-down - Down
18:32:58.628 [JavaFX Application Thread] DEBUG Input                - Registered new binding: player-move-left - Left
18:32:58.628 [JavaFX Application Thread] DEBUG Input                - Registered new binding: player-move-right - Right
18:32:58.628 [JavaFX Application Thread] DEBUG Input                - Registered new binding: player-jump - Space
18:32:58.628 [JavaFX Application Thread] DEBUG Input                - Registered new binding: player-spawns-brick - W
18:32:58.628 [JavaFX Application Thread] DEBUG Input                - Registered new binding: player-spawns-flag - F
18:32:58.629 [JavaFX Application Thread] DEBUG Input                - Registered new binding: player-spawns-fence-vertical - V
18:32:58.629 [JavaFX Application Thread] DEBUG Input                - Registered new binding: player-spawns-fence-horizontal - H
18:32:58.629 [JavaFX Application Thread] DEBUG Input                - Registered new binding: player-plants - P
18:32:58.629 [JavaFX Application Thread] DEBUG Input                - Registered new binding: player-spawns-cannon - C
18:32:58.630 [JavaFX Application Thread] DEBUG FXGLAssetLoaderServi - Loading from file system: file:/E:/OneDrive%20-%20Cape%20Peninsula%20University%20of%20Technology/Game%20Development/maze-game/target/classes/assets/textures/island-wall.png
18:32:58.665 [JavaFX Application Thread] DEBUG FXGLAssetLoaderServi - Loading from file system: jar:file:///C:/Users/prodb/.m2/repository/com/github/almasb/fxgl/17.3/fxgl-17.3.jar!/fxglassets/textures/fxgl_default_cursor.png
18:32:58.668 [JavaFX Application Thread] DEBUG Input                - Registered new binding: Screenshot - CTRL+8
18:32:58.668 [JavaFX Application Thread] DEBUG Input                - Registered new binding: System info dump - CTRL+9
18:32:58.669 [JavaFX Application Thread] DEBUG Input                - Registered new binding: Restart - CTRL+R
18:32:58.669 [JavaFX Application Thread] DEBUG Input                - Registered new binding: Toggle Debug Camera - CTRL+7
18:32:58.672 [JavaFX Application Thread] DEBUG LoopRunner           - Starting loop
18:32:58.672 [JavaFX Application Thread] DEBUG LoopRunner           - Initializing JavaFX AnimationTimerLoop
18:32:58.673 [JavaFX Application Thread] DEBUG GameApplicationServi - Starting new game
18:32:58.674 [JavaFX Application Thread] DEBUG Input                - Clearing active input actions
18:32:58.675 [FXGL Background Thread 4 ] DEBUG FXGLAssetLoaderServi - Loading from file system: jar:file:///C:/Users/prodb/.m2/repository/com/github/almasb/fxgl/17.3/fxgl-17.3.jar!/fxglassets/ui/fonts/Abel-Regular.ttf
18:32:58.688 [JavaFX Application Thread] DEBUG GameApplicationServi - Removing overlay from FXGLStartupScene and adding to FXGLLoadingScene
18:32:58.689 [JavaFX Application Thread] DEBUG PrimaryStageWindow   - FXGLStartupScene -> FXGLLoadingScene
18:32:58.689 [JavaFX Application Thread] DEBUG GameApplicationServi - Clearing previous game
18:32:58.689 [JavaFX Application Thread] DEBUG GameScene            - Clearing game scene
18:32:58.689 [JavaFX Application Thread] DEBUG GameWorld            - Clearing game world
18:32:58.689 [JavaFX Application Thread] DEBUG PhysicsWorld         - Clearing physics world
18:32:58.691 [FXGL Background Thread 1 ] DEBUG FXGLApplication      - Initializing game
18:32:58.692 [FXGL Background Thread 4 ] DEBUG FXGLAssetLoaderServi - Loading from file system: jar:file:///C:/Users/prodb/.m2/repository/com/github/almasb/fxgl/17.3/fxgl-17.3.jar!/fxglassets/ui/fonts/TerminalLandMono-Regular.otf
18:32:58.693 [FXGL Background Thread 1 ] DEBUG FXGLAssetLoaderServi - Loading from file system: file:/E:/OneDrive%20-%20Cape%20Peninsula%20University%20of%20Technology/Game%20Development/maze-game/target/classes/assets/music/game-music.mp3
18:32:58.707 [FXGL Background Thread 4 ] DEBUG FXGLAssetLoaderServi - Loading from file system: jar:file:///C:/Users/prodb/.m2/repository/com/github/almasb/fxgl/17.3/fxgl-17.3.jar!/fxglassets/ui/fonts/Courier-Prime.ttf
18:32:58.768 [JavaFX Application Thread] DEBUG FXGLApplication      - Registering font factories with UI factory
18:32:59.177 [FXGL Background Thread 1 ] DEBUG AudioPlayer          - Playing music com.almasb.fxgl.audio.Music@6fcc8bea
18:32:59.187 [FXGL Background Thread 1 ] DEBUG FXGLAssetLoaderServi - Loading from file system: file:/E:/OneDrive%20-%20Cape%20Peninsula%20University%20of%20Technology/Game%20Development/maze-game/target/classes/assets/textures/map.png
18:32:59.241 [FXGL Background Thread 1 ] DEBUG FXGLAssetLoaderServi - Loading from file system: file:/E:/OneDrive%20-%20Cape%20Peninsula%20University%20of%20Technology/Game%20Development/maze-game/target/classes/assets/textures/left-border.png
18:32:59.269 [FXGL Background Thread 1 ] DEBUG FXGLAssetLoaderServi - Loading from file system: file:/E:/OneDrive%20-%20Cape%20Peninsula%20University%20of%20Technology/Game%20Development/maze-game/target/classes/assets/textures/right-border.png
18:32:59.292 [FXGL Background Thread 1 ] DEBUG FXGLAssetLoaderServi - Loading from file system: file:/E:/OneDrive%20-%20Cape%20Peninsula%20University%20of%20Technology/Game%20Development/maze-game/target/classes/assets/textures/bottom-top-border.png
18:32:59.308 [FXGL Background Thread 1 ] DEBUG FXGLAssetLoaderServi - Loading from file system: file:/E:/OneDrive%20-%20Cape%20Peninsula%20University%20of%20Technology/Game%20Development/maze-game/target/classes/assets/textures/wall.png
18:32:59.316 [FXGL Background Thread 1 ] DEBUG FXGLAssetLoaderServi - Loading from file system: file:/E:/OneDrive%20-%20Cape%20Peninsula%20University%20of%20Technology/Game%20Development/maze-game/target/classes/assets/textures/wall-2.png
18:32:59.365 [FXGL Background Thread 1 ] DEBUG FXGLAssetLoaderServi - Loading from file system: file:/E:/OneDrive%20-%20Cape%20Peninsula%20University%20of%20Technology/Game%20Development/maze-game/target/classes/assets/textures/wall-1.png
18:32:59.373 [FXGL Background Thread 1 ] DEBUG FXGLAssetLoaderServi - Loading from file system: file:/E:/OneDrive%20-%20Cape%20Peninsula%20University%20of%20Technology/Game%20Development/maze-game/target/classes/assets/textures/water-fountain.png
18:32:59.382 [FXGL Background Thread 2 ] INFO  UpdaterService       - Your current version:  17.3
18:32:59.382 [FXGL Background Thread 2 ] INFO  UpdaterService       - Latest stable version: 21.1
18:32:59.394 [FXGL Background Thread 1 ] DEBUG FXGLAssetLoaderServi - Loading from file system: file:/E:/OneDrive%20-%20Cape%20Peninsula%20University%20of%20Technology/Game%20Development/maze-game/target/classes/assets/textures/pond.png
18:32:59.403 [FXGL Background Thread 1 ] DEBUG FXGLAssetLoaderServi - Loading from file system: file:/E:/OneDrive%20-%20Cape%20Peninsula%20University%20of%20Technology/Game%20Development/maze-game/target/classes/assets/textures/waves.png
18:32:59.424 [FXGL Background Thread 1 ] DEBUG FXGLAssetLoaderServi - Loading from file system: file:/E:/OneDrive%20-%20Cape%20Peninsula%20University%20of%20Technology/Game%20Development/maze-game/target/classes/assets/textures/no-waves.png
18:32:59.432 [FXGL Background Thread 1 ] DEBUG FXGLAssetLoaderServi - Loading from file system: file:/E:/OneDrive%20-%20Cape%20Peninsula%20University%20of%20Technology/Game%20Development/maze-game/target/classes/assets/textures/character.png
18:32:59.445 [FXGL Background Thread 1 ] INFO  FXGLApplication      - Game initialization took: 0,755 sec
18:32:59.457 [JavaFX Application Thread] DEBUG Input                - Clearing active input actions
18:32:59.470 [JavaFX Application Thread] DEBUG GameApplicationServi - Removing overlay from FXGLLoadingScene and adding to GameScene
18:32:59.471 [JavaFX Application Thread] DEBUG PrimaryStageWindow   - FXGLLoadingScene -> GameScene
18:33:00.375 [JavaFX Application Thread] DEBUG FXGLAssetLoaderServi - Loading from file system: file:/E:/OneDrive%20-%20Cape%20Peninsula%20University%20of%20Technology/Game%20Development/maze-game/target/classes/assets/textures/character-right.png
18:33:01.593 [FXGL Background Thread 3 ] DEBUG Engine               - Logging environment variables
18:33:01.593 [FXGL Background Thread 3 ] DEBUG Engine               - achievements: []
18:33:01.593 [FXGL Background Thread 3 ] DEBUG Engine               - actualHeight: 640.0
18:33:01.594 [FXGL Background Thread 3 ] DEBUG Engine               - actualHeightProperty: ReadOnlyDoubleProperty [value: 640.0]
18:33:01.594 [FXGL Background Thread 3 ] DEBUG Engine               - actualWidth: 800.0
18:33:01.594 [FXGL Background Thread 3 ] DEBUG Engine               - actualWidthProperty: ReadOnlyDoubleProperty [value: 800.0]
18:33:01.594 [FXGL Background Thread 3 ] DEBUG Engine               - appIcon: island-wall.png
18:33:01.594 [FXGL Background Thread 3 ] DEBUG Engine               - applicationMode: DEVELOPER
18:33:01.594 [FXGL Background Thread 3 ] DEBUG Engine               - cSSList: [fxgl_dark.css]
18:33:01.594 [FXGL Background Thread 3 ] DEBUG Engine               - collisionDetectionStrategy: BRUTE_FORCE
18:33:01.594 [FXGL Background Thread 3 ] DEBUG Engine               - configClass: Optional.empty
18:33:01.594 [FXGL Background Thread 3 ] DEBUG Engine               - credits: []
18:33:01.594 [FXGL Background Thread 3 ] DEBUG Engine               - defaultCursor: CursorInfo(imageName=fxgl_default_cursor.png, hotspotX=7.0, hotspotY=6.0)
18:33:01.595 [FXGL Background Thread 3 ] DEBUG Engine               - devBBoxColorProperty: ObjectProperty [value: 0xff0000ff]
18:33:01.595 [FXGL Background Thread 3 ] DEBUG Engine               - devEnableDebugCameraProperty: BooleanProperty [value: false]
18:33:01.595 [FXGL Background Thread 3 ] DEBUG Engine               - devSensorColorProperty: ObjectProperty [value: 0xffff00ff]
18:33:01.595 [FXGL Background Thread 3 ] DEBUG Engine               - devShowBBoxProperty: BooleanProperty [value: false]
18:33:01.595 [FXGL Background Thread 3 ] DEBUG Engine               - devShowPositionProperty: BooleanProperty [value: false]
18:33:01.595 [FXGL Background Thread 3 ] DEBUG Engine               - enabledMenuItems: []
18:33:01.595 [FXGL Background Thread 3 ] DEBUG Engine               - engineServices: [class com.almasb.fxgl.app.services.FXGLAssetLoaderService, class com.almasb.fxgl.app.FXGLApplication$GameApplicationService, class com.almasb.fxgl.app.services.FXGLDialogService, class com.almasb.fxgl.app.services.IOTaskExecutorService, class com.almasb.fxgl.io.FileSystemService, class com.almasb.fxgl.localization.LocalizationService, class com.almasb.fxgl.app.services.SystemBundleService, class com.almasb.fxgl.profile.SaveLoadService, class com.almasb.fxgl.ui.FXGLUIFactoryServiceProvider, class com.almasb.fxgl.ui.FXGLDialogFactoryServiceProvider, class com.almasb.fxgl.audio.AudioPlayer, class com.almasb.fxgl.notification.impl.NotificationServiceProvider, class com.almasb.fxgl.achievement.AchievementService, class com.almasb.fxgl.cutscene.CutsceneService, class com.almasb.fxgl.minigames.MiniGameService, class com.almasb.fxgl.net.NetService, class com.almasb.fxgl.app.services.UpdaterService, class com.almasb.fxgl.dev.DevService]
18:33:01.595 [FXGL Background Thread 3 ] DEBUG Engine               - fontGame: Abel-Regular.ttf
18:33:01.595 [FXGL Background Thread 3 ] DEBUG Engine               - fontMono: TerminalLandMono-Regular.otf
18:33:01.595 [FXGL Background Thread 3 ] DEBUG Engine               - fontSizeScaleUI: 1.0
18:33:01.595 [FXGL Background Thread 3 ] DEBUG Engine               - fontText: Courier-Prime.ttf
18:33:01.596 [FXGL Background Thread 3 ] DEBUG Engine               - fontUI: VarelaRound-Regular.ttf
18:33:01.596 [FXGL Background Thread 3 ] DEBUG Engine               - fullScreen: BooleanProperty [value: false]
18:33:01.596 [FXGL Background Thread 3 ] DEBUG Engine               - gameDifficulty: MEDIUM
18:33:01.596 [FXGL Background Thread 3 ] DEBUG Engine               - gameDifficultyProperty: ObjectProperty [value: MEDIUM]
18:33:01.596 [FXGL Background Thread 3 ] DEBUG Engine               - globalMusicVolume: 0.5
18:33:01.596 [FXGL Background Thread 3 ] DEBUG Engine               - globalMusicVolumeProperty: DoubleProperty [value: 0.5]
18:33:01.596 [FXGL Background Thread 3 ] DEBUG Engine               - globalSoundVolume: 0.5
18:33:01.596 [FXGL Background Thread 3 ] DEBUG Engine               - globalSoundVolumeProperty: DoubleProperty [value: 0.5]
18:33:01.596 [FXGL Background Thread 3 ] DEBUG Engine               - height: 640
18:33:01.596 [FXGL Background Thread 3 ] DEBUG Engine               - is3D: false
18:33:01.596 [FXGL Background Thread 3 ] DEBUG Engine               - isAndroid: false
18:33:01.596 [FXGL Background Thread 3 ] DEBUG Engine               - isBrowser: false
18:33:01.596 [FXGL Background Thread 3 ] DEBUG Engine               - isClickFeedbackEnabled: false
18:33:01.596 [FXGL Background Thread 3 ] DEBUG Engine               - isCloseConfirmation: false
18:33:01.597 [FXGL Background Thread 3 ] DEBUG Engine               - isDesktop: true
18:33:01.597 [FXGL Background Thread 3 ] DEBUG Engine               - isDeveloperMenuEnabled: false
18:33:01.597 [FXGL Background Thread 3 ] DEBUG Engine               - isEmbedded: false
18:33:01.597 [FXGL Background Thread 3 ] DEBUG Engine               - isEntityPreloadEnabled: true
18:33:01.597 [FXGL Background Thread 3 ] DEBUG Engine               - isExperimentalTiledLargeMap: false
18:33:01.597 [FXGL Background Thread 3 ] DEBUG Engine               - isFileSystemWriteAllowed: true
18:33:01.597 [FXGL Background Thread 3 ] DEBUG Engine               - isFullScreenAllowed: false
18:33:01.597 [FXGL Background Thread 3 ] DEBUG Engine               - isFullScreenFromStart: false
18:33:01.597 [FXGL Background Thread 3 ] DEBUG Engine               - isGameMenuEnabled: false
18:33:01.598 [FXGL Background Thread 3 ] DEBUG Engine               - isIOS: false
18:33:01.598 [FXGL Background Thread 3 ] DEBUG Engine               - isIntroEnabled: false
18:33:01.598 [FXGL Background Thread 3 ] DEBUG Engine               - isLinux: false
18:33:01.598 [FXGL Background Thread 3 ] DEBUG Engine               - isMac: false
18:33:01.598 [FXGL Background Thread 3 ] DEBUG Engine               - isMainMenuEnabled: false
18:33:01.598 [FXGL Background Thread 3 ] DEBUG Engine               - isManualResizeEnabled: false
18:33:01.598 [FXGL Background Thread 3 ] DEBUG Engine               - isMobile: false
18:33:01.598 [FXGL Background Thread 3 ] DEBUG Engine               - isNative: false
18:33:01.598 [FXGL Background Thread 3 ] DEBUG Engine               - isPauseMusicWhenMinimized: true
18:33:01.598 [FXGL Background Thread 3 ] DEBUG Engine               - isPreserveResizeRatio: false
18:33:01.598 [FXGL Background Thread 3 ] DEBUG Engine               - isProfilingEnabled: false
18:33:01.598 [FXGL Background Thread 3 ] DEBUG Engine               - isScaleAffectedOnResize: true
18:33:01.598 [FXGL Background Thread 3 ] DEBUG Engine               - isSingleStep: false
18:33:01.598 [FXGL Background Thread 3 ] DEBUG Engine               - isUserProfileEnabled: false
18:33:01.599 [FXGL Background Thread 3 ] DEBUG Engine               - isWindows: true
18:33:01.599 [FXGL Background Thread 3 ] DEBUG Engine               - language: ObjectProperty [value: ENGLISH]
18:33:01.599 [FXGL Background Thread 3 ] DEBUG Engine               - menuKey: ESCAPE
18:33:01.599 [FXGL Background Thread 3 ] DEBUG Engine               - mouseSensitivity: 0.2
18:33:01.599 [FXGL Background Thread 3 ] DEBUG Engine               - notificationViewClass: class com.almasb.fxgl.notification.view.XboxNotificationView
18:33:01.599 [FXGL Background Thread 3 ] DEBUG Engine               - pixelsPerMeter: 50.0
18:33:01.599 [FXGL Background Thread 3 ] DEBUG Engine               - platform: WINDOWS
18:33:01.599 [FXGL Background Thread 3 ] DEBUG Engine               - prefHeightProperty: ReadOnlyDoubleProperty [value: 640.0]
18:33:01.599 [FXGL Background Thread 3 ] DEBUG Engine               - prefWidthProperty: ReadOnlyDoubleProperty [value: 800.0]
18:33:01.599 [FXGL Background Thread 3 ] DEBUG Engine               - profileDir: profiles/
18:33:01.599 [FXGL Background Thread 3 ] DEBUG Engine               - profileName: StringProperty [value: DEFAULT]
18:33:01.599 [FXGL Background Thread 3 ] DEBUG Engine               - randomSeed: -1
18:33:01.600 [FXGL Background Thread 3 ] DEBUG Engine               - runtimeInfo: RuntimeInfo(platform=WINDOWS, version=17.3, build=30.03.2023 11.49)
18:33:01.600 [FXGL Background Thread 3 ] DEBUG Engine               - saveFileExt: sav
18:33:01.600 [FXGL Background Thread 3 ] DEBUG Engine               - scaledHeightProp$fxgl: DoubleProperty [bound, value: 640.0]
18:33:01.600 [FXGL Background Thread 3 ] DEBUG Engine               - scaledWidthProp$fxgl: DoubleProperty [bound, value: 800.0]
18:33:01.600 [FXGL Background Thread 3 ] DEBUG Engine               - sceneFactory: com.almasb.fxgl.app.scene.SceneFactory@3966755
18:33:01.600 [FXGL Background Thread 3 ] DEBUG Engine               - secondsIn24h: 60
18:33:01.600 [FXGL Background Thread 3 ] DEBUG Engine               - soundMenuBack: menu/back.wav
18:33:01.600 [FXGL Background Thread 3 ] DEBUG Engine               - soundMenuPress: menu/press.wav
18:33:01.600 [FXGL Background Thread 3 ] DEBUG Engine               - soundMenuSelect: menu/select.wav
18:33:01.600 [FXGL Background Thread 3 ] DEBUG Engine               - soundNotification: core/notification.wav
18:33:01.600 [FXGL Background Thread 3 ] DEBUG Engine               - stageStyle: DECORATED
18:33:01.601 [FXGL Background Thread 3 ] DEBUG Engine               - supportedLanguages: [ENGLISH, FRENCH, GERMAN, HUNGARIAN, RUSSIAN]
18:33:01.601 [FXGL Background Thread 3 ] DEBUG Engine               - ticksPerSecond: -1
18:33:01.601 [FXGL Background Thread 3 ] DEBUG Engine               - title: a-Mazed
18:33:01.601 [FXGL Background Thread 3 ] DEBUG Engine               - urlGithub: https://github.com/AlmasB/FXGL
18:33:01.601 [FXGL Background Thread 3 ] DEBUG Engine               - urlLeaderboard: http://fxgl-top.herokuapp.com/
18:33:01.601 [FXGL Background Thread 3 ] DEBUG Engine               - urlPOM: https://raw.githubusercontent.com/AlmasB/FXGL/release/README.md
18:33:01.601 [FXGL Background Thread 3 ] DEBUG Engine               - userAppClass: class lylesmal.openworldgame.MapApplication
18:33:01.601 [FXGL Background Thread 3 ] DEBUG Engine               - version: 1.0
18:33:01.601 [FXGL Background Thread 3 ] DEBUG Engine               - versionCheckDays: 7
18:33:01.601 [FXGL Background Thread 3 ] DEBUG Engine               - width: 800
18:33:01.601 [FXGL Background Thread 3 ] DEBUG Engine               - Logging services
18:33:01.601 [FXGL Background Thread 3 ] DEBUG Engine               - class com.almasb.fxgl.app.services.FXGLAssetLoaderService
18:33:01.602 [FXGL Background Thread 3 ] DEBUG Engine               - class com.almasb.fxgl.app.FXGLApplication$GameApplicationService
18:33:01.602 [FXGL Background Thread 3 ] DEBUG Engine               - class com.almasb.fxgl.app.services.FXGLDialogService
18:33:01.602 [FXGL Background Thread 3 ] DEBUG Engine               - class com.almasb.fxgl.app.services.IOTaskExecutorService
18:33:01.602 [FXGL Background Thread 3 ] DEBUG Engine               - class com.almasb.fxgl.io.FileSystemService
18:33:01.602 [FXGL Background Thread 3 ] DEBUG Engine               - class com.almasb.fxgl.localization.LocalizationService
18:33:01.602 [FXGL Background Thread 3 ] DEBUG Engine               - class com.almasb.fxgl.app.services.SystemBundleService
18:33:01.602 [FXGL Background Thread 3 ] DEBUG Engine               - class com.almasb.fxgl.profile.SaveLoadService
18:33:01.602 [FXGL Background Thread 3 ] DEBUG Engine               - class com.almasb.fxgl.ui.FXGLUIFactoryServiceProvider
18:33:01.602 [FXGL Background Thread 3 ] DEBUG Engine               - class com.almasb.fxgl.ui.FXGLDialogFactoryServiceProvider
18:33:01.602 [FXGL Background Thread 3 ] DEBUG Engine               - class com.almasb.fxgl.audio.AudioPlayer
18:33:01.602 [FXGL Background Thread 3 ] DEBUG Engine               - class com.almasb.fxgl.notification.impl.NotificationServiceProvider
18:33:01.602 [FXGL Background Thread 3 ] DEBUG Engine               - class com.almasb.fxgl.achievement.AchievementService
18:33:01.602 [FXGL Background Thread 3 ] DEBUG Engine               - class com.almasb.fxgl.cutscene.CutsceneService
18:33:01.602 [FXGL Background Thread 3 ] DEBUG Engine               - class com.almasb.fxgl.minigames.MiniGameService
18:33:01.602 [FXGL Background Thread 3 ] DEBUG Engine               - class com.almasb.fxgl.net.NetService
18:33:01.602 [FXGL Background Thread 3 ] DEBUG Engine               - class com.almasb.fxgl.app.services.UpdaterService
18:33:01.602 [FXGL Background Thread 3 ] DEBUG Engine               - class com.almasb.fxgl.dev.DevService
18:33:02.453 [JavaFX Application Thread] DEBUG FXGLAssetLoaderServi - Loading from file system: file:/E:/OneDrive%20-%20Cape%20Peninsula%20University%20of%20Technology/Game%20Development/maze-game/target/classes/assets/textures/character-down.png
18:33:06.085 [JavaFX Application Thread] DEBUG FXGLAssetLoaderServi - Loading from file system: file:/E:/OneDrive%20-%20Cape%20Peninsula%20University%20of%20Technology/Game%20Development/maze-game/target/classes/assets/textures/character-left.png
18:33:06.549 [JavaFX Application Thread] DEBUG FXGLAssetLoaderServi - Loading from file system: file:/E:/OneDrive%20-%20Cape%20Peninsula%20University%20of%20Technology/Game%20Development/maze-game/target/classes/assets/textures/character-up.png
18:33:07.334 [JavaFX Application Thread] DEBUG FXGLAssetLoaderServi - Loading from file system: file:/E:/OneDrive%20-%20Cape%20Peninsula%20University%20of%20Technology/Game%20Development/maze-game/target/classes/assets/textures/loot.png
18:33:34.613 [JavaFX Application Thread] DEBUG FXGLAssetLoaderServi - Loading from file system: file:/E:/OneDrive%20-%20Cape%20Peninsula%20University%20of%20Technology/Game%20Development/maze-game/target/classes/assets/sounds/loot-pick-up.wav
18:33:41.360 [JavaFX Application Thread] DEBUG FXGLAssetLoaderServi - Loading from file system: file:/E:/OneDrive%20-%20Cape%20Peninsula%20University%20of%20Technology/Game%20Development/maze-game/target/classes/assets/sounds/brick.wav
18:33:41.378 [JavaFX Application Thread] DEBUG FXGLAssetLoaderServi - Loading from file system: file:/E:/OneDrive%20-%20Cape%20Peninsula%20University%20of%20Technology/Game%20Development/maze-game/target/classes/assets/textures/brick.png
18:33:54.605 [JavaFX Application Thread] DEBUG FXGLAssetLoaderServi - Loading from file system: file:/E:/OneDrive%20-%20Cape%20Peninsula%20University%20of%20Technology/Game%20Development/maze-game/target/classes/assets/textures/fence-vertical.png
18:33:59.520 [JavaFX Application Thread] DEBUG FXGLAssetLoaderServi - Loading from file system: file:/E:/OneDrive%20-%20Cape%20Peninsula%20University%20of%20Technology/Game%20Development/maze-game/target/classes/assets/textures/fence-horizontal.png
18:35:46.735 [JavaFX Application Thread] DEBUG FXGLApplication      - Exiting FXGL
18:35:46.736 [JavaFX Application Thread] DEBUG LoopRunner           - Stopping loop
18:35:46.736 [JavaFX Application Thread] DEBUG SystemBundleService  - Saving FXGL system data
18:35:46.757 [JavaFX Application Thread] DEBUG FileSystemAccess     - Writing to: E:\OneDrive - Cape Peninsula University of Technology\Game Development\maze-game\system\fxgl.bundle
18:35:46.761 [JavaFX Application Thread] DEBUG Async                - Shutting down background threads
18:35:46.761 [JavaFX Application Thread] DEBUG PrimaryStageWindow   - Closing main window
18:35:46.771 [JavaFX Application Thread] DEBUG Logger               - Closing Logger
