10:46:51.070 [AWT-EventQueue-0         ] DEBUG Logger               - Configured Logger
10:46:51.086 [AWT-EventQueue-0         ] DEBUG GameApplication      - Logging settings
Title: a-Mazed
Version: 1.0
Width: 800
Height: 640
Fullscreen: false
Intro: false
Profiling: false
Single step:false
App Mode: DEVELOPER
Menu Key: ESCAPE
Stage Style: DECORATED
Scene Factory: class com.almasb.fxgl.app.scene.SceneFactory

10:46:51.217 [JavaFX Application Thread] DEBUG FXGLApplication      - Initializing FXGL
10:46:51.222 [JavaFX Application Thread] INFO  Engine               - FXGL-17.3 (30.03.2023 11.49) on WINDOWS (J:21.0.7 FX:21)
10:46:51.223 [JavaFX Application Thread] DEBUG Engine               - JRE Vendor Name: Microsoft
10:46:51.223 [JavaFX Application Thread] DEBUG Engine               - Running on OS: Windows 10 version 10.0
10:46:51.223 [JavaFX Application Thread] DEBUG Engine               - Architecture: amd64
10:46:51.223 [JavaFX Application Thread] INFO  Engine               - Source code and latest versions at: https://github.com/AlmasB/FXGL
10:46:51.224 [JavaFX Application Thread] INFO  Engine               -       Ask questions and discuss at: https://github.com/AlmasB/FXGL/discussions
10:46:51.224 [JavaFX Application Thread] INFO  Engine               -              Join the FXGL chat at: https://gitter.im/AlmasB/FXGL
10:46:51.348 [JavaFX Application Thread] DEBUG PrimaryStageWindow   - Creating a JavaFX scene
10:46:51.394 [JavaFX Application Thread] DEBUG PrimaryStageWindow   - Target settings size: 800.0 x 640.0
10:46:51.394 [JavaFX Application Thread] DEBUG PrimaryStageWindow   - Scaled scene size:    800.0 x 640.0
10:46:51.394 [JavaFX Application Thread] DEBUG PrimaryStageWindow   - Scaled ratio: (1.0, 1.0)
10:46:51.396 [JavaFX Application Thread] DEBUG PrimaryStageWindow   - Set initial scene to FXGLStartupScene
10:46:51.399 [JavaFX Application Thread] DEBUG PrimaryStageWindow   - Opening main window
10:46:51.544 [JavaFX Application Thread] DEBUG PrimaryStageWindow   - Window border size: (14.4000244140625, 37.5999755859375)
10:46:51.546 [JavaFX Application Thread] DEBUG PrimaryStageWindow   - Scaled size: 800.0 x 640.0
10:46:51.547 [JavaFX Application Thread] DEBUG PrimaryStageWindow   - Scaled ratio: (1.0, 1.0)
10:46:51.547 [JavaFX Application Thread] DEBUG PrimaryStageWindow   - Scene size: 800.0 x 640.0
10:46:51.547 [JavaFX Application Thread] DEBUG PrimaryStageWindow   - Stage size: 814.4000244140625 x 677.5999755859375
10:46:51.558 [FXGL Background Thread 1 ] DEBUG Engine               - Initializing environment variables
10:46:51.644 [FXGL Background Thread 1 ] DEBUG FXGLAssetLoaderServi - User app class for loading assets: class lylesmal.openworldgame.MapApplication
10:46:51.644 [FXGL Background Thread 1 ] DEBUG GameApplicationServi - Applying CSS: fxgl_dark.css
10:46:51.645 [FXGL Background Thread 1 ] DEBUG FXGLAssetLoaderServi - Loading from file system: jar:file:///C:/Users/prodb/.m2/repository/com/github/almasb/fxgl/17.3/fxgl-17.3.jar!/fxglassets/ui/css/fxgl_dark.css
10:46:51.705 [FXGL Background Thread 1 ] DEBUG GameApplicationServi - Initializing application scenes
10:46:51.769 [FXGL Background Thread 1 ] DEBUG GameWorld            - Game world initialized
10:46:51.957 [FXGL Background Thread 1 ] DEBUG PhysicsWorld         - Physics world initialized: appHeight=640, physics.ppm=50,0
10:46:51.957 [FXGL Background Thread 1 ] DEBUG PhysicsWorld         - Using strategy: BRUTE_FORCE
10:46:51.961 [FXGL Background Thread 1 ] DEBUG GameScene            - Game scene initialized: 800x640
10:46:51.961 [FXGL Background Thread 1 ] DEBUG GameApplicationServi - Application scenes initialized
10:46:51.989 [FXGL Background Thread 1 ] DEBUG SystemBundleService  - Loading FXGL system data
10:46:52.013 [FXGL Background Thread 1 ] DEBUG FileSystemAccess     - Reading from: E:\OneDrive - Cape Peninsula University of Technology\Game Development\maze-game\system\fxgl.bundle
10:46:52.027 [FXGL Background Thread 1 ] DEBUG SystemBundleService  - Bundle FXGL: {}
10:46:52.028 [FXGL Background Thread 1 ] DEBUG UpdaterService       - Checking for updates
10:46:52.034 [FXGL Background Thread 1 ] DEBUG FXGLApplication      - Loading default localization
10:46:52.035 [FXGL Background Thread 1 ] DEBUG FXGLAssetLoaderServi - Loading from file system: jar:file:///C:/Users/prodb/.m2/repository/com/github/almasb/fxgl/17.3/fxgl-17.3.jar!/fxglassets/languages/english.lang
10:46:52.056 [FXGL Background Thread 1 ] INFO  FXGLApplication      - FXGL initialization took: 0,499 sec
10:46:52.068 [JavaFX Application Thread] DEBUG Input                - Registered new binding: player-move-up - Up
10:46:52.069 [JavaFX Application Thread] DEBUG Input                - Registered new binding: player-move-down - Down
10:46:52.069 [JavaFX Application Thread] DEBUG Input                - Registered new binding: player-move-left - Left
10:46:52.069 [JavaFX Application Thread] DEBUG Input                - Registered new binding: player-move-right - Right
10:46:52.069 [JavaFX Application Thread] DEBUG Input                - Registered new binding: player-jump - Space
10:46:52.069 [JavaFX Application Thread] DEBUG Input                - Registered new binding: player-spawns-brick - W
10:46:52.069 [JavaFX Application Thread] DEBUG Input                - Registered new binding: player-spawns-flag - F
10:46:52.070 [JavaFX Application Thread] DEBUG Input                - Registered new binding: player-spawns-fence-vertical - V
10:46:52.070 [JavaFX Application Thread] DEBUG Input                - Registered new binding: player-spawns-fence-horizontal - H
10:46:52.070 [JavaFX Application Thread] DEBUG Input                - Registered new binding: player-plants - P
10:46:52.070 [JavaFX Application Thread] DEBUG Input                - Registered new binding: player-spawns-cannon - C
10:46:52.071 [JavaFX Application Thread] DEBUG FXGLAssetLoaderServi - Loading from file system: file:/E:/OneDrive%20-%20Cape%20Peninsula%20University%20of%20Technology/Game%20Development/maze-game/target/classes/assets/textures/island-wall.png
10:46:52.107 [JavaFX Application Thread] DEBUG FXGLAssetLoaderServi - Loading from file system: jar:file:///C:/Users/prodb/.m2/repository/com/github/almasb/fxgl/17.3/fxgl-17.3.jar!/fxglassets/textures/fxgl_default_cursor.png
10:46:52.110 [JavaFX Application Thread] DEBUG Input                - Registered new binding: Screenshot - CTRL+8
10:46:52.111 [JavaFX Application Thread] DEBUG Input                - Registered new binding: System info dump - CTRL+9
10:46:52.111 [JavaFX Application Thread] DEBUG Input                - Registered new binding: Restart - CTRL+R
10:46:52.112 [JavaFX Application Thread] DEBUG Input                - Registered new binding: Toggle Debug Camera - CTRL+7
10:46:52.115 [JavaFX Application Thread] DEBUG LoopRunner           - Starting loop
10:46:52.115 [JavaFX Application Thread] DEBUG LoopRunner           - Initializing JavaFX AnimationTimerLoop
10:46:52.117 [JavaFX Application Thread] DEBUG GameApplicationServi - Starting new game
10:46:52.118 [JavaFX Application Thread] DEBUG Input                - Clearing active input actions
10:46:52.130 [JavaFX Application Thread] DEBUG GameApplicationServi - Removing overlay from FXGLStartupScene and adding to FXGLLoadingScene
10:46:52.130 [JavaFX Application Thread] DEBUG PrimaryStageWindow   - FXGLStartupScene -> FXGLLoadingScene
10:46:52.131 [JavaFX Application Thread] DEBUG GameApplicationServi - Clearing previous game
10:46:52.131 [JavaFX Application Thread] DEBUG GameScene            - Clearing game scene
10:46:52.131 [JavaFX Application Thread] DEBUG GameWorld            - Clearing game world
10:46:52.131 [JavaFX Application Thread] DEBUG PhysicsWorld         - Clearing physics world
10:46:52.133 [FXGL Background Thread 1 ] DEBUG FXGLApplication      - Initializing game
10:46:52.137 [FXGL Background Thread 1 ] DEBUG FXGLAssetLoaderServi - Loading from file system: file:/E:/OneDrive%20-%20Cape%20Peninsula%20University%20of%20Technology/Game%20Development/maze-game/target/classes/assets/music/game-music.mp3
10:46:52.199 [FXGL Background Thread 4 ] DEBUG FXGLApplication      - Loading fonts
10:46:52.200 [FXGL Background Thread 4 ] DEBUG FXGLAssetLoaderServi - Loading from file system: jar:file:///C:/Users/prodb/.m2/repository/com/github/almasb/fxgl/17.3/fxgl-17.3.jar!/fxglassets/ui/fonts/VarelaRound-Regular.ttf
10:46:52.337 [FXGL Background Thread 4 ] DEBUG FXGLAssetLoaderServi - Loading from file system: jar:file:///C:/Users/prodb/.m2/repository/com/github/almasb/fxgl/17.3/fxgl-17.3.jar!/fxglassets/ui/fonts/Abel-Regular.ttf
10:46:52.351 [FXGL Background Thread 4 ] DEBUG FXGLAssetLoaderServi - Loading from file system: jar:file:///C:/Users/prodb/.m2/repository/com/github/almasb/fxgl/17.3/fxgl-17.3.jar!/fxglassets/ui/fonts/TerminalLandMono-Regular.otf
10:46:52.365 [FXGL Background Thread 4 ] DEBUG FXGLAssetLoaderServi - Loading from file system: jar:file:///C:/Users/prodb/.m2/repository/com/github/almasb/fxgl/17.3/fxgl-17.3.jar!/fxglassets/ui/fonts/Courier-Prime.ttf
10:46:52.470 [JavaFX Application Thread] DEBUG FXGLApplication      - Registering font factories with UI factory
10:46:52.624 [FXGL Background Thread 1 ] DEBUG AudioPlayer          - Playing music com.almasb.fxgl.audio.Music@779dfec0
10:46:52.636 [FXGL Background Thread 1 ] DEBUG FXGLAssetLoaderServi - Loading from file system: file:/E:/OneDrive%20-%20Cape%20Peninsula%20University%20of%20Technology/Game%20Development/maze-game/target/classes/assets/textures/map.png
10:46:52.762 [FXGL Background Thread 1 ] DEBUG FXGLAssetLoaderServi - Loading from file system: file:/E:/OneDrive%20-%20Cape%20Peninsula%20University%20of%20Technology/Game%20Development/maze-game/target/classes/assets/textures/left-border.png
10:46:52.809 [FXGL Background Thread 1 ] DEBUG FXGLAssetLoaderServi - Loading from file system: file:/E:/OneDrive%20-%20Cape%20Peninsula%20University%20of%20Technology/Game%20Development/maze-game/target/classes/assets/textures/right-border.png
10:46:52.836 [FXGL Background Thread 1 ] DEBUG FXGLAssetLoaderServi - Loading from file system: file:/E:/OneDrive%20-%20Cape%20Peninsula%20University%20of%20Technology/Game%20Development/maze-game/target/classes/assets/textures/bottom-top-border.png
10:46:52.852 [FXGL Background Thread 1 ] DEBUG FXGLAssetLoaderServi - Loading from file system: file:/E:/OneDrive%20-%20Cape%20Peninsula%20University%20of%20Technology/Game%20Development/maze-game/target/classes/assets/textures/wall.png
10:46:52.864 [FXGL Background Thread 1 ] DEBUG FXGLAssetLoaderServi - Loading from file system: file:/E:/OneDrive%20-%20Cape%20Peninsula%20University%20of%20Technology/Game%20Development/maze-game/target/classes/assets/textures/wall-2.png
10:46:52.881 [FXGL Background Thread 1 ] DEBUG FXGLAssetLoaderServi - Loading from file system: file:/E:/OneDrive%20-%20Cape%20Peninsula%20University%20of%20Technology/Game%20Development/maze-game/target/classes/assets/textures/wall-1.png
10:46:52.898 [FXGL Background Thread 1 ] DEBUG FXGLAssetLoaderServi - Loading from file system: file:/E:/OneDrive%20-%20Cape%20Peninsula%20University%20of%20Technology/Game%20Development/maze-game/target/classes/assets/textures/water-fountain.png
10:46:52.977 [FXGL Background Thread 1 ] DEBUG FXGLAssetLoaderServi - Loading from file system: file:/E:/OneDrive%20-%20Cape%20Peninsula%20University%20of%20Technology/Game%20Development/maze-game/target/classes/assets/textures/pond.png
10:46:53.001 [FXGL Background Thread 1 ] DEBUG FXGLAssetLoaderServi - Loading from file system: file:/E:/OneDrive%20-%20Cape%20Peninsula%20University%20of%20Technology/Game%20Development/maze-game/target/classes/assets/textures/waves.png
10:46:53.050 [FXGL Background Thread 1 ] DEBUG FXGLAssetLoaderServi - Loading from file system: file:/E:/OneDrive%20-%20Cape%20Peninsula%20University%20of%20Technology/Game%20Development/maze-game/target/classes/assets/textures/no-waves.png
10:46:53.078 [FXGL Background Thread 1 ] DEBUG FXGLAssetLoaderServi - Loading from file system: file:/E:/OneDrive%20-%20Cape%20Peninsula%20University%20of%20Technology/Game%20Development/maze-game/target/classes/assets/textures/character.png
10:46:53.095 [FXGL Background Thread 1 ] INFO  FXGLApplication      - Game initialization took: 0,962 sec
10:46:53.212 [JavaFX Application Thread] DEBUG Input                - Clearing active input actions
10:46:53.231 [JavaFX Application Thread] DEBUG GameApplicationServi - Removing overlay from FXGLLoadingScene and adding to GameScene
10:46:53.231 [JavaFX Application Thread] DEBUG PrimaryStageWindow   - FXGLLoadingScene -> GameScene
10:46:54.751 [FXGL Background Thread 2 ] INFO  UpdaterService       - Your current version:  17.3
10:46:54.752 [FXGL Background Thread 2 ] INFO  UpdaterService       - Latest stable version: 25
10:46:55.033 [FXGL Background Thread 3 ] DEBUG Engine               - Logging environment variables
10:46:55.033 [FXGL Background Thread 3 ] DEBUG Engine               - achievements: []
10:46:55.033 [FXGL Background Thread 3 ] DEBUG Engine               - actualHeight: 640.0
10:46:55.034 [FXGL Background Thread 3 ] DEBUG Engine               - actualHeightProperty: ReadOnlyDoubleProperty [value: 640.0]
10:46:55.034 [FXGL Background Thread 3 ] DEBUG Engine               - actualWidth: 800.0
10:46:55.034 [FXGL Background Thread 3 ] DEBUG Engine               - actualWidthProperty: ReadOnlyDoubleProperty [value: 800.0]
10:46:55.034 [FXGL Background Thread 3 ] DEBUG Engine               - appIcon: island-wall.png
10:46:55.034 [FXGL Background Thread 3 ] DEBUG Engine               - applicationMode: DEVELOPER
10:46:55.034 [FXGL Background Thread 3 ] DEBUG Engine               - cSSList: [fxgl_dark.css]
10:46:55.034 [FXGL Background Thread 3 ] DEBUG Engine               - collisionDetectionStrategy: BRUTE_FORCE
10:46:55.034 [FXGL Background Thread 3 ] DEBUG Engine               - configClass: Optional.empty
10:46:55.034 [FXGL Background Thread 3 ] DEBUG Engine               - credits: []
10:46:55.034 [FXGL Background Thread 3 ] DEBUG Engine               - defaultCursor: CursorInfo(imageName=fxgl_default_cursor.png, hotspotX=7.0, hotspotY=6.0)
10:46:55.035 [FXGL Background Thread 3 ] DEBUG Engine               - devBBoxColorProperty: ObjectProperty [value: 0xff0000ff]
10:46:55.035 [FXGL Background Thread 3 ] DEBUG Engine               - devEnableDebugCameraProperty: BooleanProperty [value: false]
10:46:55.035 [FXGL Background Thread 3 ] DEBUG Engine               - devSensorColorProperty: ObjectProperty [value: 0xffff00ff]
10:46:55.035 [FXGL Background Thread 3 ] DEBUG Engine               - devShowBBoxProperty: BooleanProperty [value: false]
10:46:55.035 [FXGL Background Thread 3 ] DEBUG Engine               - devShowPositionProperty: BooleanProperty [value: false]
10:46:55.035 [FXGL Background Thread 3 ] DEBUG Engine               - enabledMenuItems: []
10:46:55.035 [FXGL Background Thread 3 ] DEBUG Engine               - engineServices: [class com.almasb.fxgl.app.services.FXGLAssetLoaderService, class com.almasb.fxgl.app.FXGLApplication$GameApplicationService, class com.almasb.fxgl.app.services.FXGLDialogService, class com.almasb.fxgl.app.services.IOTaskExecutorService, class com.almasb.fxgl.io.FileSystemService, class com.almasb.fxgl.localization.LocalizationService, class com.almasb.fxgl.app.services.SystemBundleService, class com.almasb.fxgl.profile.SaveLoadService, class com.almasb.fxgl.ui.FXGLUIFactoryServiceProvider, class com.almasb.fxgl.ui.FXGLDialogFactoryServiceProvider, class com.almasb.fxgl.audio.AudioPlayer, class com.almasb.fxgl.notification.impl.NotificationServiceProvider, class com.almasb.fxgl.achievement.AchievementService, class com.almasb.fxgl.cutscene.CutsceneService, class com.almasb.fxgl.minigames.MiniGameService, class com.almasb.fxgl.net.NetService, class com.almasb.fxgl.app.services.UpdaterService, class com.almasb.fxgl.dev.DevService]
10:46:55.035 [FXGL Background Thread 3 ] DEBUG Engine               - fontGame: Abel-Regular.ttf
10:46:55.035 [FXGL Background Thread 3 ] DEBUG Engine               - fontMono: TerminalLandMono-Regular.otf
10:46:55.035 [FXGL Background Thread 3 ] DEBUG Engine               - fontSizeScaleUI: 1.0
10:46:55.035 [FXGL Background Thread 3 ] DEBUG Engine               - fontText: Courier-Prime.ttf
10:46:55.035 [FXGL Background Thread 3 ] DEBUG Engine               - fontUI: VarelaRound-Regular.ttf
10:46:55.035 [FXGL Background Thread 3 ] DEBUG Engine               - fullScreen: BooleanProperty [value: false]
10:46:55.036 [FXGL Background Thread 3 ] DEBUG Engine               - gameDifficulty: MEDIUM
10:46:55.036 [FXGL Background Thread 3 ] DEBUG Engine               - gameDifficultyProperty: ObjectProperty [value: MEDIUM]
10:46:55.036 [FXGL Background Thread 3 ] DEBUG Engine               - globalMusicVolume: 0.5
10:46:55.036 [FXGL Background Thread 3 ] DEBUG Engine               - globalMusicVolumeProperty: DoubleProperty [value: 0.5]
10:46:55.036 [FXGL Background Thread 3 ] DEBUG Engine               - globalSoundVolume: 0.5
10:46:55.036 [FXGL Background Thread 3 ] DEBUG Engine               - globalSoundVolumeProperty: DoubleProperty [value: 0.5]
10:46:55.036 [FXGL Background Thread 3 ] DEBUG Engine               - height: 640
10:46:55.036 [FXGL Background Thread 3 ] DEBUG Engine               - is3D: false
10:46:55.036 [FXGL Background Thread 3 ] DEBUG Engine               - isAndroid: false
10:46:55.036 [FXGL Background Thread 3 ] DEBUG Engine               - isBrowser: false
10:46:55.036 [FXGL Background Thread 3 ] DEBUG Engine               - isClickFeedbackEnabled: false
10:46:55.036 [FXGL Background Thread 3 ] DEBUG Engine               - isCloseConfirmation: false
10:46:55.037 [FXGL Background Thread 3 ] DEBUG Engine               - isDesktop: true
10:46:55.037 [FXGL Background Thread 3 ] DEBUG Engine               - isDeveloperMenuEnabled: false
10:46:55.037 [FXGL Background Thread 3 ] DEBUG Engine               - isEmbedded: false
10:46:55.037 [FXGL Background Thread 3 ] DEBUG Engine               - isEntityPreloadEnabled: true
10:46:55.037 [FXGL Background Thread 3 ] DEBUG Engine               - isExperimentalTiledLargeMap: false
10:46:55.037 [FXGL Background Thread 3 ] DEBUG Engine               - isFileSystemWriteAllowed: true
10:46:55.037 [FXGL Background Thread 3 ] DEBUG Engine               - isFullScreenAllowed: false
10:46:55.037 [FXGL Background Thread 3 ] DEBUG Engine               - isFullScreenFromStart: false
10:46:55.037 [FXGL Background Thread 3 ] DEBUG Engine               - isGameMenuEnabled: false
10:46:55.037 [FXGL Background Thread 3 ] DEBUG Engine               - isIOS: false
10:46:55.037 [FXGL Background Thread 3 ] DEBUG Engine               - isIntroEnabled: false
10:46:55.037 [FXGL Background Thread 3 ] DEBUG Engine               - isLinux: false
10:46:55.037 [FXGL Background Thread 3 ] DEBUG Engine               - isMac: false
10:46:55.037 [FXGL Background Thread 3 ] DEBUG Engine               - isMainMenuEnabled: false
10:46:55.037 [FXGL Background Thread 3 ] DEBUG Engine               - isManualResizeEnabled: false
10:46:55.037 [FXGL Background Thread 3 ] DEBUG Engine               - isMobile: false
10:46:55.038 [FXGL Background Thread 3 ] DEBUG Engine               - isNative: false
10:46:55.038 [FXGL Background Thread 3 ] DEBUG Engine               - isPauseMusicWhenMinimized: true
10:46:55.038 [FXGL Background Thread 3 ] DEBUG Engine               - isPreserveResizeRatio: false
10:46:55.038 [FXGL Background Thread 3 ] DEBUG Engine               - isProfilingEnabled: false
10:46:55.038 [FXGL Background Thread 3 ] DEBUG Engine               - isScaleAffectedOnResize: true
10:46:55.038 [FXGL Background Thread 3 ] DEBUG Engine               - isSingleStep: false
10:46:55.038 [FXGL Background Thread 3 ] DEBUG Engine               - isUserProfileEnabled: false
10:46:55.038 [FXGL Background Thread 3 ] DEBUG Engine               - isWindows: true
10:46:55.038 [FXGL Background Thread 3 ] DEBUG Engine               - language: ObjectProperty [value: ENGLISH]
10:46:55.038 [FXGL Background Thread 3 ] DEBUG Engine               - menuKey: ESCAPE
10:46:55.038 [FXGL Background Thread 3 ] DEBUG Engine               - mouseSensitivity: 0.2
10:46:55.038 [FXGL Background Thread 3 ] DEBUG Engine               - notificationViewClass: class com.almasb.fxgl.notification.view.XboxNotificationView
10:46:55.038 [FXGL Background Thread 3 ] DEBUG Engine               - pixelsPerMeter: 50.0
10:46:55.038 [FXGL Background Thread 3 ] DEBUG Engine               - platform: WINDOWS
10:46:55.039 [FXGL Background Thread 3 ] DEBUG Engine               - prefHeightProperty: ReadOnlyDoubleProperty [value: 640.0]
10:46:55.039 [FXGL Background Thread 3 ] DEBUG Engine               - prefWidthProperty: ReadOnlyDoubleProperty [value: 800.0]
10:46:55.039 [FXGL Background Thread 3 ] DEBUG Engine               - profileDir: profiles/
10:46:55.039 [FXGL Background Thread 3 ] DEBUG Engine               - profileName: StringProperty [value: DEFAULT]
10:46:55.039 [FXGL Background Thread 3 ] DEBUG Engine               - randomSeed: -1
10:46:55.039 [FXGL Background Thread 3 ] DEBUG Engine               - runtimeInfo: RuntimeInfo(platform=WINDOWS, version=17.3, build=30.03.2023 11.49)
10:46:55.039 [FXGL Background Thread 3 ] DEBUG Engine               - saveFileExt: sav
10:46:55.039 [FXGL Background Thread 3 ] DEBUG Engine               - scaledHeightProp$fxgl: DoubleProperty [bound, value: 640.0]
10:46:55.040 [FXGL Background Thread 3 ] DEBUG Engine               - scaledWidthProp$fxgl: DoubleProperty [bound, value: 800.0]
10:46:55.040 [FXGL Background Thread 3 ] DEBUG Engine               - sceneFactory: com.almasb.fxgl.app.scene.SceneFactory@7523ce7e
10:46:55.040 [FXGL Background Thread 3 ] DEBUG Engine               - secondsIn24h: 60
10:46:55.040 [FXGL Background Thread 3 ] DEBUG Engine               - soundMenuBack: menu/back.wav
10:46:55.040 [FXGL Background Thread 3 ] DEBUG Engine               - soundMenuPress: menu/press.wav
10:46:55.040 [FXGL Background Thread 3 ] DEBUG Engine               - soundMenuSelect: menu/select.wav
10:46:55.040 [FXGL Background Thread 3 ] DEBUG Engine               - soundNotification: core/notification.wav
10:46:55.040 [FXGL Background Thread 3 ] DEBUG Engine               - stageStyle: DECORATED
10:46:55.040 [FXGL Background Thread 3 ] DEBUG Engine               - supportedLanguages: [ENGLISH, FRENCH, GERMAN, HUNGARIAN, RUSSIAN]
10:46:55.040 [FXGL Background Thread 3 ] DEBUG Engine               - ticksPerSecond: -1
10:46:55.040 [FXGL Background Thread 3 ] DEBUG Engine               - title: a-Mazed
10:46:55.040 [FXGL Background Thread 3 ] DEBUG Engine               - urlGithub: https://github.com/AlmasB/FXGL
10:46:55.040 [FXGL Background Thread 3 ] DEBUG Engine               - urlLeaderboard: http://fxgl-top.herokuapp.com/
10:46:55.040 [FXGL Background Thread 3 ] DEBUG Engine               - urlPOM: https://raw.githubusercontent.com/AlmasB/FXGL/release/README.md
10:46:55.040 [FXGL Background Thread 3 ] DEBUG Engine               - userAppClass: class lylesmal.openworldgame.MapApplication
10:46:55.041 [FXGL Background Thread 3 ] DEBUG Engine               - version: 1.0
10:46:55.041 [FXGL Background Thread 3 ] DEBUG Engine               - versionCheckDays: 7
10:46:55.041 [FXGL Background Thread 3 ] DEBUG Engine               - width: 800
10:46:55.041 [FXGL Background Thread 3 ] DEBUG Engine               - Logging services
10:46:55.041 [FXGL Background Thread 3 ] DEBUG Engine               - class com.almasb.fxgl.app.services.FXGLAssetLoaderService
10:46:55.041 [FXGL Background Thread 3 ] DEBUG Engine               - class com.almasb.fxgl.app.FXGLApplication$GameApplicationService
10:46:55.041 [FXGL Background Thread 3 ] DEBUG Engine               - class com.almasb.fxgl.app.services.FXGLDialogService
10:46:55.041 [FXGL Background Thread 3 ] DEBUG Engine               - class com.almasb.fxgl.app.services.IOTaskExecutorService
10:46:55.041 [FXGL Background Thread 3 ] DEBUG Engine               - class com.almasb.fxgl.io.FileSystemService
10:46:55.041 [FXGL Background Thread 3 ] DEBUG Engine               - class com.almasb.fxgl.localization.LocalizationService
10:46:55.041 [FXGL Background Thread 3 ] DEBUG Engine               - class com.almasb.fxgl.app.services.SystemBundleService
10:46:55.041 [FXGL Background Thread 3 ] DEBUG Engine               - class com.almasb.fxgl.profile.SaveLoadService
10:46:55.041 [FXGL Background Thread 3 ] DEBUG Engine               - class com.almasb.fxgl.ui.FXGLUIFactoryServiceProvider
10:46:55.041 [FXGL Background Thread 3 ] DEBUG Engine               - class com.almasb.fxgl.ui.FXGLDialogFactoryServiceProvider
10:46:55.041 [FXGL Background Thread 3 ] DEBUG Engine               - class com.almasb.fxgl.audio.AudioPlayer
10:46:55.042 [FXGL Background Thread 3 ] DEBUG Engine               - class com.almasb.fxgl.notification.impl.NotificationServiceProvider
10:46:55.042 [FXGL Background Thread 3 ] DEBUG Engine               - class com.almasb.fxgl.achievement.AchievementService
10:46:55.042 [FXGL Background Thread 3 ] DEBUG Engine               - class com.almasb.fxgl.cutscene.CutsceneService
10:46:55.042 [FXGL Background Thread 3 ] DEBUG Engine               - class com.almasb.fxgl.minigames.MiniGameService
10:46:55.042 [FXGL Background Thread 3 ] DEBUG Engine               - class com.almasb.fxgl.net.NetService
10:46:55.042 [FXGL Background Thread 3 ] DEBUG Engine               - class com.almasb.fxgl.app.services.UpdaterService
10:46:55.042 [FXGL Background Thread 3 ] DEBUG Engine               - class com.almasb.fxgl.dev.DevService
10:46:57.512 [JavaFX Application Thread] DEBUG FXGLAssetLoaderServi - Loading from file system: file:/E:/OneDrive%20-%20Cape%20Peninsula%20University%20of%20Technology/Game%20Development/maze-game/target/classes/assets/textures/character-right.png
10:47:01.651 [JavaFX Application Thread] DEBUG FXGLAssetLoaderServi - Loading from file system: file:/E:/OneDrive%20-%20Cape%20Peninsula%20University%20of%20Technology/Game%20Development/maze-game/target/classes/assets/textures/character-down.png
10:47:04.117 [JavaFX Application Thread] DEBUG FXGLAssetLoaderServi - Loading from file system: file:/E:/OneDrive%20-%20Cape%20Peninsula%20University%20of%20Technology/Game%20Development/maze-game/target/classes/assets/textures/character-left.png
10:47:04.614 [JavaFX Application Thread] DEBUG FXGLAssetLoaderServi - Loading from file system: file:/E:/OneDrive%20-%20Cape%20Peninsula%20University%20of%20Technology/Game%20Development/maze-game/target/classes/assets/textures/character-up.png
10:47:40.951 [JavaFX Application Thread] DEBUG FXGLAssetLoaderServi - Loading from file system: file:/E:/OneDrive%20-%20Cape%20Peninsula%20University%20of%20Technology/Game%20Development/maze-game/target/classes/assets/textures/loot.png
10:48:15.669 [JavaFX Application Thread] DEBUG FXGLAssetLoaderServi - Loading from file system: file:/E:/OneDrive%20-%20Cape%20Peninsula%20University%20of%20Technology/Game%20Development/maze-game/target/classes/assets/sounds/brick.wav
10:48:15.709 [JavaFX Application Thread] DEBUG FXGLAssetLoaderServi - Loading from file system: file:/E:/OneDrive%20-%20Cape%20Peninsula%20University%20of%20Technology/Game%20Development/maze-game/target/classes/assets/textures/brick.png
10:48:38.040 [JavaFX Application Thread] DEBUG FXGLAssetLoaderServi - Loading from file system: file:/E:/OneDrive%20-%20Cape%20Peninsula%20University%20of%20Technology/Game%20Development/maze-game/target/classes/assets/sounds/loot-pick-up.wav
10:49:46.938 [JavaFX Application Thread] DEBUG FXGLApplication      - Exiting FXGL
10:49:46.938 [JavaFX Application Thread] DEBUG LoopRunner           - Stopping loop
10:49:46.938 [JavaFX Application Thread] DEBUG SystemBundleService  - Saving FXGL system data
10:49:46.960 [JavaFX Application Thread] DEBUG FileSystemAccess     - Writing to: E:\OneDrive - Cape Peninsula University of Technology\Game Development\maze-game\system\fxgl.bundle
10:49:46.972 [JavaFX Application Thread] DEBUG Async                - Shutting down background threads
10:49:46.972 [JavaFX Application Thread] DEBUG PrimaryStageWindow   - Closing main window
10:49:46.986 [JavaFX Application Thread] DEBUG Logger               - Closing Logger
