17:36:45.385 [main                     ] DEBUG Logger               - Configured Logger
17:36:45.393 [main                     ] DEBUG GameApplication      - Logging settings
Title: a-Mazed
Version: 1.0
Width: 800
Height: 640
Fullscreen: false
Intro: false
Profiling: false
Single step:false
App Mode: DEVELOPER
Menu Key: ESCAPE
Stage Style: DECORATED
Scene Factory: class com.almasb.fxgl.app.scene.SceneFactory

17:36:45.531 [JavaFX Application Thread] DEBUG FXGLApplication      - Initializing FXGL
17:36:45.535 [JavaFX Application Thread] INFO  Engine               - FXGL-17.3 (30.03.2023 11.49) on WINDOWS (J:21.0.11 FX:21)
17:36:45.536 [JavaFX Application Thread] DEBUG Engine               - JRE Vendor Name: Microsoft
17:36:45.536 [JavaFX Application Thread] DEBUG Engine               - Running on OS: Windows 11 version 10.0
17:36:45.536 [JavaFX Application Thread] DEBUG Engine               - Architecture: amd64
17:36:45.536 [JavaFX Application Thread] INFO  Engine               - Source code and latest versions at: https://github.com/AlmasB/FXGL
17:36:45.536 [JavaFX Application Thread] INFO  Engine               -       Ask questions and discuss at: https://github.com/AlmasB/FXGL/discussions
17:36:45.537 [JavaFX Application Thread] INFO  Engine               -              Join the FXGL chat at: https://gitter.im/AlmasB/FXGL
17:36:45.604 [JavaFX Application Thread] DEBUG PrimaryStageWindow   - Creating a JavaFX scene
17:36:45.637 [JavaFX Application Thread] DEBUG PrimaryStageWindow   - Target settings size: 800.0 x 640.0
17:36:45.637 [JavaFX Application Thread] DEBUG PrimaryStageWindow   - Scaled scene size:    800.0 x 640.0
17:36:45.637 [JavaFX Application Thread] DEBUG PrimaryStageWindow   - Scaled ratio: (1.0, 1.0)
17:36:45.638 [JavaFX Application Thread] DEBUG PrimaryStageWindow   - Set initial scene to FXGLStartupScene
17:36:45.641 [JavaFX Application Thread] DEBUG PrimaryStageWindow   - Opening main window
17:36:45.716 [JavaFX Application Thread] DEBUG PrimaryStageWindow   - Window border size: (16.0, 39.0)
17:36:45.717 [JavaFX Application Thread] DEBUG PrimaryStageWindow   - Scaled size: 800.0 x 640.0
17:36:45.717 [JavaFX Application Thread] DEBUG PrimaryStageWindow   - Scaled ratio: (1.0, 1.0)
17:36:45.717 [JavaFX Application Thread] DEBUG PrimaryStageWindow   - Scene size: 800.0 x 640.0
17:36:45.717 [JavaFX Application Thread] DEBUG PrimaryStageWindow   - Stage size: 816.0 x 679.0
17:36:45.722 [FXGL Background Thread 1 ] DEBUG Engine               - Initializing environment variables
17:36:45.769 [FXGL Background Thread 1 ] DEBUG FXGLAssetLoaderServi - User app class for loading assets: class lylesmal.openworldgame.MapApplication
17:36:45.769 [FXGL Background Thread 1 ] DEBUG GameApplicationServi - Applying CSS: fxgl_dark.css
17:36:45.769 [FXGL Background Thread 1 ] DEBUG FXGLAssetLoaderServi - Loading from file system: jar:file:///C:/Users/lyle/.m2/repository/com/github/almasb/fxgl/17.3/fxgl-17.3.jar!/fxglassets/ui/css/fxgl_dark.css
17:36:45.811 [FXGL Background Thread 1 ] DEBUG GameApplicationServi - Initializing application scenes
17:36:45.840 [FXGL Background Thread 1 ] DEBUG GameWorld            - Game world initialized
17:36:45.910 [FXGL Background Thread 1 ] DEBUG PhysicsWorld         - Physics world initialized: appHeight=640, physics.ppm=50,0
17:36:45.910 [FXGL Background Thread 1 ] DEBUG PhysicsWorld         - Using strategy: BRUTE_FORCE
17:36:45.914 [FXGL Background Thread 1 ] DEBUG GameScene            - Game scene initialized: 800x640
17:36:45.914 [FXGL Background Thread 1 ] DEBUG GameApplicationServi - Application scenes initialized
17:36:45.927 [FXGL Background Thread 1 ] DEBUG SystemBundleService  - Loading FXGL system data
17:36:45.930 [FXGL Background Thread 1 ] DEBUG FileSystemAccess     - Reading from: C:\Users\lyle\IdeaProjects\MazeGame\system\fxgl.bundle
17:36:45.936 [FXGL Background Thread 1 ] DEBUG SystemBundleService  - Bundle FXGL: {}
17:36:45.936 [FXGL Background Thread 1 ] DEBUG UpdaterService       - Checking for updates
17:36:45.940 [FXGL Background Thread 4 ] DEBUG FXGLApplication      - Loading fonts
17:36:45.941 [FXGL Background Thread 4 ] DEBUG FXGLAssetLoaderServi - Loading from file system: jar:file:///C:/Users/lyle/.m2/repository/com/github/almasb/fxgl/17.3/fxgl-17.3.jar!/fxglassets/ui/fonts/VarelaRound-Regular.ttf
17:36:45.941 [FXGL Background Thread 1 ] DEBUG FXGLApplication      - Loading default localization
17:36:45.941 [FXGL Background Thread 1 ] DEBUG FXGLAssetLoaderServi - Loading from file system: jar:file:///C:/Users/lyle/.m2/repository/com/github/almasb/fxgl/17.3/fxgl-17.3.jar!/fxglassets/languages/english.lang
17:36:45.973 [FXGL Background Thread 1 ] INFO  FXGLApplication      - FXGL initialization took: 0,251 sec
17:36:45.978 [FXGL Background Thread 4 ] DEBUG FXGLAssetLoaderServi - Loading from file system: jar:file:///C:/Users/lyle/.m2/repository/com/github/almasb/fxgl/17.3/fxgl-17.3.jar!/fxglassets/ui/fonts/Abel-Regular.ttf
17:36:45.980 [FXGL Background Thread 4 ] DEBUG FXGLAssetLoaderServi - Loading from file system: jar:file:///C:/Users/lyle/.m2/repository/com/github/almasb/fxgl/17.3/fxgl-17.3.jar!/fxglassets/ui/fonts/TerminalLandMono-Regular.otf
17:36:45.983 [FXGL Background Thread 4 ] DEBUG FXGLAssetLoaderServi - Loading from file system: jar:file:///C:/Users/lyle/.m2/repository/com/github/almasb/fxgl/17.3/fxgl-17.3.jar!/fxglassets/ui/fonts/Courier-Prime.ttf
17:36:45.989 [JavaFX Application Thread] DEBUG Input                - Registered new binding: player-move-up - Up
17:36:45.989 [JavaFX Application Thread] DEBUG Input                - Registered new binding: player-move-down - Down
17:36:45.989 [JavaFX Application Thread] DEBUG Input                - Registered new binding: player-move-left - Left
17:36:45.990 [JavaFX Application Thread] DEBUG Input                - Registered new binding: player-move-right - Right
17:36:45.990 [JavaFX Application Thread] DEBUG Input                - Registered new binding: player-jump - Space
17:36:45.990 [JavaFX Application Thread] DEBUG Input                - Registered new binding: player-spawns-brick - W
17:36:45.991 [JavaFX Application Thread] DEBUG Input                - Registered new binding: player-spawns-flag - Z
17:36:45.991 [JavaFX Application Thread] DEBUG Input                - Registered new binding: player-spawns-bullet - F
17:36:45.991 [JavaFX Application Thread] DEBUG Input                - Registered new binding: player-spawns-fence-vertical - V
17:36:45.991 [JavaFX Application Thread] DEBUG Input                - Registered new binding: player-spawns-fence-horizontal - H
17:36:45.992 [JavaFX Application Thread] DEBUG Input                - Registered new binding: player-plants - P
17:36:45.992 [JavaFX Application Thread] DEBUG Input                - Registered new binding: player-spawns-cannon - C
17:36:45.992 [JavaFX Application Thread] DEBUG Input                - Registered new binding: player-bombs - B
17:36:45.993 [JavaFX Application Thread] DEBUG FXGLAssetLoaderServi - Loading from file system: file:/C:/Users/lyle/IdeaProjects/MazeGame/target/classes/assets/textures/island-wall.png
17:36:46.031 [JavaFX Application Thread] DEBUG FXGLAssetLoaderServi - Loading from file system: jar:file:///C:/Users/lyle/.m2/repository/com/github/almasb/fxgl/17.3/fxgl-17.3.jar!/fxglassets/textures/fxgl_default_cursor.png
17:36:46.034 [JavaFX Application Thread] DEBUG Input                - Registered new binding: Screenshot - CTRL+8
17:36:46.034 [JavaFX Application Thread] DEBUG Input                - Registered new binding: System info dump - CTRL+9
17:36:46.034 [JavaFX Application Thread] DEBUG Input                - Registered new binding: Restart - CTRL+R
17:36:46.035 [JavaFX Application Thread] DEBUG Input                - Registered new binding: Toggle Debug Camera - CTRL+7
17:36:46.038 [JavaFX Application Thread] DEBUG LoopRunner           - Starting loop
17:36:46.038 [JavaFX Application Thread] DEBUG LoopRunner           - Initializing JavaFX AnimationTimerLoop
17:36:46.042 [JavaFX Application Thread] DEBUG GameApplicationServi - Starting new game
17:36:46.043 [JavaFX Application Thread] DEBUG Input                - Clearing active input actions
17:36:46.060 [JavaFX Application Thread] DEBUG GameApplicationServi - Removing overlay from FXGLStartupScene and adding to FXGLLoadingScene
17:36:46.061 [JavaFX Application Thread] DEBUG PrimaryStageWindow   - FXGLStartupScene -> FXGLLoadingScene
17:36:46.061 [JavaFX Application Thread] DEBUG GameApplicationServi - Clearing previous game
17:36:46.061 [JavaFX Application Thread] DEBUG GameScene            - Clearing game scene
17:36:46.061 [JavaFX Application Thread] DEBUG GameWorld            - Clearing game world
17:36:46.061 [JavaFX Application Thread] DEBUG PhysicsWorld         - Clearing physics world
17:36:46.063 [FXGL Background Thread 4 ] DEBUG FXGLApplication      - Initializing game
17:36:46.064 [FXGL Background Thread 4 ] DEBUG FXGLAssetLoaderServi - Loading from file system: file:/C:/Users/lyle/IdeaProjects/MazeGame/target/classes/assets/music/game-music.mp3
17:36:46.064 [JavaFX Application Thread] DEBUG FXGLApplication      - Registering font factories with UI factory
17:36:46.230 [FXGL Background Thread 4 ] DEBUG AudioPlayer          - Playing music com.almasb.fxgl.audio.Music@558ed71f
17:36:46.237 [FXGL Background Thread 4 ] DEBUG FXGLAssetLoaderServi - Loading from file system: file:/C:/Users/lyle/IdeaProjects/MazeGame/target/classes/assets/textures/map.png
17:36:46.301 [FXGL Background Thread 4 ] DEBUG FXGLAssetLoaderServi - Loading from file system: file:/C:/Users/lyle/IdeaProjects/MazeGame/target/classes/assets/textures/left-border.png
17:36:46.323 [FXGL Background Thread 4 ] DEBUG FXGLAssetLoaderServi - Loading from file system: file:/C:/Users/lyle/IdeaProjects/MazeGame/target/classes/assets/textures/right-border.png
17:36:46.327 [FXGL Background Thread 4 ] DEBUG FXGLAssetLoaderServi - Loading from file system: file:/C:/Users/lyle/IdeaProjects/MazeGame/target/classes/assets/textures/bottom-top-border.png
17:36:46.331 [FXGL Background Thread 4 ] DEBUG FXGLAssetLoaderServi - Loading from file system: file:/C:/Users/lyle/IdeaProjects/MazeGame/target/classes/assets/textures/wall.png
17:36:46.334 [FXGL Background Thread 4 ] DEBUG FXGLAssetLoaderServi - Loading from file system: file:/C:/Users/lyle/IdeaProjects/MazeGame/target/classes/assets/textures/wall-2.png
17:36:46.339 [FXGL Background Thread 4 ] DEBUG FXGLAssetLoaderServi - Loading from file system: file:/C:/Users/lyle/IdeaProjects/MazeGame/target/classes/assets/textures/wall-1.png
17:36:46.344 [FXGL Background Thread 4 ] DEBUG FXGLAssetLoaderServi - Loading from file system: file:/C:/Users/lyle/IdeaProjects/MazeGame/target/classes/assets/textures/water-fountain.png
17:36:46.383 [FXGL Background Thread 4 ] DEBUG FXGLAssetLoaderServi - Loading from file system: file:/C:/Users/lyle/IdeaProjects/MazeGame/target/classes/assets/textures/pond.png
17:36:46.385 [FXGL Background Thread 4 ] DEBUG FXGLAssetLoaderServi - Loading from file system: file:/C:/Users/lyle/IdeaProjects/MazeGame/target/classes/assets/textures/waves.png
17:36:46.393 [FXGL Background Thread 4 ] DEBUG FXGLAssetLoaderServi - Loading from file system: file:/C:/Users/lyle/IdeaProjects/MazeGame/target/classes/assets/textures/no-waves.png
17:36:46.396 [FXGL Background Thread 4 ] DEBUG FXGLAssetLoaderServi - Loading from file system: file:/C:/Users/lyle/IdeaProjects/MazeGame/target/classes/assets/textures/character.png
17:36:46.601 [FXGL Background Thread 4 ] INFO  FXGLApplication      - Game initialization took: 0,538 sec
17:36:46.609 [JavaFX Application Thread] DEBUG Input                - Clearing active input actions
17:36:46.614 [FXGL Background Thread 2 ] INFO  UpdaterService       - Your current version:  17.3
17:36:46.615 [FXGL Background Thread 2 ] INFO  UpdaterService       - Latest stable version: 25
17:36:46.630 [JavaFX Application Thread] DEBUG GameApplicationServi - Removing overlay from FXGLLoadingScene and adding to GameScene
17:36:46.630 [JavaFX Application Thread] DEBUG PrimaryStageWindow   - FXGLLoadingScene -> GameScene
17:36:46.917 [JavaFX Application Thread] DEBUG FXGLAssetLoaderServi - Loading from file system: file:/C:/Users/lyle/IdeaProjects/MazeGame/target/classes/assets/textures/character-down.png
17:36:47.986 [JavaFX Application Thread] DEBUG FXGLAssetLoaderServi - Loading from file system: file:/C:/Users/lyle/IdeaProjects/MazeGame/target/classes/assets/textures/character-up.png
17:36:48.904 [JavaFX Application Thread] DEBUG FXGLAssetLoaderServi - Loading from file system: file:/C:/Users/lyle/IdeaProjects/MazeGame/target/classes/assets/textures/character-left.png
17:36:48.941 [FXGL Background Thread 3 ] DEBUG Engine               - Logging environment variables
17:36:48.941 [FXGL Background Thread 3 ] DEBUG Engine               - achievements: []
17:36:48.941 [FXGL Background Thread 3 ] DEBUG Engine               - actualHeight: 640.0
17:36:48.941 [FXGL Background Thread 3 ] DEBUG Engine               - actualHeightProperty: ReadOnlyDoubleProperty [value: 640.0]
17:36:48.941 [FXGL Background Thread 3 ] DEBUG Engine               - actualWidth: 800.0
17:36:48.941 [FXGL Background Thread 3 ] DEBUG Engine               - actualWidthProperty: ReadOnlyDoubleProperty [value: 800.0]
17:36:48.942 [FXGL Background Thread 3 ] DEBUG Engine               - appIcon: island-wall.png
17:36:48.942 [FXGL Background Thread 3 ] DEBUG Engine               - applicationMode: DEVELOPER
17:36:48.942 [FXGL Background Thread 3 ] DEBUG Engine               - cSSList: [fxgl_dark.css]
17:36:48.942 [FXGL Background Thread 3 ] DEBUG Engine               - collisionDetectionStrategy: BRUTE_FORCE
17:36:48.942 [FXGL Background Thread 3 ] DEBUG Engine               - configClass: Optional.empty
17:36:48.942 [FXGL Background Thread 3 ] DEBUG Engine               - credits: []
17:36:48.942 [FXGL Background Thread 3 ] DEBUG Engine               - defaultCursor: CursorInfo(imageName=fxgl_default_cursor.png, hotspotX=7.0, hotspotY=6.0)
17:36:48.942 [FXGL Background Thread 3 ] DEBUG Engine               - devBBoxColorProperty: ObjectProperty [value: 0xff0000ff]
17:36:48.942 [FXGL Background Thread 3 ] DEBUG Engine               - devEnableDebugCameraProperty: BooleanProperty [value: false]
17:36:48.942 [FXGL Background Thread 3 ] DEBUG Engine               - devSensorColorProperty: ObjectProperty [value: 0xffff00ff]
17:36:48.942 [FXGL Background Thread 3 ] DEBUG Engine               - devShowBBoxProperty: BooleanProperty [value: false]
17:36:48.942 [FXGL Background Thread 3 ] DEBUG Engine               - devShowPositionProperty: BooleanProperty [value: false]
17:36:48.942 [FXGL Background Thread 3 ] DEBUG Engine               - enabledMenuItems: []
17:36:48.942 [FXGL Background Thread 3 ] DEBUG Engine               - engineServices: [class com.almasb.fxgl.app.services.FXGLAssetLoaderService, class com.almasb.fxgl.app.FXGLApplication$GameApplicationService, class com.almasb.fxgl.app.services.FXGLDialogService, class com.almasb.fxgl.app.services.IOTaskExecutorService, class com.almasb.fxgl.io.FileSystemService, class com.almasb.fxgl.localization.LocalizationService, class com.almasb.fxgl.app.services.SystemBundleService, class com.almasb.fxgl.profile.SaveLoadService, class com.almasb.fxgl.ui.FXGLUIFactoryServiceProvider, class com.almasb.fxgl.ui.FXGLDialogFactoryServiceProvider, class com.almasb.fxgl.audio.AudioPlayer, class com.almasb.fxgl.notification.impl.NotificationServiceProvider, class com.almasb.fxgl.achievement.AchievementService, class com.almasb.fxgl.cutscene.CutsceneService, class com.almasb.fxgl.minigames.MiniGameService, class com.almasb.fxgl.net.NetService, class com.almasb.fxgl.app.services.UpdaterService, class com.almasb.fxgl.dev.DevService]
17:36:48.942 [FXGL Background Thread 3 ] DEBUG Engine               - fontGame: Abel-Regular.ttf
17:36:48.942 [FXGL Background Thread 3 ] DEBUG Engine               - fontMono: TerminalLandMono-Regular.otf
17:36:48.942 [FXGL Background Thread 3 ] DEBUG Engine               - fontSizeScaleUI: 1.0
17:36:48.942 [FXGL Background Thread 3 ] DEBUG Engine               - fontText: Courier-Prime.ttf
17:36:48.942 [FXGL Background Thread 3 ] DEBUG Engine               - fontUI: VarelaRound-Regular.ttf
17:36:48.942 [FXGL Background Thread 3 ] DEBUG Engine               - fullScreen: BooleanProperty [value: false]
17:36:48.942 [FXGL Background Thread 3 ] DEBUG Engine               - gameDifficulty: MEDIUM
17:36:48.943 [FXGL Background Thread 3 ] DEBUG Engine               - gameDifficultyProperty: ObjectProperty [value: MEDIUM]
17:36:48.943 [FXGL Background Thread 3 ] DEBUG Engine               - globalMusicVolume: 0.5
17:36:48.943 [FXGL Background Thread 3 ] DEBUG Engine               - globalMusicVolumeProperty: DoubleProperty [value: 0.5]
17:36:48.943 [FXGL Background Thread 3 ] DEBUG Engine               - globalSoundVolume: 0.5
17:36:48.943 [FXGL Background Thread 3 ] DEBUG Engine               - globalSoundVolumeProperty: DoubleProperty [value: 0.5]
17:36:48.943 [FXGL Background Thread 3 ] DEBUG Engine               - height: 640
17:36:48.943 [FXGL Background Thread 3 ] DEBUG Engine               - is3D: false
17:36:48.943 [FXGL Background Thread 3 ] DEBUG Engine               - isAndroid: false
17:36:48.943 [FXGL Background Thread 3 ] DEBUG Engine               - isBrowser: false
17:36:48.943 [FXGL Background Thread 3 ] DEBUG Engine               - isClickFeedbackEnabled: false
17:36:48.943 [FXGL Background Thread 3 ] DEBUG Engine               - isCloseConfirmation: false
17:36:48.943 [FXGL Background Thread 3 ] DEBUG Engine               - isDesktop: true
17:36:48.943 [FXGL Background Thread 3 ] DEBUG Engine               - isDeveloperMenuEnabled: false
17:36:48.943 [FXGL Background Thread 3 ] DEBUG Engine               - isEmbedded: false
17:36:48.943 [FXGL Background Thread 3 ] DEBUG Engine               - isEntityPreloadEnabled: true
17:36:48.943 [FXGL Background Thread 3 ] DEBUG Engine               - isExperimentalTiledLargeMap: false
17:36:48.943 [FXGL Background Thread 3 ] DEBUG Engine               - isFileSystemWriteAllowed: true
17:36:48.943 [FXGL Background Thread 3 ] DEBUG Engine               - isFullScreenAllowed: false
17:36:48.943 [FXGL Background Thread 3 ] DEBUG Engine               - isFullScreenFromStart: false
17:36:48.944 [FXGL Background Thread 3 ] DEBUG Engine               - isGameMenuEnabled: false
17:36:48.944 [FXGL Background Thread 3 ] DEBUG Engine               - isIOS: false
17:36:48.944 [FXGL Background Thread 3 ] DEBUG Engine               - isIntroEnabled: false
17:36:48.944 [FXGL Background Thread 3 ] DEBUG Engine               - isLinux: false
17:36:48.944 [FXGL Background Thread 3 ] DEBUG Engine               - isMac: false
17:36:48.944 [FXGL Background Thread 3 ] DEBUG Engine               - isMainMenuEnabled: false
17:36:48.944 [FXGL Background Thread 3 ] DEBUG Engine               - isManualResizeEnabled: false
17:36:48.944 [FXGL Background Thread 3 ] DEBUG Engine               - isMobile: false
17:36:48.944 [FXGL Background Thread 3 ] DEBUG Engine               - isNative: false
17:36:48.944 [FXGL Background Thread 3 ] DEBUG Engine               - isPauseMusicWhenMinimized: true
17:36:48.944 [FXGL Background Thread 3 ] DEBUG Engine               - isPreserveResizeRatio: false
17:36:48.944 [FXGL Background Thread 3 ] DEBUG Engine               - isProfilingEnabled: false
17:36:48.944 [FXGL Background Thread 3 ] DEBUG Engine               - isScaleAffectedOnResize: true
17:36:48.944 [FXGL Background Thread 3 ] DEBUG Engine               - isSingleStep: false
17:36:48.944 [FXGL Background Thread 3 ] DEBUG Engine               - isUserProfileEnabled: false
17:36:48.944 [FXGL Background Thread 3 ] DEBUG Engine               - isWindows: true
17:36:48.944 [FXGL Background Thread 3 ] DEBUG Engine               - language: ObjectProperty [value: ENGLISH]
17:36:48.944 [FXGL Background Thread 3 ] DEBUG Engine               - menuKey: ESCAPE
17:36:48.944 [FXGL Background Thread 3 ] DEBUG Engine               - mouseSensitivity: 0.2
17:36:48.944 [FXGL Background Thread 3 ] DEBUG Engine               - notificationViewClass: class com.almasb.fxgl.notification.view.XboxNotificationView
17:36:48.944 [FXGL Background Thread 3 ] DEBUG Engine               - pixelsPerMeter: 50.0
17:36:48.944 [FXGL Background Thread 3 ] DEBUG Engine               - platform: WINDOWS
17:36:48.945 [FXGL Background Thread 3 ] DEBUG Engine               - prefHeightProperty: ReadOnlyDoubleProperty [value: 640.0]
17:36:48.945 [FXGL Background Thread 3 ] DEBUG Engine               - prefWidthProperty: ReadOnlyDoubleProperty [value: 800.0]
17:36:48.945 [FXGL Background Thread 3 ] DEBUG Engine               - profileDir: profiles/
17:36:48.945 [FXGL Background Thread 3 ] DEBUG Engine               - profileName: StringProperty [value: DEFAULT]
17:36:48.945 [FXGL Background Thread 3 ] DEBUG Engine               - randomSeed: -1
17:36:48.945 [FXGL Background Thread 3 ] DEBUG Engine               - runtimeInfo: RuntimeInfo(platform=WINDOWS, version=17.3, build=30.03.2023 11.49)
17:36:48.945 [FXGL Background Thread 3 ] DEBUG Engine               - saveFileExt: sav
17:36:48.945 [FXGL Background Thread 3 ] DEBUG Engine               - scaledHeightProp$fxgl: DoubleProperty [bound, value: 640.0]
17:36:48.945 [FXGL Background Thread 3 ] DEBUG Engine               - scaledWidthProp$fxgl: DoubleProperty [bound, value: 800.0]
17:36:48.945 [FXGL Background Thread 3 ] DEBUG Engine               - sceneFactory: com.almasb.fxgl.app.scene.SceneFactory@5a764e66
17:36:48.945 [FXGL Background Thread 3 ] DEBUG Engine               - secondsIn24h: 60
17:36:48.945 [FXGL Background Thread 3 ] DEBUG Engine               - soundMenuBack: menu/back.wav
17:36:48.945 [FXGL Background Thread 3 ] DEBUG Engine               - soundMenuPress: menu/press.wav
17:36:48.945 [FXGL Background Thread 3 ] DEBUG Engine               - soundMenuSelect: menu/select.wav
17:36:48.945 [FXGL Background Thread 3 ] DEBUG Engine               - soundNotification: core/notification.wav
17:36:48.945 [FXGL Background Thread 3 ] DEBUG Engine               - stageStyle: DECORATED
17:36:48.945 [FXGL Background Thread 3 ] DEBUG Engine               - supportedLanguages: [ENGLISH, FRENCH, GERMAN, HUNGARIAN, RUSSIAN]
17:36:48.946 [FXGL Background Thread 3 ] DEBUG Engine               - ticksPerSecond: -1
17:36:48.946 [FXGL Background Thread 3 ] DEBUG Engine               - title: a-Mazed
17:36:48.946 [FXGL Background Thread 3 ] DEBUG Engine               - urlGithub: https://github.com/AlmasB/FXGL
17:36:48.946 [FXGL Background Thread 3 ] DEBUG Engine               - urlLeaderboard: http://fxgl-top.herokuapp.com/
17:36:48.946 [FXGL Background Thread 3 ] DEBUG Engine               - urlPOM: https://raw.githubusercontent.com/AlmasB/FXGL/release/README.md
17:36:48.946 [FXGL Background Thread 3 ] DEBUG Engine               - userAppClass: class lylesmal.openworldgame.MapApplication
17:36:48.946 [FXGL Background Thread 3 ] DEBUG Engine               - version: 1.0
17:36:48.946 [FXGL Background Thread 3 ] DEBUG Engine               - versionCheckDays: 7
17:36:48.946 [FXGL Background Thread 3 ] DEBUG Engine               - width: 800
17:36:48.946 [FXGL Background Thread 3 ] DEBUG Engine               - Logging services
17:36:48.946 [FXGL Background Thread 3 ] DEBUG Engine               - class com.almasb.fxgl.app.services.FXGLAssetLoaderService
17:36:48.946 [FXGL Background Thread 3 ] DEBUG Engine               - class com.almasb.fxgl.app.FXGLApplication$GameApplicationService
17:36:48.946 [FXGL Background Thread 3 ] DEBUG Engine               - class com.almasb.fxgl.app.services.FXGLDialogService
17:36:48.946 [FXGL Background Thread 3 ] DEBUG Engine               - class com.almasb.fxgl.app.services.IOTaskExecutorService
17:36:48.946 [FXGL Background Thread 3 ] DEBUG Engine               - class com.almasb.fxgl.io.FileSystemService
17:36:48.946 [FXGL Background Thread 3 ] DEBUG Engine               - class com.almasb.fxgl.localization.LocalizationService
17:36:48.946 [FXGL Background Thread 3 ] DEBUG Engine               - class com.almasb.fxgl.app.services.SystemBundleService
17:36:48.946 [FXGL Background Thread 3 ] DEBUG Engine               - class com.almasb.fxgl.profile.SaveLoadService
17:36:48.946 [FXGL Background Thread 3 ] DEBUG Engine               - class com.almasb.fxgl.ui.FXGLUIFactoryServiceProvider
17:36:48.946 [FXGL Background Thread 3 ] DEBUG Engine               - class com.almasb.fxgl.ui.FXGLDialogFactoryServiceProvider
17:36:48.946 [FXGL Background Thread 3 ] DEBUG Engine               - class com.almasb.fxgl.audio.AudioPlayer
17:36:48.946 [FXGL Background Thread 3 ] DEBUG Engine               - class com.almasb.fxgl.notification.impl.NotificationServiceProvider
17:36:48.946 [FXGL Background Thread 3 ] DEBUG Engine               - class com.almasb.fxgl.achievement.AchievementService
17:36:48.946 [FXGL Background Thread 3 ] DEBUG Engine               - class com.almasb.fxgl.cutscene.CutsceneService
17:36:48.947 [FXGL Background Thread 3 ] DEBUG Engine               - class com.almasb.fxgl.minigames.MiniGameService
17:36:48.947 [FXGL Background Thread 3 ] DEBUG Engine               - class com.almasb.fxgl.net.NetService
17:36:48.947 [FXGL Background Thread 3 ] DEBUG Engine               - class com.almasb.fxgl.app.services.UpdaterService
17:36:48.947 [FXGL Background Thread 3 ] DEBUG Engine               - class com.almasb.fxgl.dev.DevService
17:36:49.315 [JavaFX Application Thread] DEBUG FXGLAssetLoaderServi - Loading from file system: file:/C:/Users/lyle/IdeaProjects/MazeGame/target/classes/assets/sounds/explosion.wav
17:36:49.322 [JavaFX Application Thread] DEBUG FXGLAssetLoaderServi - Loading from file system: file:/C:/Users/lyle/IdeaProjects/MazeGame/target/classes/assets/sounds/death.wav
17:36:49.394 [JavaFX Application Thread] DEBUG LoopRunner           - Stopping loop
17:36:49.397 [JavaFX Application Thread] FATAL FXGLApplication      - Uncaught Exception:
java.lang.NullPointerException: Cannot invoke "com.almasb.fxgl.entity.Entity.getRotation()" because the return value of "com.almasb.fxgl.entity.components.BoundingBoxComponent.getEntity()" is null
	at com.almasb.fxgl.entity@17.3/com.almasb.fxgl.entity.components.BoundingBoxComponent.checkCollisionPAT(BoundingBoxComponent.kt:309)
	at com.almasb.fxgl.entity@17.3/com.almasb.fxgl.entity.components.BoundingBoxComponent.checkCollision(BoundingBoxComponent.kt:294)
	at com.almasb.fxgl.entity@17.3/com.almasb.fxgl.entity.components.BoundingBoxComponent.isCollidingWith(BoundingBoxComponent.kt:283)
	at lylesmal.openworldgame/lylesmal.openworldgame.MapApplication.lambda$HandlePlayerInRestrictedArea$5(MapApplication.java:535)
	at java.base/java.util.stream.MatchOps$1MatchSink.accept(MatchOps.java:90)
	at java.base/java.util.ArrayList$ArrayListSpliterator.tryAdvance(ArrayList.java:1685)
	at java.base/java.util.stream.ReferencePipeline.forEachWithCancel(ReferencePipeline.java:129)
	at java.base/java.util.stream.AbstractPipeline.copyIntoWithCancel(AbstractPipeline.java:527)
	at java.base/java.util.stream.AbstractPipeline.copyInto(AbstractPipeline.java:513)
	at java.base/java.util.stream.AbstractPipeline.wrapAndCopyInto(AbstractPipeline.java:499)
	at java.base/java.util.stream.MatchOps$MatchOp.evaluateSequential(MatchOps.java:230)
	at java.base/java.util.stream.MatchOps$MatchOp.evaluateSequential(MatchOps.java:196)
	at java.base/java.util.stream.AbstractPipeline.evaluate(AbstractPipeline.java:234)
	at java.base/java.util.stream.ReferencePipeline.anyMatch(ReferencePipeline.java:632)
	at lylesmal.openworldgame/lylesmal.openworldgame.MapApplication.HandlePlayerInRestrictedArea(MapApplication.java:533)
	at lylesmal.openworldgame/lylesmal.openworldgame.MapApplication.lambda$ZombiesFollowAndAttackAlgorithm$2(MapApplication.java:389)
	at com.almasb.fxgl.core@17.3/com.almasb.fxgl.time.TimerAction.update(TimerAction.kt:69)
	at com.almasb.fxgl.core@17.3/com.almasb.fxgl.time.Timer.update(Timer.kt:38)
	at com.almasb.fxgl.scene@17.3/com.almasb.fxgl.scene.Scene.update(Scene.kt:104)
	at com.almasb.fxgl.all@17.3/com.almasb.fxgl.app.MainWindow$update$1.invoke(MainWindow.kt:115)
	at com.almasb.fxgl.all@17.3/com.almasb.fxgl.app.MainWindow$update$1.invoke(MainWindow.kt:115)
	at com.almasb.fxgl.core@17.3/com.almasb.fxgl.core.fsm.StateMachine.runOnActiveStates(StateMachine.kt:69)
	at com.almasb.fxgl.all@17.3/com.almasb.fxgl.app.MainWindow.update(MainWindow.kt:115)
	at com.almasb.fxgl.all@17.3/com.almasb.fxgl.app.FXGLApplication$GameApplicationService.onUpdate(FXGLApplication.kt:426)
	at com.almasb.fxgl.all@17.3/com.almasb.fxgl.app.Engine.loop(Engine.kt:134)
	at com.almasb.fxgl.all@17.3/com.almasb.fxgl.app.Engine.access$loop(Engine.kt:24)
	at com.almasb.fxgl.all@17.3/com.almasb.fxgl.app.Engine$loop$1.invoke(Engine.kt:28)
	at com.almasb.fxgl.all@17.3/com.almasb.fxgl.app.Engine$loop$1.invoke(Engine.kt:28)
	at com.almasb.fxgl.all@17.3/com.almasb.fxgl.app.LoopRunner.frame(LoopRunner.kt:103)
	at com.almasb.fxgl.all@17.3/com.almasb.fxgl.app.LoopRunner.access$frame(LoopRunner.kt:23)
	at com.almasb.fxgl.all@17.3/com.almasb.fxgl.app.LoopRunner$impl$2$1.onTick(LoopRunner.kt:57)
	at com.almasb.fxgl.all@17.3/com.almasb.fxgl.app.AnimationTimerLoop$timer$1.handle(LoopRunner.kt:137)
	at javafx.graphics@21/javafx.animation.AnimationTimer$AnimationTimerReceiver.lambda$handle$0(AnimationTimer.java:58)
	at java.base/java.security.AccessController.doPrivileged(AccessController.java:400)
	at javafx.graphics@21/javafx.animation.AnimationTimer$AnimationTimerReceiver.handle(AnimationTimer.java:57)
	at javafx.graphics@21/com.sun.scenario.animation.AbstractPrimaryTimer.timePulseImpl(AbstractPrimaryTimer.java:356)
	at javafx.graphics@21/com.sun.scenario.animation.AbstractPrimaryTimer$MainLoop.run(AbstractPrimaryTimer.java:266)
	at javafx.graphics@21/com.sun.javafx.tk.quantum.QuantumToolkit.pulse(QuantumToolkit.java:588)
	at javafx.graphics@21/com.sun.javafx.tk.quantum.QuantumToolkit.pulse(QuantumToolkit.java:572)
	at javafx.graphics@21/com.sun.javafx.tk.quantum.QuantumToolkit.pulseFromQueue(QuantumToolkit.java:565)
	at javafx.graphics@21/com.sun.javafx.tk.quantum.QuantumToolkit.lambda$runToolkit$11(QuantumToolkit.java:352)
	at javafx.graphics@21/com.sun.glass.ui.InvokeLaterDispatcher$Future.run(InvokeLaterDispatcher.java:95)
	at javafx.graphics@21/com.sun.glass.ui.win.WinApplication._runLoop(Native Method)
	at javafx.graphics@21/com.sun.glass.ui.win.WinApplication.lambda$runLoop$3(WinApplication.java:185)
	at java.base/java.lang.Thread.run(Thread.java:1583)

17:36:49.397 [JavaFX Application Thread] FATAL FXGLApplication      - Application will now exit
17:36:49.418 [JavaFX Application Thread] DEBUG PrimaryStageWindow   - Push state: ErrorSubScene
17:36:49.418 [JavaFX Application Thread] DEBUG Input                - Clearing active input actions
17:36:49.421 [JavaFX Application Thread] DEBUG GameApplicationServi - Removing overlay from GameScene and adding to ErrorSubScene
17:36:49.422 [JavaFX Application Thread] DEBUG PrimaryStageWindow   - GameScene -> ErrorSubScene
17:36:53.670 [JavaFX Application Thread] DEBUG FXGLApplication      - Exiting FXGL
17:36:53.670 [JavaFX Application Thread] DEBUG Async                - Shutting down background threads
17:36:53.671 [JavaFX Application Thread] DEBUG PrimaryStageWindow   - Closing main window
17:36:53.683 [JavaFX Application Thread] DEBUG Logger               - Closing Logger
