17:47:15.545 [main                     ] DEBUG Logger               - Configured Logger
17:47:15.562 [main                     ] DEBUG GameApplication      - Logging settings
Title: a-Mazed
Version: 1.0
Width: 800
Height: 640
Fullscreen: false
Intro: false
Profiling: false
Single step:false
App Mode: DEVELOPER
Menu Key: ESCAPE
Stage Style: DECORATED
Scene Factory: class com.almasb.fxgl.app.scene.SceneFactory

17:47:15.696 [JavaFX Application Thread] DEBUG FXGLApplication      - Initializing FXGL
17:47:15.700 [JavaFX Application Thread] INFO  Engine               - FXGL-17.3 (30.03.2023 11.49) on WINDOWS (J:21.0.11 FX:21)
17:47:15.700 [JavaFX Application Thread] DEBUG Engine               - JRE Vendor Name: Microsoft
17:47:15.701 [JavaFX Application Thread] DEBUG Engine               - Running on OS: Windows 11 version 10.0
17:47:15.701 [JavaFX Application Thread] DEBUG Engine               - Architecture: amd64
17:47:15.701 [JavaFX Application Thread] INFO  Engine               - Source code and latest versions at: https://github.com/AlmasB/FXGL
17:47:15.701 [JavaFX Application Thread] INFO  Engine               -       Ask questions and discuss at: https://github.com/AlmasB/FXGL/discussions
17:47:15.701 [JavaFX Application Thread] INFO  Engine               -              Join the FXGL chat at: https://gitter.im/AlmasB/FXGL
17:47:15.768 [JavaFX Application Thread] DEBUG PrimaryStageWindow   - Creating a JavaFX scene
17:47:15.794 [JavaFX Application Thread] DEBUG PrimaryStageWindow   - Target settings size: 800.0 x 640.0
17:47:15.794 [JavaFX Application Thread] DEBUG PrimaryStageWindow   - Scaled scene size:    800.0 x 640.0
17:47:15.794 [JavaFX Application Thread] DEBUG PrimaryStageWindow   - Scaled ratio: (1.0, 1.0)
17:47:15.795 [JavaFX Application Thread] DEBUG PrimaryStageWindow   - Set initial scene to FXGLStartupScene
17:47:15.797 [JavaFX Application Thread] DEBUG PrimaryStageWindow   - Opening main window
17:47:15.867 [JavaFX Application Thread] DEBUG PrimaryStageWindow   - Window border size: (16.0, 39.0)
17:47:15.867 [JavaFX Application Thread] DEBUG PrimaryStageWindow   - Scaled size: 800.0 x 640.0
17:47:15.867 [JavaFX Application Thread] DEBUG PrimaryStageWindow   - Scaled ratio: (1.0, 1.0)
17:47:15.868 [JavaFX Application Thread] DEBUG PrimaryStageWindow   - Scene size: 800.0 x 640.0
17:47:15.868 [JavaFX Application Thread] DEBUG PrimaryStageWindow   - Stage size: 816.0 x 679.0
17:47:15.872 [FXGL Background Thread 1 ] DEBUG Engine               - Initializing environment variables
17:47:15.918 [FXGL Background Thread 1 ] DEBUG FXGLAssetLoaderServi - User app class for loading assets: class lylesmal.openworldgame.MapApplication
17:47:15.919 [FXGL Background Thread 1 ] DEBUG GameApplicationServi - Applying CSS: fxgl_dark.css
17:47:15.919 [FXGL Background Thread 1 ] DEBUG FXGLAssetLoaderServi - Loading from file system: jar:file:///C:/Users/lyle/.m2/repository/com/github/almasb/fxgl/17.3/fxgl-17.3.jar!/fxglassets/ui/css/fxgl_dark.css
17:47:15.954 [FXGL Background Thread 1 ] DEBUG GameApplicationServi - Initializing application scenes
17:47:15.987 [FXGL Background Thread 1 ] DEBUG GameWorld            - Game world initialized
17:47:16.059 [FXGL Background Thread 1 ] DEBUG PhysicsWorld         - Physics world initialized: appHeight=640, physics.ppm=50,0
17:47:16.060 [FXGL Background Thread 1 ] DEBUG PhysicsWorld         - Using strategy: BRUTE_FORCE
17:47:16.064 [FXGL Background Thread 1 ] DEBUG GameScene            - Game scene initialized: 800x640
17:47:16.064 [FXGL Background Thread 1 ] DEBUG GameApplicationServi - Application scenes initialized
17:47:16.077 [FXGL Background Thread 1 ] DEBUG SystemBundleService  - Loading FXGL system data
17:47:16.080 [FXGL Background Thread 1 ] DEBUG FileSystemAccess     - Reading from: C:\Users\lyle\IdeaProjects\MazeGame\system\fxgl.bundle
17:47:16.087 [FXGL Background Thread 1 ] DEBUG SystemBundleService  - Bundle FXGL: {}
17:47:16.087 [FXGL Background Thread 1 ] DEBUG UpdaterService       - Checking for updates
17:47:16.090 [FXGL Background Thread 4 ] DEBUG FXGLApplication      - Loading fonts
17:47:16.090 [FXGL Background Thread 4 ] DEBUG FXGLAssetLoaderServi - Loading from file system: jar:file:///C:/Users/lyle/.m2/repository/com/github/almasb/fxgl/17.3/fxgl-17.3.jar!/fxglassets/ui/fonts/VarelaRound-Regular.ttf
17:47:16.090 [FXGL Background Thread 1 ] DEBUG FXGLApplication      - Loading default localization
17:47:16.091 [FXGL Background Thread 1 ] DEBUG FXGLAssetLoaderServi - Loading from file system: jar:file:///C:/Users/lyle/.m2/repository/com/github/almasb/fxgl/17.3/fxgl-17.3.jar!/fxglassets/languages/english.lang
17:47:16.124 [FXGL Background Thread 1 ] INFO  FXGLApplication      - FXGL initialization took: 0,251 sec
17:47:16.127 [FXGL Background Thread 4 ] DEBUG FXGLAssetLoaderServi - Loading from file system: jar:file:///C:/Users/lyle/.m2/repository/com/github/almasb/fxgl/17.3/fxgl-17.3.jar!/fxglassets/ui/fonts/Abel-Regular.ttf
17:47:16.130 [FXGL Background Thread 4 ] DEBUG FXGLAssetLoaderServi - Loading from file system: jar:file:///C:/Users/lyle/.m2/repository/com/github/almasb/fxgl/17.3/fxgl-17.3.jar!/fxglassets/ui/fonts/TerminalLandMono-Regular.otf
17:47:16.133 [FXGL Background Thread 4 ] DEBUG FXGLAssetLoaderServi - Loading from file system: jar:file:///C:/Users/lyle/.m2/repository/com/github/almasb/fxgl/17.3/fxgl-17.3.jar!/fxglassets/ui/fonts/Courier-Prime.ttf
17:47:16.138 [JavaFX Application Thread] DEBUG Input                - Registered new binding: player-move-up - Up
17:47:16.138 [JavaFX Application Thread] DEBUG Input                - Registered new binding: player-move-down - Down
17:47:16.138 [JavaFX Application Thread] DEBUG Input                - Registered new binding: player-move-left - Left
17:47:16.138 [JavaFX Application Thread] DEBUG Input                - Registered new binding: player-move-right - Right
17:47:16.138 [JavaFX Application Thread] DEBUG Input                - Registered new binding: player-jump - Space
17:47:16.139 [JavaFX Application Thread] DEBUG Input                - Registered new binding: player-spawns-brick - W
17:47:16.139 [JavaFX Application Thread] DEBUG Input                - Registered new binding: player-spawns-flag - Z
17:47:16.139 [JavaFX Application Thread] DEBUG Input                - Registered new binding: player-spawns-bullet - F
17:47:16.139 [JavaFX Application Thread] DEBUG Input                - Registered new binding: player-spawns-fence-vertical - V
17:47:16.140 [JavaFX Application Thread] DEBUG Input                - Registered new binding: player-spawns-fence-horizontal - H
17:47:16.140 [JavaFX Application Thread] DEBUG Input                - Registered new binding: player-plants - P
17:47:16.141 [JavaFX Application Thread] DEBUG Input                - Registered new binding: player-spawns-cannon - C
17:47:16.141 [JavaFX Application Thread] DEBUG Input                - Registered new binding: player-bombs - B
17:47:16.142 [JavaFX Application Thread] DEBUG FXGLAssetLoaderServi - Loading from file system: file:/C:/Users/lyle/IdeaProjects/MazeGame/target/classes/assets/textures/island-wall.png
17:47:16.172 [JavaFX Application Thread] DEBUG FXGLAssetLoaderServi - Loading from file system: jar:file:///C:/Users/lyle/.m2/repository/com/github/almasb/fxgl/17.3/fxgl-17.3.jar!/fxglassets/textures/fxgl_default_cursor.png
17:47:16.180 [JavaFX Application Thread] DEBUG Input                - Registered new binding: Screenshot - CTRL+8
17:47:16.181 [JavaFX Application Thread] DEBUG Input                - Registered new binding: System info dump - CTRL+9
17:47:16.183 [JavaFX Application Thread] DEBUG Input                - Registered new binding: Restart - CTRL+R
17:47:16.185 [JavaFX Application Thread] DEBUG Input                - Registered new binding: Toggle Debug Camera - CTRL+7
17:47:16.188 [JavaFX Application Thread] DEBUG LoopRunner           - Starting loop
17:47:16.188 [JavaFX Application Thread] DEBUG LoopRunner           - Initializing JavaFX AnimationTimerLoop
17:47:16.191 [JavaFX Application Thread] DEBUG GameApplicationServi - Starting new game
17:47:16.191 [JavaFX Application Thread] DEBUG Input                - Clearing active input actions
17:47:16.211 [JavaFX Application Thread] DEBUG GameApplicationServi - Removing overlay from FXGLStartupScene and adding to FXGLLoadingScene
17:47:16.211 [JavaFX Application Thread] DEBUG PrimaryStageWindow   - FXGLStartupScene -> FXGLLoadingScene
17:47:16.211 [JavaFX Application Thread] DEBUG GameApplicationServi - Clearing previous game
17:47:16.211 [JavaFX Application Thread] DEBUG GameScene            - Clearing game scene
17:47:16.211 [JavaFX Application Thread] DEBUG GameWorld            - Clearing game world
17:47:16.211 [JavaFX Application Thread] DEBUG PhysicsWorld         - Clearing physics world
17:47:16.213 [FXGL Background Thread 4 ] DEBUG FXGLApplication      - Initializing game
17:47:16.213 [JavaFX Application Thread] DEBUG FXGLApplication      - Registering font factories with UI factory
17:47:16.214 [FXGL Background Thread 4 ] DEBUG FXGLAssetLoaderServi - Loading from file system: file:/C:/Users/lyle/IdeaProjects/MazeGame/target/classes/assets/music/game-music.mp3
17:47:16.372 [FXGL Background Thread 4 ] DEBUG AudioPlayer          - Playing music com.almasb.fxgl.audio.Music@3601916a
17:47:16.378 [FXGL Background Thread 4 ] DEBUG FXGLAssetLoaderServi - Loading from file system: file:/C:/Users/lyle/IdeaProjects/MazeGame/target/classes/assets/textures/map.png
17:47:16.425 [FXGL Background Thread 4 ] DEBUG FXGLAssetLoaderServi - Loading from file system: file:/C:/Users/lyle/IdeaProjects/MazeGame/target/classes/assets/textures/left-border.png
17:47:16.442 [FXGL Background Thread 4 ] DEBUG FXGLAssetLoaderServi - Loading from file system: file:/C:/Users/lyle/IdeaProjects/MazeGame/target/classes/assets/textures/right-border.png
17:47:16.446 [FXGL Background Thread 4 ] DEBUG FXGLAssetLoaderServi - Loading from file system: file:/C:/Users/lyle/IdeaProjects/MazeGame/target/classes/assets/textures/bottom-top-border.png
17:47:16.450 [FXGL Background Thread 4 ] DEBUG FXGLAssetLoaderServi - Loading from file system: file:/C:/Users/lyle/IdeaProjects/MazeGame/target/classes/assets/textures/wall.png
17:47:16.453 [FXGL Background Thread 4 ] DEBUG FXGLAssetLoaderServi - Loading from file system: file:/C:/Users/lyle/IdeaProjects/MazeGame/target/classes/assets/textures/wall-2.png
17:47:16.458 [FXGL Background Thread 4 ] DEBUG FXGLAssetLoaderServi - Loading from file system: file:/C:/Users/lyle/IdeaProjects/MazeGame/target/classes/assets/textures/wall-1.png
17:47:16.464 [FXGL Background Thread 4 ] DEBUG FXGLAssetLoaderServi - Loading from file system: file:/C:/Users/lyle/IdeaProjects/MazeGame/target/classes/assets/textures/water-fountain.png
17:47:16.475 [FXGL Background Thread 4 ] DEBUG FXGLAssetLoaderServi - Loading from file system: file:/C:/Users/lyle/IdeaProjects/MazeGame/target/classes/assets/textures/pond.png
17:47:16.477 [FXGL Background Thread 4 ] DEBUG FXGLAssetLoaderServi - Loading from file system: file:/C:/Users/lyle/IdeaProjects/MazeGame/target/classes/assets/textures/waves.png
17:47:16.488 [FXGL Background Thread 4 ] DEBUG FXGLAssetLoaderServi - Loading from file system: file:/C:/Users/lyle/IdeaProjects/MazeGame/target/classes/assets/textures/no-waves.png
17:47:16.491 [FXGL Background Thread 4 ] DEBUG FXGLAssetLoaderServi - Loading from file system: file:/C:/Users/lyle/IdeaProjects/MazeGame/target/classes/assets/textures/character.png
17:47:16.655 [FXGL Background Thread 4 ] INFO  FXGLApplication      - Game initialization took: 0,442 sec
17:47:16.664 [JavaFX Application Thread] DEBUG Input                - Clearing active input actions
17:47:16.692 [JavaFX Application Thread] DEBUG GameApplicationServi - Removing overlay from FXGLLoadingScene and adding to GameScene
17:47:16.693 [JavaFX Application Thread] DEBUG PrimaryStageWindow   - FXGLLoadingScene -> GameScene
17:47:18.359 [JavaFX Application Thread] DEBUG FXGLApplication      - Exiting FXGL
17:47:18.359 [JavaFX Application Thread] DEBUG LoopRunner           - Stopping loop
17:47:18.359 [JavaFX Application Thread] DEBUG SystemBundleService  - Saving FXGL system data
17:47:18.361 [JavaFX Application Thread] DEBUG FileSystemAccess     - Writing to: C:\Users\lyle\IdeaProjects\MazeGame\system\fxgl.bundle
17:47:18.363 [JavaFX Application Thread] DEBUG Async                - Shutting down background threads
17:47:18.363 [JavaFX Application Thread] DEBUG PrimaryStageWindow   - Closing main window
17:47:18.377 [JavaFX Application Thread] DEBUG Logger               - Closing Logger
