20:52:03.756 [AWT-EventQueue-0         ] DEBUG Logger               - Configured Logger
20:52:03.772 [AWT-EventQueue-0         ] DEBUG GameApplication      - Logging settings
Title: Dead Acres
Version: 1.0.0
Width: 800
Height: 640
Fullscreen: false
Intro: false
Profiling: false
Single step:false
App Mode: DEVELOPER
Menu Key: ESCAPE
Stage Style: DECORATED
Scene Factory: class com.almasb.fxgl.app.scene.SceneFactory

20:52:03.871 [JavaFX Application Thread] DEBUG FXGLApplication      - Initializing FXGL
20:52:03.875 [JavaFX Application Thread] INFO  Engine               - FXGL-17.3 (30.03.2023 11.49) on WINDOWS (J:21.0.11 FX:21)
20:52:03.875 [JavaFX Application Thread] DEBUG Engine               - JRE Vendor Name: Microsoft
20:52:03.876 [JavaFX Application Thread] DEBUG Engine               - Running on OS: Windows 11 version 10.0
20:52:03.876 [JavaFX Application Thread] DEBUG Engine               - Architecture: amd64
20:52:03.876 [JavaFX Application Thread] INFO  Engine               - Source code and latest versions at: https://github.com/AlmasB/FXGL
20:52:03.876 [JavaFX Application Thread] INFO  Engine               -       Ask questions and discuss at: https://github.com/AlmasB/FXGL/discussions
20:52:03.876 [JavaFX Application Thread] INFO  Engine               -              Join the FXGL chat at: https://gitter.im/AlmasB/FXGL
20:52:03.949 [JavaFX Application Thread] DEBUG PrimaryStageWindow   - Creating a JavaFX scene
20:52:04.024 [JavaFX Application Thread] DEBUG PrimaryStageWindow   - Target settings size: 800.0 x 640.0
20:52:04.024 [JavaFX Application Thread] DEBUG PrimaryStageWindow   - Scaled scene size:    800.0 x 640.0
20:52:04.025 [JavaFX Application Thread] DEBUG PrimaryStageWindow   - Scaled ratio: (1.0, 1.0)
20:52:04.027 [JavaFX Application Thread] DEBUG PrimaryStageWindow   - Set initial scene to FXGLStartupScene
20:52:04.030 [JavaFX Application Thread] DEBUG PrimaryStageWindow   - Opening main window
20:52:04.112 [JavaFX Application Thread] DEBUG PrimaryStageWindow   - Window border size: (16.0, 39.0)
20:52:04.112 [JavaFX Application Thread] DEBUG PrimaryStageWindow   - Scaled size: 800.0 x 640.0
20:52:04.113 [JavaFX Application Thread] DEBUG PrimaryStageWindow   - Scaled ratio: (1.0, 1.0)
20:52:04.113 [JavaFX Application Thread] DEBUG PrimaryStageWindow   - Scene size: 800.0 x 640.0
20:52:04.113 [JavaFX Application Thread] DEBUG PrimaryStageWindow   - Stage size: 816.0 x 679.0
20:52:04.118 [FXGL Background Thread 1 ] DEBUG Engine               - Initializing environment variables
20:52:04.160 [FXGL Background Thread 1 ] DEBUG FXGLAssetLoaderServi - User app class for loading assets: class lylesmal.openworldgame.PlayDeadAcres
20:52:04.160 [FXGL Background Thread 1 ] DEBUG GameApplicationServi - Applying CSS: fxgl_dark.css
20:52:04.161 [FXGL Background Thread 1 ] DEBUG FXGLAssetLoaderServi - Loading from file system: jar:file:///C:/Users/lyle/.m2/repository/com/github/almasb/fxgl/17.3/fxgl-17.3.jar!/fxglassets/ui/css/fxgl_dark.css
20:52:04.203 [FXGL Background Thread 1 ] DEBUG GameApplicationServi - Initializing application scenes
20:52:04.226 [FXGL Background Thread 1 ] DEBUG GameWorld            - Game world initialized
20:52:04.307 [FXGL Background Thread 1 ] DEBUG PhysicsWorld         - Physics world initialized: appHeight=640, physics.ppm=50,0
20:52:04.308 [FXGL Background Thread 1 ] DEBUG PhysicsWorld         - Using strategy: BRUTE_FORCE
20:52:04.310 [FXGL Background Thread 1 ] DEBUG GameScene            - Game scene initialized: 800x640
20:52:04.322 [FXGL Background Thread 1 ] DEBUG FXGL.DefaultMenu     - createMenuBodyGameMenu()
20:52:04.334 [FXGL Background Thread 1 ] DEBUG FXGL.DefaultMenu     - createOptionsMenu()
20:52:04.343 [FXGL Background Thread 1 ] DEBUG FXGLAssetLoaderServi - Loading from file system: jar:file:///C:/Users/lyle/.m2/repository/com/github/almasb/fxgl/17.3/fxgl-17.3.jar!/fxglassets/textures/particles/smoke.png
20:52:04.446 [FXGL Background Thread 1 ] DEBUG FXGLAssetLoaderServi - Loading from file system: jar:file:///C:/Users/lyle/.m2/repository/com/github/almasb/fxgl/17.3/fxgl-17.3.jar!/fxglassets/textures/particles/trace_horizontal.png
20:52:04.481 [FXGL Background Thread 1 ] DEBUG GameApplicationServi - Application scenes initialized
20:52:04.493 [FXGL Background Thread 1 ] DEBUG SystemBundleService  - Loading FXGL system data
20:52:04.495 [FXGL Background Thread 1 ] DEBUG FileSystemAccess     - Reading from: C:\Users\lyle\IdeaProjects\MazeGame\system\fxgl.bundle
20:52:04.502 [FXGL Background Thread 1 ] DEBUG SystemBundleService  - Bundle FXGL: {}
20:52:04.502 [FXGL Background Thread 1 ] DEBUG UpdaterService       - Checking for updates
20:52:04.504 [FXGL Background Thread 4 ] DEBUG FXGLApplication      - Loading fonts
20:52:04.505 [FXGL Background Thread 4 ] DEBUG FXGLAssetLoaderServi - Loading from file system: jar:file:///C:/Users/lyle/.m2/repository/com/github/almasb/fxgl/17.3/fxgl-17.3.jar!/fxglassets/ui/fonts/VarelaRound-Regular.ttf
20:52:04.505 [FXGL Background Thread 1 ] DEBUG FXGLApplication      - Loading default localization
20:52:04.505 [FXGL Background Thread 1 ] DEBUG FXGLAssetLoaderServi - Loading from file system: jar:file:///C:/Users/lyle/.m2/repository/com/github/almasb/fxgl/17.3/fxgl-17.3.jar!/fxglassets/languages/english.lang
20:52:04.525 [FXGL Background Thread 1 ] INFO  FXGLApplication      - FXGL initialization took: 0,407 sec
20:52:04.535 [FXGL Background Thread 4 ] DEBUG FXGLAssetLoaderServi - Loading from file system: jar:file:///C:/Users/lyle/.m2/repository/com/github/almasb/fxgl/17.3/fxgl-17.3.jar!/fxglassets/ui/fonts/Abel-Regular.ttf
20:52:04.537 [JavaFX Application Thread] DEBUG Input                - Registered new binding: player-move-up - Up
20:52:04.538 [JavaFX Application Thread] DEBUG Input                - Registered new binding: player-move-down - Down
20:52:04.538 [JavaFX Application Thread] DEBUG Input                - Registered new binding: player-move-left - Left
20:52:04.538 [JavaFX Application Thread] DEBUG Input                - Registered new binding: player-move-right - Right
20:52:04.538 [FXGL Background Thread 4 ] DEBUG FXGLAssetLoaderServi - Loading from file system: jar:file:///C:/Users/lyle/.m2/repository/com/github/almasb/fxgl/17.3/fxgl-17.3.jar!/fxglassets/ui/fonts/TerminalLandMono-Regular.otf
20:52:04.538 [JavaFX Application Thread] DEBUG Input                - Registered new binding: player-jump - Space
20:52:04.539 [JavaFX Application Thread] DEBUG Input                - Registered new binding: player-spawns-brick - W
20:52:04.539 [JavaFX Application Thread] DEBUG Input                - Registered new binding: player-spawns-flag - Z
20:52:04.539 [JavaFX Application Thread] DEBUG Input                - Registered new binding: player-spawns-bullet - F
20:52:04.539 [JavaFX Application Thread] DEBUG Input                - Registered new binding: player-spawns-fence-vertical - V
20:52:04.540 [JavaFX Application Thread] DEBUG Input                - Registered new binding: player-spawns-fence-horizontal - H
20:52:04.540 [JavaFX Application Thread] DEBUG Input                - Registered new binding: player-plants - P
20:52:04.541 [JavaFX Application Thread] DEBUG Input                - Registered new binding: player-spawns-cannon - C
20:52:04.541 [JavaFX Application Thread] DEBUG Input                - Registered new binding: player-bombs - B
20:52:04.541 [FXGL Background Thread 4 ] DEBUG FXGLAssetLoaderServi - Loading from file system: jar:file:///C:/Users/lyle/.m2/repository/com/github/almasb/fxgl/17.3/fxgl-17.3.jar!/fxglassets/ui/fonts/Courier-Prime.ttf
20:52:04.541 [JavaFX Application Thread] DEBUG FXGLAssetLoaderServi - Loading from file system: file:/C:/Users/lyle/IdeaProjects/MazeGame/target/classes/assets/textures/island-wall.png
20:52:04.553 [JavaFX Application Thread] DEBUG FXGLAssetLoaderServi - Loading from file system: jar:file:///C:/Users/lyle/.m2/repository/com/github/almasb/fxgl/17.3/fxgl-17.3.jar!/fxglassets/textures/fxgl_default_cursor.png
20:52:04.555 [JavaFX Application Thread] DEBUG Input                - Registered new binding: Screenshot - CTRL+8
20:52:04.556 [JavaFX Application Thread] DEBUG Input                - Registered new binding: System info dump - CTRL+9
20:52:04.557 [JavaFX Application Thread] DEBUG Input                - Registered new binding: Restart - CTRL+R
20:52:04.558 [JavaFX Application Thread] DEBUG Input                - Registered new binding: Toggle Debug Camera - CTRL+7
20:52:04.559 [JavaFX Application Thread] DEBUG LoopRunner           - Starting loop
20:52:04.559 [JavaFX Application Thread] DEBUG LoopRunner           - Initializing JavaFX AnimationTimerLoop
20:52:04.561 [JavaFX Application Thread] DEBUG GameApplicationServi - Starting new game
20:52:04.561 [JavaFX Application Thread] DEBUG Input                - Clearing active input actions
20:52:04.575 [JavaFX Application Thread] DEBUG GameApplicationServi - Removing overlay from FXGLStartupScene and adding to FXGLLoadingScene
20:52:04.575 [JavaFX Application Thread] DEBUG PrimaryStageWindow   - FXGLStartupScene -> FXGLLoadingScene
20:52:04.576 [JavaFX Application Thread] DEBUG GameApplicationServi - Clearing previous game
20:52:04.576 [JavaFX Application Thread] DEBUG GameScene            - Clearing game scene
20:52:04.576 [JavaFX Application Thread] DEBUG GameWorld            - Clearing game world
20:52:04.576 [JavaFX Application Thread] DEBUG PhysicsWorld         - Clearing physics world
20:52:04.578 [JavaFX Application Thread] DEBUG FXGLApplication      - Registering font factories with UI factory
20:52:04.578 [FXGL Background Thread 4 ] DEBUG FXGLApplication      - Initializing game
20:52:04.580 [FXGL Background Thread 4 ] DEBUG FXGLAssetLoaderServi - Loading from file system: file:/C:/Users/lyle/IdeaProjects/MazeGame/target/classes/assets/music/game-music.mp3
20:52:04.693 [FXGL Background Thread 4 ] DEBUG AudioPlayer          - Playing music com.almasb.fxgl.audio.Music@5b0a41ee
20:52:04.695 [FXGL Background Thread 4 ] DEBUG FXGLAssetLoaderServi - Loading from file system: file:/C:/Users/lyle/IdeaProjects/MazeGame/target/classes/assets/textures/map.png
20:52:04.730 [FXGL Background Thread 4 ] DEBUG FXGLAssetLoaderServi - Loading from file system: file:/C:/Users/lyle/IdeaProjects/MazeGame/target/classes/assets/textures/left-border.png
20:52:04.746 [FXGL Background Thread 4 ] DEBUG FXGLAssetLoaderServi - Loading from file system: file:/C:/Users/lyle/IdeaProjects/MazeGame/target/classes/assets/textures/right-border.png
20:52:04.749 [FXGL Background Thread 4 ] DEBUG FXGLAssetLoaderServi - Loading from file system: file:/C:/Users/lyle/IdeaProjects/MazeGame/target/classes/assets/textures/bottom-top-border.png
20:52:04.754 [FXGL Background Thread 4 ] DEBUG FXGLAssetLoaderServi - Loading from file system: file:/C:/Users/lyle/IdeaProjects/MazeGame/target/classes/assets/textures/wall.png
20:52:04.756 [FXGL Background Thread 4 ] DEBUG FXGLAssetLoaderServi - Loading from file system: file:/C:/Users/lyle/IdeaProjects/MazeGame/target/classes/assets/textures/wall-2.png
20:52:04.760 [FXGL Background Thread 4 ] DEBUG FXGLAssetLoaderServi - Loading from file system: file:/C:/Users/lyle/IdeaProjects/MazeGame/target/classes/assets/textures/wall-1.png
20:52:04.766 [FXGL Background Thread 4 ] DEBUG FXGLAssetLoaderServi - Loading from file system: file:/C:/Users/lyle/IdeaProjects/MazeGame/target/classes/assets/textures/water-fountain.png
20:52:04.773 [FXGL Background Thread 4 ] DEBUG FXGLAssetLoaderServi - Loading from file system: file:/C:/Users/lyle/IdeaProjects/MazeGame/target/classes/assets/textures/pond.png
20:52:04.776 [FXGL Background Thread 4 ] DEBUG FXGLAssetLoaderServi - Loading from file system: file:/C:/Users/lyle/IdeaProjects/MazeGame/target/classes/assets/textures/waves.png
20:52:04.784 [FXGL Background Thread 4 ] DEBUG FXGLAssetLoaderServi - Loading from file system: file:/C:/Users/lyle/IdeaProjects/MazeGame/target/classes/assets/textures/no-waves.png
20:52:04.793 [FXGL Background Thread 4 ] DEBUG FXGLAssetLoaderServi - Loading from file system: file:/C:/Users/lyle/IdeaProjects/MazeGame/target/classes/assets/textures/character.png
20:52:04.804 [FXGL Background Thread 4 ] DEBUG FXGLAssetLoaderServi - Loading from file system: file:/C:/Users/lyle/IdeaProjects/MazeGame/target/classes/assets/textures/ARROWUP.png
20:52:04.805 [FXGL Background Thread 4 ] DEBUG FXGLAssetLoaderServi - Loading from file system: file:/C:/Users/lyle/IdeaProjects/MazeGame/target/classes/assets/textures/ARROWLEFT.png
20:52:04.805 [FXGL Background Thread 4 ] DEBUG FXGLAssetLoaderServi - Loading from file system: file:/C:/Users/lyle/IdeaProjects/MazeGame/target/classes/assets/textures/ARROWDOWN.png
20:52:04.806 [FXGL Background Thread 4 ] DEBUG FXGLAssetLoaderServi - Loading from file system: file:/C:/Users/lyle/IdeaProjects/MazeGame/target/classes/assets/textures/ARROWRIGHT.png
20:52:04.807 [FXGL Background Thread 4 ] INFO  FXGLApplication      - Game initialization took: 0,229 sec
20:52:04.818 [JavaFX Application Thread] DEBUG Input                - Clearing active input actions
20:52:04.828 [JavaFX Application Thread] DEBUG GameApplicationServi - Removing overlay from FXGLLoadingScene and adding to GameScene
20:52:04.828 [JavaFX Application Thread] DEBUG PrimaryStageWindow   - FXGLLoadingScene -> GameScene
20:52:05.226 [FXGL Background Thread 2 ] INFO  UpdaterService       - Your current version:  17.3
20:52:05.227 [FXGL Background Thread 2 ] INFO  UpdaterService       - Latest stable version: 25
20:52:05.898 [JavaFX Application Thread] DEBUG FXGLAssetLoaderServi - Loading from file system: file:/C:/Users/lyle/IdeaProjects/MazeGame/target/classes/assets/textures/character-down.png
20:52:06.996 [JavaFX Application Thread] DEBUG FXGLAssetLoaderServi - Loading from file system: file:/C:/Users/lyle/IdeaProjects/MazeGame/target/classes/assets/textures/character-up.png
20:52:07.504 [FXGL Background Thread 3 ] DEBUG Engine               - Logging environment variables
20:52:07.504 [FXGL Background Thread 3 ] DEBUG Engine               - achievements: []
20:52:07.504 [FXGL Background Thread 3 ] DEBUG Engine               - actualHeight: 640.0
20:52:07.504 [FXGL Background Thread 3 ] DEBUG Engine               - actualHeightProperty: ReadOnlyDoubleProperty [value: 640.0]
20:52:07.504 [FXGL Background Thread 3 ] DEBUG Engine               - actualWidth: 800.0
20:52:07.504 [FXGL Background Thread 3 ] DEBUG Engine               - actualWidthProperty: ReadOnlyDoubleProperty [value: 800.0]
20:52:07.504 [FXGL Background Thread 3 ] DEBUG Engine               - appIcon: island-wall.png
20:52:07.504 [FXGL Background Thread 3 ] DEBUG Engine               - applicationMode: DEVELOPER
20:52:07.504 [FXGL Background Thread 3 ] DEBUG Engine               - cSSList: [fxgl_dark.css]
20:52:07.504 [FXGL Background Thread 3 ] DEBUG Engine               - collisionDetectionStrategy: BRUTE_FORCE
20:52:07.504 [FXGL Background Thread 3 ] DEBUG Engine               - configClass: Optional.empty
20:52:07.504 [FXGL Background Thread 3 ] DEBUG Engine               - credits: []
20:52:07.505 [FXGL Background Thread 3 ] DEBUG Engine               - defaultCursor: CursorInfo(imageName=fxgl_default_cursor.png, hotspotX=7.0, hotspotY=6.0)
20:52:07.505 [FXGL Background Thread 3 ] DEBUG Engine               - devBBoxColorProperty: ObjectProperty [value: 0xff0000ff]
20:52:07.505 [FXGL Background Thread 3 ] DEBUG Engine               - devEnableDebugCameraProperty: BooleanProperty [value: false]
20:52:07.505 [FXGL Background Thread 3 ] DEBUG Engine               - devSensorColorProperty: ObjectProperty [value: 0xffff00ff]
20:52:07.505 [FXGL Background Thread 3 ] DEBUG Engine               - devShowBBoxProperty: BooleanProperty [value: false]
20:52:07.505 [FXGL Background Thread 3 ] DEBUG Engine               - devShowPositionProperty: BooleanProperty [value: false]
20:52:07.505 [FXGL Background Thread 3 ] DEBUG Engine               - enabledMenuItems: []
20:52:07.505 [FXGL Background Thread 3 ] DEBUG Engine               - engineServices: [class com.almasb.fxgl.app.services.FXGLAssetLoaderService, class com.almasb.fxgl.app.FXGLApplication$GameApplicationService, class com.almasb.fxgl.app.services.FXGLDialogService, class com.almasb.fxgl.app.services.IOTaskExecutorService, class com.almasb.fxgl.io.FileSystemService, class com.almasb.fxgl.localization.LocalizationService, class com.almasb.fxgl.app.services.SystemBundleService, class com.almasb.fxgl.profile.SaveLoadService, class com.almasb.fxgl.ui.FXGLUIFactoryServiceProvider, class com.almasb.fxgl.ui.FXGLDialogFactoryServiceProvider, class com.almasb.fxgl.audio.AudioPlayer, class com.almasb.fxgl.notification.impl.NotificationServiceProvider, class com.almasb.fxgl.achievement.AchievementService, class com.almasb.fxgl.cutscene.CutsceneService, class com.almasb.fxgl.minigames.MiniGameService, class com.almasb.fxgl.net.NetService, class com.almasb.fxgl.app.services.UpdaterService, class com.almasb.fxgl.dev.DevService]
20:52:07.505 [FXGL Background Thread 3 ] DEBUG Engine               - fontGame: Abel-Regular.ttf
20:52:07.505 [FXGL Background Thread 3 ] DEBUG Engine               - fontMono: TerminalLandMono-Regular.otf
20:52:07.505 [FXGL Background Thread 3 ] DEBUG Engine               - fontSizeScaleUI: 1.0
20:52:07.505 [FXGL Background Thread 3 ] DEBUG Engine               - fontText: Courier-Prime.ttf
20:52:07.505 [FXGL Background Thread 3 ] DEBUG Engine               - fontUI: VarelaRound-Regular.ttf
20:52:07.505 [FXGL Background Thread 3 ] DEBUG Engine               - fullScreen: BooleanProperty [value: false]
20:52:07.505 [FXGL Background Thread 3 ] DEBUG Engine               - gameDifficulty: MEDIUM
20:52:07.506 [FXGL Background Thread 3 ] DEBUG Engine               - gameDifficultyProperty: ObjectProperty [value: MEDIUM]
20:52:07.506 [FXGL Background Thread 3 ] DEBUG Engine               - globalMusicVolume: 0.5
20:52:07.506 [FXGL Background Thread 3 ] DEBUG Engine               - globalMusicVolumeProperty: DoubleProperty [value: 0.5]
20:52:07.506 [FXGL Background Thread 3 ] DEBUG Engine               - globalSoundVolume: 0.5
20:52:07.506 [FXGL Background Thread 3 ] DEBUG Engine               - globalSoundVolumeProperty: DoubleProperty [value: 0.5]
20:52:07.506 [FXGL Background Thread 3 ] DEBUG Engine               - height: 640
20:52:07.506 [FXGL Background Thread 3 ] DEBUG Engine               - is3D: false
20:52:07.506 [FXGL Background Thread 3 ] DEBUG Engine               - isAndroid: false
20:52:07.506 [FXGL Background Thread 3 ] DEBUG Engine               - isBrowser: false
20:52:07.506 [FXGL Background Thread 3 ] DEBUG Engine               - isClickFeedbackEnabled: false
20:52:07.506 [FXGL Background Thread 3 ] DEBUG Engine               - isCloseConfirmation: false
20:52:07.506 [FXGL Background Thread 3 ] DEBUG Engine               - isDesktop: true
20:52:07.506 [FXGL Background Thread 3 ] DEBUG Engine               - isDeveloperMenuEnabled: false
20:52:07.506 [FXGL Background Thread 3 ] DEBUG Engine               - isEmbedded: false
20:52:07.506 [FXGL Background Thread 3 ] DEBUG Engine               - isEntityPreloadEnabled: true
20:52:07.506 [FXGL Background Thread 3 ] DEBUG Engine               - isExperimentalTiledLargeMap: false
20:52:07.506 [FXGL Background Thread 3 ] DEBUG Engine               - isFileSystemWriteAllowed: true
20:52:07.506 [FXGL Background Thread 3 ] DEBUG Engine               - isFullScreenAllowed: false
20:52:07.506 [FXGL Background Thread 3 ] DEBUG Engine               - isFullScreenFromStart: false
20:52:07.506 [FXGL Background Thread 3 ] DEBUG Engine               - isGameMenuEnabled: true
20:52:07.506 [FXGL Background Thread 3 ] DEBUG Engine               - isIOS: false
20:52:07.506 [FXGL Background Thread 3 ] DEBUG Engine               - isIntroEnabled: false
20:52:07.506 [FXGL Background Thread 3 ] DEBUG Engine               - isLinux: false
20:52:07.506 [FXGL Background Thread 3 ] DEBUG Engine               - isMac: false
20:52:07.506 [FXGL Background Thread 3 ] DEBUG Engine               - isMainMenuEnabled: false
20:52:07.506 [FXGL Background Thread 3 ] DEBUG Engine               - isManualResizeEnabled: false
20:52:07.506 [FXGL Background Thread 3 ] DEBUG Engine               - isMobile: false
20:52:07.506 [FXGL Background Thread 3 ] DEBUG Engine               - isNative: false
20:52:07.506 [FXGL Background Thread 3 ] DEBUG Engine               - isPauseMusicWhenMinimized: true
20:52:07.506 [FXGL Background Thread 3 ] DEBUG Engine               - isPreserveResizeRatio: false
20:52:07.506 [FXGL Background Thread 3 ] DEBUG Engine               - isProfilingEnabled: false
20:52:07.507 [FXGL Background Thread 3 ] DEBUG Engine               - isScaleAffectedOnResize: true
20:52:07.507 [FXGL Background Thread 3 ] DEBUG Engine               - isSingleStep: false
20:52:07.507 [FXGL Background Thread 3 ] DEBUG Engine               - isUserProfileEnabled: false
20:52:07.507 [FXGL Background Thread 3 ] DEBUG Engine               - isWindows: true
20:52:07.507 [FXGL Background Thread 3 ] DEBUG Engine               - language: ObjectProperty [value: ENGLISH]
20:52:07.507 [FXGL Background Thread 3 ] DEBUG Engine               - menuKey: ESCAPE
20:52:07.507 [FXGL Background Thread 3 ] DEBUG Engine               - mouseSensitivity: 0.2
20:52:07.507 [FXGL Background Thread 3 ] DEBUG Engine               - notificationViewClass: class com.almasb.fxgl.notification.view.XboxNotificationView
20:52:07.507 [FXGL Background Thread 3 ] DEBUG Engine               - pixelsPerMeter: 50.0
20:52:07.507 [FXGL Background Thread 3 ] DEBUG Engine               - platform: WINDOWS
20:52:07.507 [FXGL Background Thread 3 ] DEBUG Engine               - prefHeightProperty: ReadOnlyDoubleProperty [value: 640.0]
20:52:07.507 [FXGL Background Thread 3 ] DEBUG Engine               - prefWidthProperty: ReadOnlyDoubleProperty [value: 800.0]
20:52:07.507 [FXGL Background Thread 3 ] DEBUG Engine               - profileDir: profiles/
20:52:07.507 [FXGL Background Thread 3 ] DEBUG Engine               - profileName: StringProperty [value: DEFAULT]
20:52:07.507 [FXGL Background Thread 3 ] DEBUG Engine               - randomSeed: -1
20:52:07.507 [FXGL Background Thread 3 ] DEBUG Engine               - runtimeInfo: RuntimeInfo(platform=WINDOWS, version=17.3, build=30.03.2023 11.49)
20:52:07.507 [FXGL Background Thread 3 ] DEBUG Engine               - saveFileExt: sav
20:52:07.507 [FXGL Background Thread 3 ] DEBUG Engine               - scaledHeightProp$fxgl: DoubleProperty [bound, value: 640.0]
20:52:07.507 [FXGL Background Thread 3 ] DEBUG Engine               - scaledWidthProp$fxgl: DoubleProperty [bound, value: 800.0]
20:52:07.507 [FXGL Background Thread 3 ] DEBUG Engine               - sceneFactory: com.almasb.fxgl.app.scene.SceneFactory@741f3f91
20:52:07.507 [FXGL Background Thread 3 ] DEBUG Engine               - secondsIn24h: 60
20:52:07.507 [FXGL Background Thread 3 ] DEBUG Engine               - soundMenuBack: menu/back.wav
20:52:07.507 [FXGL Background Thread 3 ] DEBUG Engine               - soundMenuPress: menu/press.wav
20:52:07.507 [FXGL Background Thread 3 ] DEBUG Engine               - soundMenuSelect: menu/select.wav
20:52:07.507 [FXGL Background Thread 3 ] DEBUG Engine               - soundNotification: core/notification.wav
20:52:07.507 [FXGL Background Thread 3 ] DEBUG Engine               - stageStyle: DECORATED
20:52:07.507 [FXGL Background Thread 3 ] DEBUG Engine               - supportedLanguages: [ENGLISH, FRENCH, GERMAN, HUNGARIAN, RUSSIAN]
20:52:07.508 [FXGL Background Thread 3 ] DEBUG Engine               - ticksPerSecond: -1
20:52:07.508 [FXGL Background Thread 3 ] DEBUG Engine               - title: Dead Acres
20:52:07.508 [FXGL Background Thread 3 ] DEBUG Engine               - urlGithub: https://github.com/AlmasB/FXGL
20:52:07.508 [FXGL Background Thread 3 ] DEBUG Engine               - urlLeaderboard: http://fxgl-top.herokuapp.com/
20:52:07.508 [FXGL Background Thread 3 ] DEBUG Engine               - urlPOM: https://raw.githubusercontent.com/AlmasB/FXGL/release/README.md
20:52:07.508 [FXGL Background Thread 3 ] DEBUG Engine               - userAppClass: class lylesmal.openworldgame.PlayDeadAcres
20:52:07.508 [FXGL Background Thread 3 ] DEBUG Engine               - version: 1.0.0
20:52:07.508 [FXGL Background Thread 3 ] DEBUG Engine               - versionCheckDays: 7
20:52:07.508 [FXGL Background Thread 3 ] DEBUG Engine               - width: 800
20:52:07.508 [FXGL Background Thread 3 ] DEBUG Engine               - Logging services
20:52:07.508 [FXGL Background Thread 3 ] DEBUG Engine               - class com.almasb.fxgl.app.services.FXGLAssetLoaderService
20:52:07.508 [FXGL Background Thread 3 ] DEBUG Engine               - class com.almasb.fxgl.app.FXGLApplication$GameApplicationService
20:52:07.508 [FXGL Background Thread 3 ] DEBUG Engine               - class com.almasb.fxgl.app.services.FXGLDialogService
20:52:07.508 [FXGL Background Thread 3 ] DEBUG Engine               - class com.almasb.fxgl.app.services.IOTaskExecutorService
20:52:07.508 [FXGL Background Thread 3 ] DEBUG Engine               - class com.almasb.fxgl.io.FileSystemService
20:52:07.508 [FXGL Background Thread 3 ] DEBUG Engine               - class com.almasb.fxgl.localization.LocalizationService
20:52:07.508 [FXGL Background Thread 3 ] DEBUG Engine               - class com.almasb.fxgl.app.services.SystemBundleService
20:52:07.508 [FXGL Background Thread 3 ] DEBUG Engine               - class com.almasb.fxgl.profile.SaveLoadService
20:52:07.508 [FXGL Background Thread 3 ] DEBUG Engine               - class com.almasb.fxgl.ui.FXGLUIFactoryServiceProvider
20:52:07.508 [FXGL Background Thread 3 ] DEBUG Engine               - class com.almasb.fxgl.ui.FXGLDialogFactoryServiceProvider
20:52:07.509 [FXGL Background Thread 3 ] DEBUG Engine               - class com.almasb.fxgl.audio.AudioPlayer
20:52:07.509 [FXGL Background Thread 3 ] DEBUG Engine               - class com.almasb.fxgl.notification.impl.NotificationServiceProvider
20:52:07.509 [FXGL Background Thread 3 ] DEBUG Engine               - class com.almasb.fxgl.achievement.AchievementService
20:52:07.509 [FXGL Background Thread 3 ] DEBUG Engine               - class com.almasb.fxgl.cutscene.CutsceneService
20:52:07.509 [FXGL Background Thread 3 ] DEBUG Engine               - class com.almasb.fxgl.minigames.MiniGameService
20:52:07.509 [FXGL Background Thread 3 ] DEBUG Engine               - class com.almasb.fxgl.net.NetService
20:52:07.509 [FXGL Background Thread 3 ] DEBUG Engine               - class com.almasb.fxgl.app.services.UpdaterService
20:52:07.509 [FXGL Background Thread 3 ] DEBUG Engine               - class com.almasb.fxgl.dev.DevService
20:52:10.484 [JavaFX Application Thread] DEBUG FXGLApplication      - Exiting FXGL
20:52:10.484 [JavaFX Application Thread] DEBUG LoopRunner           - Stopping loop
20:52:10.485 [JavaFX Application Thread] DEBUG SystemBundleService  - Saving FXGL system data
20:52:10.486 [JavaFX Application Thread] DEBUG FileSystemAccess     - Writing to: C:\Users\lyle\IdeaProjects\MazeGame\system\fxgl.bundle
20:52:10.488 [JavaFX Application Thread] DEBUG Async                - Shutting down background threads
20:52:10.488 [JavaFX Application Thread] DEBUG PrimaryStageWindow   - Closing main window
20:52:10.501 [JavaFX Application Thread] DEBUG Logger               - Closing Logger
