10:51:15.683 [AWT-EventQueue-0         ] DEBUG Logger               - Configured Logger
10:51:15.697 [AWT-EventQueue-0         ] DEBUG GameApplication      - Logging settings
Title: a-Mazed
Version: 1.0
Width: 800
Height: 640
Fullscreen: false
Intro: false
Profiling: false
Single step:false
App Mode: DEVELOPER
Menu Key: ESCAPE
Stage Style: DECORATED
Scene Factory: class com.almasb.fxgl.app.scene.SceneFactory

10:51:15.837 [JavaFX Application Thread] DEBUG FXGLApplication      - Initializing FXGL
10:51:15.842 [JavaFX Application Thread] INFO  Engine               - FXGL-17.3 (30.03.2023 11.49) on WINDOWS (J:21.0.7 FX:21)
10:51:15.842 [JavaFX Application Thread] DEBUG Engine               - JRE Vendor Name: Microsoft
10:51:15.842 [JavaFX Application Thread] DEBUG Engine               - Running on OS: Windows 10 version 10.0
10:51:15.842 [JavaFX Application Thread] DEBUG Engine               - Architecture: amd64
10:51:15.842 [JavaFX Application Thread] INFO  Engine               - Source code and latest versions at: https://github.com/AlmasB/FXGL
10:51:15.843 [JavaFX Application Thread] INFO  Engine               -       Ask questions and discuss at: https://github.com/AlmasB/FXGL/discussions
10:51:15.843 [JavaFX Application Thread] INFO  Engine               -              Join the FXGL chat at: https://gitter.im/AlmasB/FXGL
10:51:15.962 [JavaFX Application Thread] DEBUG PrimaryStageWindow   - Creating a JavaFX scene
10:51:16.009 [JavaFX Application Thread] DEBUG PrimaryStageWindow   - Target settings size: 800.0 x 640.0
10:51:16.009 [JavaFX Application Thread] DEBUG PrimaryStageWindow   - Scaled scene size:    800.0 x 640.0
10:51:16.010 [JavaFX Application Thread] DEBUG PrimaryStageWindow   - Scaled ratio: (1.0, 1.0)
10:51:16.011 [JavaFX Application Thread] DEBUG PrimaryStageWindow   - Set initial scene to FXGLStartupScene
10:51:16.014 [JavaFX Application Thread] DEBUG PrimaryStageWindow   - Opening main window
10:51:16.179 [JavaFX Application Thread] DEBUG PrimaryStageWindow   - Window border size: (16.0, 39.0)
10:51:16.180 [JavaFX Application Thread] DEBUG PrimaryStageWindow   - Scaled size: 800.0 x 640.0
10:51:16.180 [JavaFX Application Thread] DEBUG PrimaryStageWindow   - Scaled ratio: (1.0, 1.0)
10:51:16.180 [JavaFX Application Thread] DEBUG PrimaryStageWindow   - Scene size: 800.0 x 640.0
10:51:16.181 [JavaFX Application Thread] DEBUG PrimaryStageWindow   - Stage size: 816.0 x 679.0
10:51:16.229 [FXGL Background Thread 1 ] DEBUG Engine               - Initializing environment variables
10:51:16.320 [FXGL Background Thread 1 ] DEBUG FXGLAssetLoaderServi - User app class for loading assets: class lylesmal.openworldgame.MapApplication
10:51:16.320 [FXGL Background Thread 1 ] DEBUG GameApplicationServi - Applying CSS: fxgl_dark.css
10:51:16.321 [FXGL Background Thread 1 ] DEBUG FXGLAssetLoaderServi - Loading from file system: jar:file:///C:/Users/prodb/.m2/repository/com/github/almasb/fxgl/17.3/fxgl-17.3.jar!/fxglassets/ui/css/fxgl_dark.css
10:51:16.394 [FXGL Background Thread 1 ] DEBUG GameApplicationServi - Initializing application scenes
10:51:16.424 [FXGL Background Thread 1 ] DEBUG GameWorld            - Game world initialized
10:51:16.587 [FXGL Background Thread 1 ] DEBUG PhysicsWorld         - Physics world initialized: appHeight=640, physics.ppm=50,0
10:51:16.587 [FXGL Background Thread 1 ] DEBUG PhysicsWorld         - Using strategy: BRUTE_FORCE
10:51:16.590 [FXGL Background Thread 1 ] DEBUG GameScene            - Game scene initialized: 800x640
10:51:16.591 [FXGL Background Thread 1 ] DEBUG GameApplicationServi - Application scenes initialized
10:51:16.615 [FXGL Background Thread 1 ] DEBUG SystemBundleService  - Loading FXGL system data
10:51:16.639 [FXGL Background Thread 1 ] DEBUG FileSystemAccess     - Reading from: E:\OneDrive - Cape Peninsula University of Technology\Game Development\maze-game\system\fxgl.bundle
10:51:16.654 [FXGL Background Thread 1 ] DEBUG SystemBundleService  - Bundle FXGL: {}
10:51:16.654 [FXGL Background Thread 1 ] DEBUG UpdaterService       - Checking for updates
10:51:16.668 [FXGL Background Thread 4 ] DEBUG FXGLApplication      - Loading fonts
10:51:16.669 [FXGL Background Thread 1 ] DEBUG FXGLApplication      - Loading default localization
10:51:16.669 [FXGL Background Thread 4 ] DEBUG FXGLAssetLoaderServi - Loading from file system: jar:file:///C:/Users/prodb/.m2/repository/com/github/almasb/fxgl/17.3/fxgl-17.3.jar!/fxglassets/ui/fonts/VarelaRound-Regular.ttf
10:51:16.669 [FXGL Background Thread 1 ] DEBUG FXGLAssetLoaderServi - Loading from file system: jar:file:///C:/Users/prodb/.m2/repository/com/github/almasb/fxgl/17.3/fxgl-17.3.jar!/fxglassets/languages/english.lang
10:51:16.690 [FXGL Background Thread 1 ] INFO  FXGLApplication      - FXGL initialization took: 0,460 sec
10:51:16.700 [JavaFX Application Thread] DEBUG Input                - Registered new binding: player-move-up - Up
10:51:16.700 [JavaFX Application Thread] DEBUG Input                - Registered new binding: player-move-down - Down
10:51:16.700 [JavaFX Application Thread] DEBUG Input                - Registered new binding: player-move-left - Left
10:51:16.700 [JavaFX Application Thread] DEBUG Input                - Registered new binding: player-move-right - Right
10:51:16.700 [JavaFX Application Thread] DEBUG Input                - Registered new binding: player-jump - Space
10:51:16.701 [JavaFX Application Thread] DEBUG Input                - Registered new binding: player-spawns-brick - W
10:51:16.701 [JavaFX Application Thread] DEBUG Input                - Registered new binding: player-spawns-flag - F
10:51:16.701 [JavaFX Application Thread] DEBUG Input                - Registered new binding: player-spawns-fence-vertical - V
10:51:16.701 [JavaFX Application Thread] DEBUG Input                - Registered new binding: player-spawns-fence-horizontal - H
10:51:16.701 [JavaFX Application Thread] DEBUG Input                - Registered new binding: player-plants - P
10:51:16.701 [JavaFX Application Thread] DEBUG Input                - Registered new binding: player-spawns-cannon - C
10:51:16.703 [JavaFX Application Thread] DEBUG FXGLAssetLoaderServi - Loading from file system: file:/E:/OneDrive%20-%20Cape%20Peninsula%20University%20of%20Technology/Game%20Development/maze-game/target/classes/assets/textures/island-wall.png
10:51:16.754 [FXGL Background Thread 4 ] DEBUG FXGLAssetLoaderServi - Loading from file system: jar:file:///C:/Users/prodb/.m2/repository/com/github/almasb/fxgl/17.3/fxgl-17.3.jar!/fxglassets/ui/fonts/Abel-Regular.ttf
10:51:16.758 [JavaFX Application Thread] DEBUG FXGLAssetLoaderServi - Loading from file system: jar:file:///C:/Users/prodb/.m2/repository/com/github/almasb/fxgl/17.3/fxgl-17.3.jar!/fxglassets/textures/fxgl_default_cursor.png
10:51:16.762 [JavaFX Application Thread] DEBUG Input                - Registered new binding: Screenshot - CTRL+8
10:51:16.763 [JavaFX Application Thread] DEBUG Input                - Registered new binding: System info dump - CTRL+9
10:51:16.763 [JavaFX Application Thread] DEBUG Input                - Registered new binding: Restart - CTRL+R
10:51:16.764 [JavaFX Application Thread] DEBUG Input                - Registered new binding: Toggle Debug Camera - CTRL+7
10:51:16.767 [JavaFX Application Thread] DEBUG LoopRunner           - Starting loop
10:51:16.767 [JavaFX Application Thread] DEBUG LoopRunner           - Initializing JavaFX AnimationTimerLoop
10:51:16.768 [JavaFX Application Thread] DEBUG GameApplicationServi - Starting new game
10:51:16.769 [JavaFX Application Thread] DEBUG Input                - Clearing active input actions
10:51:16.769 [FXGL Background Thread 4 ] DEBUG FXGLAssetLoaderServi - Loading from file system: jar:file:///C:/Users/prodb/.m2/repository/com/github/almasb/fxgl/17.3/fxgl-17.3.jar!/fxglassets/ui/fonts/TerminalLandMono-Regular.otf
10:51:16.790 [JavaFX Application Thread] DEBUG GameApplicationServi - Removing overlay from FXGLStartupScene and adding to FXGLLoadingScene
10:51:16.791 [JavaFX Application Thread] DEBUG PrimaryStageWindow   - FXGLStartupScene -> FXGLLoadingScene
10:51:16.791 [JavaFX Application Thread] DEBUG GameApplicationServi - Clearing previous game
10:51:16.791 [JavaFX Application Thread] DEBUG GameScene            - Clearing game scene
10:51:16.791 [JavaFX Application Thread] DEBUG GameWorld            - Clearing game world
10:51:16.791 [JavaFX Application Thread] DEBUG PhysicsWorld         - Clearing physics world
10:51:16.793 [FXGL Background Thread 1 ] DEBUG FXGLApplication      - Initializing game
10:51:16.795 [FXGL Background Thread 1 ] DEBUG FXGLAssetLoaderServi - Loading from file system: file:/E:/OneDrive%20-%20Cape%20Peninsula%20University%20of%20Technology/Game%20Development/maze-game/target/classes/assets/music/game-music.mp3
10:51:16.932 [JavaFX Application Thread] DEBUG FXGLApplication      - Registering font factories with UI factory
10:51:17.263 [FXGL Background Thread 1 ] DEBUG AudioPlayer          - Playing music com.almasb.fxgl.audio.Music@3ac6b7a1
10:51:17.299 [FXGL Background Thread 1 ] DEBUG FXGLAssetLoaderServi - Loading from file system: file:/E:/OneDrive%20-%20Cape%20Peninsula%20University%20of%20Technology/Game%20Development/maze-game/target/classes/assets/textures/map.png
10:51:17.389 [FXGL Background Thread 1 ] DEBUG FXGLAssetLoaderServi - Loading from file system: file:/E:/OneDrive%20-%20Cape%20Peninsula%20University%20of%20Technology/Game%20Development/maze-game/target/classes/assets/textures/left-border.png
10:51:17.478 [FXGL Background Thread 1 ] DEBUG FXGLAssetLoaderServi - Loading from file system: file:/E:/OneDrive%20-%20Cape%20Peninsula%20University%20of%20Technology/Game%20Development/maze-game/target/classes/assets/textures/right-border.png
10:51:17.512 [FXGL Background Thread 1 ] DEBUG FXGLAssetLoaderServi - Loading from file system: file:/E:/OneDrive%20-%20Cape%20Peninsula%20University%20of%20Technology/Game%20Development/maze-game/target/classes/assets/textures/bottom-top-border.png
10:51:17.527 [FXGL Background Thread 1 ] DEBUG FXGLAssetLoaderServi - Loading from file system: file:/E:/OneDrive%20-%20Cape%20Peninsula%20University%20of%20Technology/Game%20Development/maze-game/target/classes/assets/textures/wall.png
10:51:17.543 [FXGL Background Thread 1 ] DEBUG FXGLAssetLoaderServi - Loading from file system: file:/E:/OneDrive%20-%20Cape%20Peninsula%20University%20of%20Technology/Game%20Development/maze-game/target/classes/assets/textures/wall-2.png
10:51:17.564 [FXGL Background Thread 1 ] DEBUG FXGLAssetLoaderServi - Loading from file system: file:/E:/OneDrive%20-%20Cape%20Peninsula%20University%20of%20Technology/Game%20Development/maze-game/target/classes/assets/textures/wall-1.png
10:51:17.580 [FXGL Background Thread 1 ] DEBUG FXGLAssetLoaderServi - Loading from file system: file:/E:/OneDrive%20-%20Cape%20Peninsula%20University%20of%20Technology/Game%20Development/maze-game/target/classes/assets/textures/water-fountain.png
10:51:17.615 [FXGL Background Thread 1 ] DEBUG FXGLAssetLoaderServi - Loading from file system: file:/E:/OneDrive%20-%20Cape%20Peninsula%20University%20of%20Technology/Game%20Development/maze-game/target/classes/assets/textures/pond.png
10:51:17.643 [FXGL Background Thread 1 ] DEBUG FXGLAssetLoaderServi - Loading from file system: file:/E:/OneDrive%20-%20Cape%20Peninsula%20University%20of%20Technology/Game%20Development/maze-game/target/classes/assets/textures/waves.png
10:51:17.684 [FXGL Background Thread 1 ] DEBUG FXGLAssetLoaderServi - Loading from file system: file:/E:/OneDrive%20-%20Cape%20Peninsula%20University%20of%20Technology/Game%20Development/maze-game/target/classes/assets/textures/no-waves.png
10:51:17.710 [FXGL Background Thread 1 ] DEBUG FXGLAssetLoaderServi - Loading from file system: file:/E:/OneDrive%20-%20Cape%20Peninsula%20University%20of%20Technology/Game%20Development/maze-game/target/classes/assets/textures/character.png
10:51:17.727 [FXGL Background Thread 1 ] INFO  FXGLApplication      - Game initialization took: 0,933 sec
10:51:17.734 [JavaFX Application Thread] DEBUG Input                - Clearing active input actions
10:51:17.752 [JavaFX Application Thread] DEBUG GameApplicationServi - Removing overlay from FXGLLoadingScene and adding to GameScene
10:51:17.753 [JavaFX Application Thread] DEBUG PrimaryStageWindow   - FXGLLoadingScene -> GameScene
10:51:18.752 [FXGL Background Thread 2 ] INFO  UpdaterService       - Your current version:  17.3
10:51:18.753 [FXGL Background Thread 2 ] INFO  UpdaterService       - Latest stable version: 21.1
10:51:19.668 [FXGL Background Thread 3 ] DEBUG Engine               - Logging environment variables
10:51:19.668 [FXGL Background Thread 3 ] DEBUG Engine               - achievements: []
10:51:19.668 [FXGL Background Thread 3 ] DEBUG Engine               - actualHeight: 640.0
10:51:19.668 [FXGL Background Thread 3 ] DEBUG Engine               - actualHeightProperty: ReadOnlyDoubleProperty [value: 640.0]
10:51:19.669 [FXGL Background Thread 3 ] DEBUG Engine               - actualWidth: 800.0
10:51:19.669 [FXGL Background Thread 3 ] DEBUG Engine               - actualWidthProperty: ReadOnlyDoubleProperty [value: 800.0]
10:51:19.669 [FXGL Background Thread 3 ] DEBUG Engine               - appIcon: island-wall.png
10:51:19.669 [FXGL Background Thread 3 ] DEBUG Engine               - applicationMode: DEVELOPER
10:51:19.669 [FXGL Background Thread 3 ] DEBUG Engine               - cSSList: [fxgl_dark.css]
10:51:19.669 [FXGL Background Thread 3 ] DEBUG Engine               - collisionDetectionStrategy: BRUTE_FORCE
10:51:19.669 [FXGL Background Thread 3 ] DEBUG Engine               - configClass: Optional.empty
10:51:19.669 [FXGL Background Thread 3 ] DEBUG Engine               - credits: []
10:51:19.669 [FXGL Background Thread 3 ] DEBUG Engine               - defaultCursor: CursorInfo(imageName=fxgl_default_cursor.png, hotspotX=7.0, hotspotY=6.0)
10:51:19.670 [FXGL Background Thread 3 ] DEBUG Engine               - devBBoxColorProperty: ObjectProperty [value: 0xff0000ff]
10:51:19.670 [FXGL Background Thread 3 ] DEBUG Engine               - devEnableDebugCameraProperty: BooleanProperty [value: false]
10:51:19.670 [FXGL Background Thread 3 ] DEBUG Engine               - devSensorColorProperty: ObjectProperty [value: 0xffff00ff]
10:51:19.670 [FXGL Background Thread 3 ] DEBUG Engine               - devShowBBoxProperty: BooleanProperty [value: false]
10:51:19.670 [FXGL Background Thread 3 ] DEBUG Engine               - devShowPositionProperty: BooleanProperty [value: false]
10:51:19.670 [FXGL Background Thread 3 ] DEBUG Engine               - enabledMenuItems: []
10:51:19.670 [FXGL Background Thread 3 ] DEBUG Engine               - engineServices: [class com.almasb.fxgl.app.services.FXGLAssetLoaderService, class com.almasb.fxgl.app.FXGLApplication$GameApplicationService, class com.almasb.fxgl.app.services.FXGLDialogService, class com.almasb.fxgl.app.services.IOTaskExecutorService, class com.almasb.fxgl.io.FileSystemService, class com.almasb.fxgl.localization.LocalizationService, class com.almasb.fxgl.app.services.SystemBundleService, class com.almasb.fxgl.profile.SaveLoadService, class com.almasb.fxgl.ui.FXGLUIFactoryServiceProvider, class com.almasb.fxgl.ui.FXGLDialogFactoryServiceProvider, class com.almasb.fxgl.audio.AudioPlayer, class com.almasb.fxgl.notification.impl.NotificationServiceProvider, class com.almasb.fxgl.achievement.AchievementService, class com.almasb.fxgl.cutscene.CutsceneService, class com.almasb.fxgl.minigames.MiniGameService, class com.almasb.fxgl.net.NetService, class com.almasb.fxgl.app.services.UpdaterService, class com.almasb.fxgl.dev.DevService]
10:51:19.670 [FXGL Background Thread 3 ] DEBUG Engine               - fontGame: Abel-Regular.ttf
10:51:19.670 [FXGL Background Thread 3 ] DEBUG Engine               - fontMono: TerminalLandMono-Regular.otf
10:51:19.670 [FXGL Background Thread 3 ] DEBUG Engine               - fontSizeScaleUI: 1.0
10:51:19.670 [FXGL Background Thread 3 ] DEBUG Engine               - fontText: Courier-Prime.ttf
10:51:19.670 [FXGL Background Thread 3 ] DEBUG Engine               - fontUI: VarelaRound-Regular.ttf
10:51:19.671 [FXGL Background Thread 3 ] DEBUG Engine               - fullScreen: BooleanProperty [value: false]
10:51:19.672 [FXGL Background Thread 3 ] DEBUG Engine               - gameDifficulty: MEDIUM
10:51:19.672 [FXGL Background Thread 3 ] DEBUG Engine               - gameDifficultyProperty: ObjectProperty [value: MEDIUM]
10:51:19.672 [FXGL Background Thread 3 ] DEBUG Engine               - globalMusicVolume: 0.5
10:51:19.672 [FXGL Background Thread 3 ] DEBUG Engine               - globalMusicVolumeProperty: DoubleProperty [value: 0.5]
10:51:19.672 [FXGL Background Thread 3 ] DEBUG Engine               - globalSoundVolume: 0.5
10:51:19.672 [FXGL Background Thread 3 ] DEBUG Engine               - globalSoundVolumeProperty: DoubleProperty [value: 0.5]
10:51:19.672 [FXGL Background Thread 3 ] DEBUG Engine               - height: 640
10:51:19.672 [FXGL Background Thread 3 ] DEBUG Engine               - is3D: false
10:51:19.672 [FXGL Background Thread 3 ] DEBUG Engine               - isAndroid: false
10:51:19.672 [FXGL Background Thread 3 ] DEBUG Engine               - isBrowser: false
10:51:19.672 [FXGL Background Thread 3 ] DEBUG Engine               - isClickFeedbackEnabled: false
10:51:19.672 [FXGL Background Thread 3 ] DEBUG Engine               - isCloseConfirmation: false
10:51:19.672 [FXGL Background Thread 3 ] DEBUG Engine               - isDesktop: true
10:51:19.673 [FXGL Background Thread 3 ] DEBUG Engine               - isDeveloperMenuEnabled: false
10:51:19.673 [FXGL Background Thread 3 ] DEBUG Engine               - isEmbedded: false
10:51:19.673 [FXGL Background Thread 3 ] DEBUG Engine               - isEntityPreloadEnabled: true
10:51:19.673 [FXGL Background Thread 3 ] DEBUG Engine               - isExperimentalTiledLargeMap: false
10:51:19.673 [FXGL Background Thread 3 ] DEBUG Engine               - isFileSystemWriteAllowed: true
10:51:19.673 [FXGL Background Thread 3 ] DEBUG Engine               - isFullScreenAllowed: false
10:51:19.673 [FXGL Background Thread 3 ] DEBUG Engine               - isFullScreenFromStart: false
10:51:19.673 [FXGL Background Thread 3 ] DEBUG Engine               - isGameMenuEnabled: false
10:51:19.673 [FXGL Background Thread 3 ] DEBUG Engine               - isIOS: false
10:51:19.673 [FXGL Background Thread 3 ] DEBUG Engine               - isIntroEnabled: false
10:51:19.673 [FXGL Background Thread 3 ] DEBUG Engine               - isLinux: false
10:51:19.673 [FXGL Background Thread 3 ] DEBUG Engine               - isMac: false
10:51:19.674 [FXGL Background Thread 3 ] DEBUG Engine               - isMainMenuEnabled: false
10:51:19.674 [FXGL Background Thread 3 ] DEBUG Engine               - isManualResizeEnabled: false
10:51:19.674 [FXGL Background Thread 3 ] DEBUG Engine               - isMobile: false
10:51:19.674 [FXGL Background Thread 3 ] DEBUG Engine               - isNative: false
10:51:19.674 [FXGL Background Thread 3 ] DEBUG Engine               - isPauseMusicWhenMinimized: true
10:51:19.674 [FXGL Background Thread 3 ] DEBUG Engine               - isPreserveResizeRatio: false
10:51:19.674 [FXGL Background Thread 3 ] DEBUG Engine               - isProfilingEnabled: false
10:51:19.674 [FXGL Background Thread 3 ] DEBUG Engine               - isScaleAffectedOnResize: true
10:51:19.674 [FXGL Background Thread 3 ] DEBUG Engine               - isSingleStep: false
10:51:19.674 [FXGL Background Thread 3 ] DEBUG Engine               - isUserProfileEnabled: false
10:51:19.674 [FXGL Background Thread 3 ] DEBUG Engine               - isWindows: true
10:51:19.674 [FXGL Background Thread 3 ] DEBUG Engine               - language: ObjectProperty [value: ENGLISH]
10:51:19.674 [FXGL Background Thread 3 ] DEBUG Engine               - menuKey: ESCAPE
10:51:19.674 [FXGL Background Thread 3 ] DEBUG Engine               - mouseSensitivity: 0.2
10:51:19.674 [FXGL Background Thread 3 ] DEBUG Engine               - notificationViewClass: class com.almasb.fxgl.notification.view.XboxNotificationView
10:51:19.674 [FXGL Background Thread 3 ] DEBUG Engine               - pixelsPerMeter: 50.0
10:51:19.674 [FXGL Background Thread 3 ] DEBUG Engine               - platform: WINDOWS
10:51:19.675 [FXGL Background Thread 3 ] DEBUG Engine               - prefHeightProperty: ReadOnlyDoubleProperty [value: 640.0]
10:51:19.675 [FXGL Background Thread 3 ] DEBUG Engine               - prefWidthProperty: ReadOnlyDoubleProperty [value: 800.0]
10:51:19.675 [FXGL Background Thread 3 ] DEBUG Engine               - profileDir: profiles/
10:51:19.675 [FXGL Background Thread 3 ] DEBUG Engine               - profileName: StringProperty [value: DEFAULT]
10:51:19.675 [FXGL Background Thread 3 ] DEBUG Engine               - randomSeed: -1
10:51:19.675 [FXGL Background Thread 3 ] DEBUG Engine               - runtimeInfo: RuntimeInfo(platform=WINDOWS, version=17.3, build=30.03.2023 11.49)
10:51:19.675 [FXGL Background Thread 3 ] DEBUG Engine               - saveFileExt: sav
10:51:19.675 [FXGL Background Thread 3 ] DEBUG Engine               - scaledHeightProp$fxgl: DoubleProperty [bound, value: 640.0]
10:51:19.675 [FXGL Background Thread 3 ] DEBUG Engine               - scaledWidthProp$fxgl: DoubleProperty [bound, value: 800.0]
10:51:19.675 [FXGL Background Thread 3 ] DEBUG Engine               - sceneFactory: com.almasb.fxgl.app.scene.SceneFactory@5a30f2ce
10:51:19.675 [FXGL Background Thread 3 ] DEBUG Engine               - secondsIn24h: 60
10:51:19.676 [FXGL Background Thread 3 ] DEBUG Engine               - soundMenuBack: menu/back.wav
10:51:19.676 [FXGL Background Thread 3 ] DEBUG Engine               - soundMenuPress: menu/press.wav
10:51:19.676 [FXGL Background Thread 3 ] DEBUG Engine               - soundMenuSelect: menu/select.wav
10:51:19.676 [FXGL Background Thread 3 ] DEBUG Engine               - soundNotification: core/notification.wav
10:51:19.676 [FXGL Background Thread 3 ] DEBUG Engine               - stageStyle: DECORATED
10:51:19.676 [FXGL Background Thread 3 ] DEBUG Engine               - supportedLanguages: [ENGLISH, FRENCH, GERMAN, HUNGARIAN, RUSSIAN]
10:51:19.676 [FXGL Background Thread 3 ] DEBUG Engine               - ticksPerSecond: -1
10:51:19.676 [FXGL Background Thread 3 ] DEBUG Engine               - title: a-Mazed
10:51:19.676 [FXGL Background Thread 3 ] DEBUG Engine               - urlGithub: https://github.com/AlmasB/FXGL
10:51:19.676 [FXGL Background Thread 3 ] DEBUG Engine               - urlLeaderboard: http://fxgl-top.herokuapp.com/
10:51:19.676 [FXGL Background Thread 3 ] DEBUG Engine               - urlPOM: https://raw.githubusercontent.com/AlmasB/FXGL/release/README.md
10:51:19.676 [FXGL Background Thread 3 ] DEBUG Engine               - userAppClass: class lylesmal.openworldgame.MapApplication
10:51:19.676 [FXGL Background Thread 3 ] DEBUG Engine               - version: 1.0
10:51:19.676 [FXGL Background Thread 3 ] DEBUG Engine               - versionCheckDays: 7
10:51:19.676 [FXGL Background Thread 3 ] DEBUG Engine               - width: 800
10:51:19.676 [FXGL Background Thread 3 ] DEBUG Engine               - Logging services
10:51:19.676 [FXGL Background Thread 3 ] DEBUG Engine               - class com.almasb.fxgl.app.services.FXGLAssetLoaderService
10:51:19.676 [FXGL Background Thread 3 ] DEBUG Engine               - class com.almasb.fxgl.app.FXGLApplication$GameApplicationService
10:51:19.676 [FXGL Background Thread 3 ] DEBUG Engine               - class com.almasb.fxgl.app.services.FXGLDialogService
10:51:19.677 [FXGL Background Thread 3 ] DEBUG Engine               - class com.almasb.fxgl.app.services.IOTaskExecutorService
10:51:19.677 [FXGL Background Thread 3 ] DEBUG Engine               - class com.almasb.fxgl.io.FileSystemService
10:51:19.677 [FXGL Background Thread 3 ] DEBUG Engine               - class com.almasb.fxgl.localization.LocalizationService
10:51:19.677 [FXGL Background Thread 3 ] DEBUG Engine               - class com.almasb.fxgl.app.services.SystemBundleService
10:51:19.677 [FXGL Background Thread 3 ] DEBUG Engine               - class com.almasb.fxgl.profile.SaveLoadService
10:51:19.677 [FXGL Background Thread 3 ] DEBUG Engine               - class com.almasb.fxgl.ui.FXGLUIFactoryServiceProvider
10:51:19.677 [FXGL Background Thread 3 ] DEBUG Engine               - class com.almasb.fxgl.ui.FXGLDialogFactoryServiceProvider
10:51:19.677 [FXGL Background Thread 3 ] DEBUG Engine               - class com.almasb.fxgl.audio.AudioPlayer
10:51:19.677 [FXGL Background Thread 3 ] DEBUG Engine               - class com.almasb.fxgl.notification.impl.NotificationServiceProvider
10:51:19.677 [FXGL Background Thread 3 ] DEBUG Engine               - class com.almasb.fxgl.achievement.AchievementService
10:51:19.677 [FXGL Background Thread 3 ] DEBUG Engine               - class com.almasb.fxgl.cutscene.CutsceneService
10:51:19.677 [FXGL Background Thread 3 ] DEBUG Engine               - class com.almasb.fxgl.minigames.MiniGameService
10:51:19.677 [FXGL Background Thread 3 ] DEBUG Engine               - class com.almasb.fxgl.net.NetService
10:51:19.677 [FXGL Background Thread 3 ] DEBUG Engine               - class com.almasb.fxgl.app.services.UpdaterService
10:51:19.677 [FXGL Background Thread 3 ] DEBUG Engine               - class com.almasb.fxgl.dev.DevService
10:51:24.592 [JavaFX Application Thread] DEBUG FXGLAssetLoaderServi - Loading from file system: file:/E:/OneDrive%20-%20Cape%20Peninsula%20University%20of%20Technology/Game%20Development/maze-game/target/classes/assets/textures/character-right.png
10:51:26.239 [JavaFX Application Thread] DEBUG FXGLAssetLoaderServi - Loading from file system: file:/E:/OneDrive%20-%20Cape%20Peninsula%20University%20of%20Technology/Game%20Development/maze-game/target/classes/assets/textures/character-down.png
10:51:29.103 [JavaFX Application Thread] DEBUG FXGLAssetLoaderServi - Loading from file system: file:/E:/OneDrive%20-%20Cape%20Peninsula%20University%20of%20Technology/Game%20Development/maze-game/target/classes/assets/textures/character-left.png
10:51:32.716 [JavaFX Application Thread] DEBUG FXGLAssetLoaderServi - Loading from file system: file:/E:/OneDrive%20-%20Cape%20Peninsula%20University%20of%20Technology/Game%20Development/maze-game/target/classes/assets/textures/character-up.png
10:51:55.139 [JavaFX Application Thread] DEBUG FXGLAssetLoaderServi - Loading from file system: file:/E:/OneDrive%20-%20Cape%20Peninsula%20University%20of%20Technology/Game%20Development/maze-game/target/classes/assets/textures/loot.png
10:52:00.159 [JavaFX Application Thread] DEBUG FXGLAssetLoaderServi - Loading from file system: file:/E:/OneDrive%20-%20Cape%20Peninsula%20University%20of%20Technology/Game%20Development/maze-game/target/classes/assets/sounds/loot-pick-up.wav
10:53:06.520 [JavaFX Application Thread] DEBUG FXGLApplication      - Exiting FXGL
10:53:06.521 [JavaFX Application Thread] DEBUG LoopRunner           - Stopping loop
10:53:06.521 [JavaFX Application Thread] DEBUG SystemBundleService  - Saving FXGL system data
10:53:06.544 [JavaFX Application Thread] DEBUG FileSystemAccess     - Writing to: E:\OneDrive - Cape Peninsula University of Technology\Game Development\maze-game\system\fxgl.bundle
10:53:06.556 [JavaFX Application Thread] DEBUG Async                - Shutting down background threads
10:53:06.556 [JavaFX Application Thread] DEBUG PrimaryStageWindow   - Closing main window
10:53:06.567 [JavaFX Application Thread] DEBUG Logger               - Closing Logger
