17:43:09.703 [main                     ] DEBUG Logger               - Configured Logger
17:43:09.719 [main                     ] DEBUG GameApplication      - Logging settings
Title: a-Mazed
Version: 1.0
Width: 800
Height: 640
Fullscreen: false
Intro: false
Profiling: false
Single step:false
App Mode: DEVELOPER
Menu Key: ESCAPE
Stage Style: DECORATED
Scene Factory: class com.almasb.fxgl.app.scene.SceneFactory

17:43:09.857 [JavaFX Application Thread] DEBUG FXGLApplication      - Initializing FXGL
17:43:09.861 [JavaFX Application Thread] INFO  Engine               - FXGL-17.3 (30.03.2023 11.49) on WINDOWS (J:21.0.11 FX:21)
17:43:09.861 [JavaFX Application Thread] DEBUG Engine               - JRE Vendor Name: Microsoft
17:43:09.862 [JavaFX Application Thread] DEBUG Engine               - Running on OS: Windows 11 version 10.0
17:43:09.862 [JavaFX Application Thread] DEBUG Engine               - Architecture: amd64
17:43:09.862 [JavaFX Application Thread] INFO  Engine               - Source code and latest versions at: https://github.com/AlmasB/FXGL
17:43:09.862 [JavaFX Application Thread] INFO  Engine               -       Ask questions and discuss at: https://github.com/AlmasB/FXGL/discussions
17:43:09.862 [JavaFX Application Thread] INFO  Engine               -              Join the FXGL chat at: https://gitter.im/AlmasB/FXGL
17:43:09.935 [JavaFX Application Thread] DEBUG PrimaryStageWindow   - Creating a JavaFX scene
17:43:09.970 [JavaFX Application Thread] DEBUG PrimaryStageWindow   - Target settings size: 800.0 x 640.0
17:43:09.970 [JavaFX Application Thread] DEBUG PrimaryStageWindow   - Scaled scene size:    800.0 x 640.0
17:43:09.970 [JavaFX Application Thread] DEBUG PrimaryStageWindow   - Scaled ratio: (1.0, 1.0)
17:43:09.971 [JavaFX Application Thread] DEBUG PrimaryStageWindow   - Set initial scene to FXGLStartupScene
17:43:09.973 [JavaFX Application Thread] DEBUG PrimaryStageWindow   - Opening main window
17:43:10.045 [JavaFX Application Thread] DEBUG PrimaryStageWindow   - Window border size: (16.0, 39.0)
17:43:10.046 [JavaFX Application Thread] DEBUG PrimaryStageWindow   - Scaled size: 800.0 x 640.0
17:43:10.046 [JavaFX Application Thread] DEBUG PrimaryStageWindow   - Scaled ratio: (1.0, 1.0)
17:43:10.046 [JavaFX Application Thread] DEBUG PrimaryStageWindow   - Scene size: 800.0 x 640.0
17:43:10.046 [JavaFX Application Thread] DEBUG PrimaryStageWindow   - Stage size: 816.0 x 679.0
17:43:10.051 [FXGL Background Thread 1 ] DEBUG Engine               - Initializing environment variables
17:43:10.103 [FXGL Background Thread 1 ] DEBUG FXGLAssetLoaderServi - User app class for loading assets: class lylesmal.openworldgame.MapApplication
17:43:10.103 [FXGL Background Thread 1 ] DEBUG GameApplicationServi - Applying CSS: fxgl_dark.css
17:43:10.104 [FXGL Background Thread 1 ] DEBUG FXGLAssetLoaderServi - Loading from file system: jar:file:///C:/Users/lyle/.m2/repository/com/github/almasb/fxgl/17.3/fxgl-17.3.jar!/fxglassets/ui/css/fxgl_dark.css
17:43:10.146 [FXGL Background Thread 1 ] DEBUG GameApplicationServi - Initializing application scenes
17:43:10.179 [FXGL Background Thread 1 ] DEBUG GameWorld            - Game world initialized
17:43:10.261 [FXGL Background Thread 1 ] DEBUG PhysicsWorld         - Physics world initialized: appHeight=640, physics.ppm=50,0
17:43:10.262 [FXGL Background Thread 1 ] DEBUG PhysicsWorld         - Using strategy: BRUTE_FORCE
17:43:10.266 [FXGL Background Thread 1 ] DEBUG GameScene            - Game scene initialized: 800x640
17:43:10.266 [FXGL Background Thread 1 ] DEBUG GameApplicationServi - Application scenes initialized
17:43:10.280 [FXGL Background Thread 1 ] DEBUG SystemBundleService  - Loading FXGL system data
17:43:10.283 [FXGL Background Thread 1 ] DEBUG FileSystemAccess     - Reading from: C:\Users\lyle\IdeaProjects\MazeGame\system\fxgl.bundle
17:43:10.290 [FXGL Background Thread 1 ] DEBUG SystemBundleService  - Bundle FXGL: {}
17:43:10.290 [FXGL Background Thread 1 ] DEBUG UpdaterService       - Checking for updates
17:43:10.293 [FXGL Background Thread 4 ] DEBUG FXGLApplication      - Loading fonts
17:43:10.294 [FXGL Background Thread 4 ] DEBUG FXGLAssetLoaderServi - Loading from file system: jar:file:///C:/Users/lyle/.m2/repository/com/github/almasb/fxgl/17.3/fxgl-17.3.jar!/fxglassets/ui/fonts/VarelaRound-Regular.ttf
17:43:10.294 [FXGL Background Thread 1 ] DEBUG FXGLApplication      - Loading default localization
17:43:10.295 [FXGL Background Thread 1 ] DEBUG FXGLAssetLoaderServi - Loading from file system: jar:file:///C:/Users/lyle/.m2/repository/com/github/almasb/fxgl/17.3/fxgl-17.3.jar!/fxglassets/languages/english.lang
17:43:10.320 [FXGL Background Thread 1 ] INFO  FXGLApplication      - FXGL initialization took: 0,269 sec
17:43:10.337 [FXGL Background Thread 4 ] DEBUG FXGLAssetLoaderServi - Loading from file system: jar:file:///C:/Users/lyle/.m2/repository/com/github/almasb/fxgl/17.3/fxgl-17.3.jar!/fxglassets/ui/fonts/Abel-Regular.ttf
17:43:10.341 [FXGL Background Thread 4 ] DEBUG FXGLAssetLoaderServi - Loading from file system: jar:file:///C:/Users/lyle/.m2/repository/com/github/almasb/fxgl/17.3/fxgl-17.3.jar!/fxglassets/ui/fonts/TerminalLandMono-Regular.otf
17:43:10.344 [FXGL Background Thread 4 ] DEBUG FXGLAssetLoaderServi - Loading from file system: jar:file:///C:/Users/lyle/.m2/repository/com/github/almasb/fxgl/17.3/fxgl-17.3.jar!/fxglassets/ui/fonts/Courier-Prime.ttf
17:43:10.345 [JavaFX Application Thread] DEBUG Input                - Registered new binding: player-move-up - Up
17:43:10.345 [JavaFX Application Thread] DEBUG Input                - Registered new binding: player-move-down - Down
17:43:10.345 [JavaFX Application Thread] DEBUG Input                - Registered new binding: player-move-left - Left
17:43:10.346 [JavaFX Application Thread] DEBUG Input                - Registered new binding: player-move-right - Right
17:43:10.346 [JavaFX Application Thread] DEBUG Input                - Registered new binding: player-jump - Space
17:43:10.346 [JavaFX Application Thread] DEBUG Input                - Registered new binding: player-spawns-brick - W
17:43:10.346 [JavaFX Application Thread] DEBUG Input                - Registered new binding: player-spawns-flag - Z
17:43:10.346 [JavaFX Application Thread] DEBUG Input                - Registered new binding: player-spawns-bullet - F
17:43:10.347 [JavaFX Application Thread] DEBUG Input                - Registered new binding: player-spawns-fence-vertical - V
17:43:10.347 [JavaFX Application Thread] DEBUG Input                - Registered new binding: player-spawns-fence-horizontal - H
17:43:10.348 [JavaFX Application Thread] DEBUG Input                - Registered new binding: player-plants - P
17:43:10.348 [JavaFX Application Thread] DEBUG Input                - Registered new binding: player-spawns-cannon - C
17:43:10.349 [JavaFX Application Thread] DEBUG Input                - Registered new binding: player-bombs - B
17:43:10.349 [JavaFX Application Thread] DEBUG FXGLAssetLoaderServi - Loading from file system: file:/C:/Users/lyle/IdeaProjects/MazeGame/target/classes/assets/textures/island-wall.png
17:43:10.388 [JavaFX Application Thread] DEBUG FXGLAssetLoaderServi - Loading from file system: jar:file:///C:/Users/lyle/.m2/repository/com/github/almasb/fxgl/17.3/fxgl-17.3.jar!/fxglassets/textures/fxgl_default_cursor.png
17:43:10.392 [JavaFX Application Thread] DEBUG Input                - Registered new binding: Screenshot - CTRL+8
17:43:10.392 [JavaFX Application Thread] DEBUG Input                - Registered new binding: System info dump - CTRL+9
17:43:10.392 [JavaFX Application Thread] DEBUG Input                - Registered new binding: Restart - CTRL+R
17:43:10.393 [JavaFX Application Thread] DEBUG Input                - Registered new binding: Toggle Debug Camera - CTRL+7
17:43:10.395 [JavaFX Application Thread] DEBUG LoopRunner           - Starting loop
17:43:10.395 [JavaFX Application Thread] DEBUG LoopRunner           - Initializing JavaFX AnimationTimerLoop
17:43:10.398 [JavaFX Application Thread] DEBUG GameApplicationServi - Starting new game
17:43:10.399 [JavaFX Application Thread] DEBUG Input                - Clearing active input actions
17:43:10.418 [JavaFX Application Thread] DEBUG GameApplicationServi - Removing overlay from FXGLStartupScene and adding to FXGLLoadingScene
17:43:10.418 [JavaFX Application Thread] DEBUG PrimaryStageWindow   - FXGLStartupScene -> FXGLLoadingScene
17:43:10.418 [JavaFX Application Thread] DEBUG GameApplicationServi - Clearing previous game
17:43:10.418 [JavaFX Application Thread] DEBUG GameScene            - Clearing game scene
17:43:10.418 [JavaFX Application Thread] DEBUG GameWorld            - Clearing game world
17:43:10.419 [JavaFX Application Thread] DEBUG PhysicsWorld         - Clearing physics world
17:43:10.422 [FXGL Background Thread 4 ] DEBUG FXGLApplication      - Initializing game
17:43:10.425 [JavaFX Application Thread] DEBUG FXGLApplication      - Registering font factories with UI factory
17:43:10.426 [FXGL Background Thread 4 ] DEBUG FXGLAssetLoaderServi - Loading from file system: file:/C:/Users/lyle/IdeaProjects/MazeGame/target/classes/assets/music/game-music.mp3
17:43:10.594 [FXGL Background Thread 4 ] DEBUG AudioPlayer          - Playing music com.almasb.fxgl.audio.Music@66dee905
17:43:10.600 [FXGL Background Thread 4 ] DEBUG FXGLAssetLoaderServi - Loading from file system: file:/C:/Users/lyle/IdeaProjects/MazeGame/target/classes/assets/textures/map.png
17:43:10.674 [FXGL Background Thread 4 ] DEBUG FXGLAssetLoaderServi - Loading from file system: file:/C:/Users/lyle/IdeaProjects/MazeGame/target/classes/assets/textures/left-border.png
17:43:10.700 [FXGL Background Thread 4 ] DEBUG FXGLAssetLoaderServi - Loading from file system: file:/C:/Users/lyle/IdeaProjects/MazeGame/target/classes/assets/textures/right-border.png
17:43:10.704 [FXGL Background Thread 4 ] DEBUG FXGLAssetLoaderServi - Loading from file system: file:/C:/Users/lyle/IdeaProjects/MazeGame/target/classes/assets/textures/bottom-top-border.png
17:43:10.709 [FXGL Background Thread 4 ] DEBUG FXGLAssetLoaderServi - Loading from file system: file:/C:/Users/lyle/IdeaProjects/MazeGame/target/classes/assets/textures/wall.png
17:43:10.712 [FXGL Background Thread 4 ] DEBUG FXGLAssetLoaderServi - Loading from file system: file:/C:/Users/lyle/IdeaProjects/MazeGame/target/classes/assets/textures/wall-2.png
17:43:10.717 [FXGL Background Thread 4 ] DEBUG FXGLAssetLoaderServi - Loading from file system: file:/C:/Users/lyle/IdeaProjects/MazeGame/target/classes/assets/textures/wall-1.png
17:43:10.724 [FXGL Background Thread 4 ] DEBUG FXGLAssetLoaderServi - Loading from file system: file:/C:/Users/lyle/IdeaProjects/MazeGame/target/classes/assets/textures/water-fountain.png
17:43:10.779 [FXGL Background Thread 4 ] DEBUG FXGLAssetLoaderServi - Loading from file system: file:/C:/Users/lyle/IdeaProjects/MazeGame/target/classes/assets/textures/pond.png
17:43:10.781 [FXGL Background Thread 4 ] DEBUG FXGLAssetLoaderServi - Loading from file system: file:/C:/Users/lyle/IdeaProjects/MazeGame/target/classes/assets/textures/waves.png
17:43:10.791 [FXGL Background Thread 4 ] DEBUG FXGLAssetLoaderServi - Loading from file system: file:/C:/Users/lyle/IdeaProjects/MazeGame/target/classes/assets/textures/no-waves.png
17:43:10.795 [FXGL Background Thread 4 ] DEBUG FXGLAssetLoaderServi - Loading from file system: file:/C:/Users/lyle/IdeaProjects/MazeGame/target/classes/assets/textures/character.png
17:43:10.926 [FXGL Background Thread 2 ] INFO  UpdaterService       - Your current version:  17.3
17:43:10.927 [FXGL Background Thread 2 ] INFO  UpdaterService       - Latest stable version: 25
17:43:10.982 [FXGL Background Thread 4 ] INFO  FXGLApplication      - Game initialization took: 0,560 sec
17:43:10.982 [JavaFX Application Thread] DEBUG Input                - Clearing active input actions
17:43:11.002 [JavaFX Application Thread] DEBUG GameApplicationServi - Removing overlay from FXGLLoadingScene and adding to GameScene
17:43:11.002 [JavaFX Application Thread] DEBUG PrimaryStageWindow   - FXGLLoadingScene -> GameScene
17:43:12.699 [JavaFX Application Thread] DEBUG FXGLAssetLoaderServi - Loading from file system: file:/C:/Users/lyle/IdeaProjects/MazeGame/target/classes/assets/textures/character-down.png
17:43:13.228 [JavaFX Application Thread] DEBUG FXGLAssetLoaderServi - Loading from file system: file:/C:/Users/lyle/IdeaProjects/MazeGame/target/classes/assets/sounds/explosion.wav
17:43:13.236 [JavaFX Application Thread] DEBUG FXGLAssetLoaderServi - Loading from file system: file:/C:/Users/lyle/IdeaProjects/MazeGame/target/classes/assets/textures/blast.png
17:43:13.293 [FXGL Background Thread 3 ] DEBUG Engine               - Logging environment variables
17:43:13.293 [FXGL Background Thread 3 ] DEBUG Engine               - achievements: []
17:43:13.293 [FXGL Background Thread 3 ] DEBUG Engine               - actualHeight: 640.0
17:43:13.293 [FXGL Background Thread 3 ] DEBUG Engine               - actualHeightProperty: ReadOnlyDoubleProperty [value: 640.0]
17:43:13.293 [FXGL Background Thread 3 ] DEBUG Engine               - actualWidth: 800.0
17:43:13.293 [FXGL Background Thread 3 ] DEBUG Engine               - actualWidthProperty: ReadOnlyDoubleProperty [value: 800.0]
17:43:13.293 [FXGL Background Thread 3 ] DEBUG Engine               - appIcon: island-wall.png
17:43:13.293 [FXGL Background Thread 3 ] DEBUG Engine               - applicationMode: DEVELOPER
17:43:13.293 [FXGL Background Thread 3 ] DEBUG Engine               - cSSList: [fxgl_dark.css]
17:43:13.293 [FXGL Background Thread 3 ] DEBUG Engine               - collisionDetectionStrategy: BRUTE_FORCE
17:43:13.293 [FXGL Background Thread 3 ] DEBUG Engine               - configClass: Optional.empty
17:43:13.293 [FXGL Background Thread 3 ] DEBUG Engine               - credits: []
17:43:13.294 [FXGL Background Thread 3 ] DEBUG Engine               - defaultCursor: CursorInfo(imageName=fxgl_default_cursor.png, hotspotX=7.0, hotspotY=6.0)
17:43:13.294 [FXGL Background Thread 3 ] DEBUG Engine               - devBBoxColorProperty: ObjectProperty [value: 0xff0000ff]
17:43:13.294 [FXGL Background Thread 3 ] DEBUG Engine               - devEnableDebugCameraProperty: BooleanProperty [value: false]
17:43:13.294 [FXGL Background Thread 3 ] DEBUG Engine               - devSensorColorProperty: ObjectProperty [value: 0xffff00ff]
17:43:13.295 [FXGL Background Thread 3 ] DEBUG Engine               - devShowBBoxProperty: BooleanProperty [value: false]
17:43:13.295 [FXGL Background Thread 3 ] DEBUG Engine               - devShowPositionProperty: BooleanProperty [value: false]
17:43:13.295 [FXGL Background Thread 3 ] DEBUG Engine               - enabledMenuItems: []
17:43:13.295 [FXGL Background Thread 3 ] DEBUG Engine               - engineServices: [class com.almasb.fxgl.app.services.FXGLAssetLoaderService, class com.almasb.fxgl.app.FXGLApplication$GameApplicationService, class com.almasb.fxgl.app.services.FXGLDialogService, class com.almasb.fxgl.app.services.IOTaskExecutorService, class com.almasb.fxgl.io.FileSystemService, class com.almasb.fxgl.localization.LocalizationService, class com.almasb.fxgl.app.services.SystemBundleService, class com.almasb.fxgl.profile.SaveLoadService, class com.almasb.fxgl.ui.FXGLUIFactoryServiceProvider, class com.almasb.fxgl.ui.FXGLDialogFactoryServiceProvider, class com.almasb.fxgl.audio.AudioPlayer, class com.almasb.fxgl.notification.impl.NotificationServiceProvider, class com.almasb.fxgl.achievement.AchievementService, class com.almasb.fxgl.cutscene.CutsceneService, class com.almasb.fxgl.minigames.MiniGameService, class com.almasb.fxgl.net.NetService, class com.almasb.fxgl.app.services.UpdaterService, class com.almasb.fxgl.dev.DevService]
17:43:13.295 [FXGL Background Thread 3 ] DEBUG Engine               - fontGame: Abel-Regular.ttf
17:43:13.295 [FXGL Background Thread 3 ] DEBUG Engine               - fontMono: TerminalLandMono-Regular.otf
17:43:13.295 [FXGL Background Thread 3 ] DEBUG Engine               - fontSizeScaleUI: 1.0
17:43:13.295 [FXGL Background Thread 3 ] DEBUG Engine               - fontText: Courier-Prime.ttf
17:43:13.295 [FXGL Background Thread 3 ] DEBUG Engine               - fontUI: VarelaRound-Regular.ttf
17:43:13.295 [FXGL Background Thread 3 ] DEBUG Engine               - fullScreen: BooleanProperty [value: false]
17:43:13.295 [FXGL Background Thread 3 ] DEBUG Engine               - gameDifficulty: MEDIUM
17:43:13.295 [FXGL Background Thread 3 ] DEBUG Engine               - gameDifficultyProperty: ObjectProperty [value: MEDIUM]
17:43:13.295 [FXGL Background Thread 3 ] DEBUG Engine               - globalMusicVolume: 0.5
17:43:13.296 [FXGL Background Thread 3 ] DEBUG Engine               - globalMusicVolumeProperty: DoubleProperty [value: 0.5]
17:43:13.296 [FXGL Background Thread 3 ] DEBUG Engine               - globalSoundVolume: 0.5
17:43:13.296 [FXGL Background Thread 3 ] DEBUG Engine               - globalSoundVolumeProperty: DoubleProperty [value: 0.5]
17:43:13.296 [FXGL Background Thread 3 ] DEBUG Engine               - height: 640
17:43:13.296 [FXGL Background Thread 3 ] DEBUG Engine               - is3D: false
17:43:13.296 [FXGL Background Thread 3 ] DEBUG Engine               - isAndroid: false
17:43:13.296 [FXGL Background Thread 3 ] DEBUG Engine               - isBrowser: false
17:43:13.296 [FXGL Background Thread 3 ] DEBUG Engine               - isClickFeedbackEnabled: false
17:43:13.296 [FXGL Background Thread 3 ] DEBUG Engine               - isCloseConfirmation: false
17:43:13.296 [FXGL Background Thread 3 ] DEBUG Engine               - isDesktop: true
17:43:13.296 [FXGL Background Thread 3 ] DEBUG Engine               - isDeveloperMenuEnabled: false
17:43:13.296 [FXGL Background Thread 3 ] DEBUG Engine               - isEmbedded: false
17:43:13.296 [FXGL Background Thread 3 ] DEBUG Engine               - isEntityPreloadEnabled: true
17:43:13.297 [FXGL Background Thread 3 ] DEBUG Engine               - isExperimentalTiledLargeMap: false
17:43:13.297 [FXGL Background Thread 3 ] DEBUG Engine               - isFileSystemWriteAllowed: true
17:43:13.297 [FXGL Background Thread 3 ] DEBUG Engine               - isFullScreenAllowed: false
17:43:13.297 [FXGL Background Thread 3 ] DEBUG Engine               - isFullScreenFromStart: false
17:43:13.297 [FXGL Background Thread 3 ] DEBUG Engine               - isGameMenuEnabled: false
17:43:13.297 [FXGL Background Thread 3 ] DEBUG Engine               - isIOS: false
17:43:13.297 [FXGL Background Thread 3 ] DEBUG Engine               - isIntroEnabled: false
17:43:13.297 [FXGL Background Thread 3 ] DEBUG Engine               - isLinux: false
17:43:13.297 [FXGL Background Thread 3 ] DEBUG Engine               - isMac: false
17:43:13.297 [FXGL Background Thread 3 ] DEBUG Engine               - isMainMenuEnabled: false
17:43:13.297 [FXGL Background Thread 3 ] DEBUG Engine               - isManualResizeEnabled: false
17:43:13.297 [FXGL Background Thread 3 ] DEBUG Engine               - isMobile: false
17:43:13.297 [FXGL Background Thread 3 ] DEBUG Engine               - isNative: false
17:43:13.297 [FXGL Background Thread 3 ] DEBUG Engine               - isPauseMusicWhenMinimized: true
17:43:13.297 [FXGL Background Thread 3 ] DEBUG Engine               - isPreserveResizeRatio: false
17:43:13.297 [FXGL Background Thread 3 ] DEBUG Engine               - isProfilingEnabled: false
17:43:13.297 [FXGL Background Thread 3 ] DEBUG Engine               - isScaleAffectedOnResize: true
17:43:13.297 [FXGL Background Thread 3 ] DEBUG Engine               - isSingleStep: false
17:43:13.297 [FXGL Background Thread 3 ] DEBUG Engine               - isUserProfileEnabled: false
17:43:13.297 [FXGL Background Thread 3 ] DEBUG Engine               - isWindows: true
17:43:13.298 [FXGL Background Thread 3 ] DEBUG Engine               - language: ObjectProperty [value: ENGLISH]
17:43:13.298 [FXGL Background Thread 3 ] DEBUG Engine               - menuKey: ESCAPE
17:43:13.298 [FXGL Background Thread 3 ] DEBUG Engine               - mouseSensitivity: 0.2
17:43:13.298 [FXGL Background Thread 3 ] DEBUG Engine               - notificationViewClass: class com.almasb.fxgl.notification.view.XboxNotificationView
17:43:13.298 [FXGL Background Thread 3 ] DEBUG Engine               - pixelsPerMeter: 50.0
17:43:13.298 [FXGL Background Thread 3 ] DEBUG Engine               - platform: WINDOWS
17:43:13.298 [FXGL Background Thread 3 ] DEBUG Engine               - prefHeightProperty: ReadOnlyDoubleProperty [value: 640.0]
17:43:13.298 [FXGL Background Thread 3 ] DEBUG Engine               - prefWidthProperty: ReadOnlyDoubleProperty [value: 800.0]
17:43:13.298 [FXGL Background Thread 3 ] DEBUG Engine               - profileDir: profiles/
17:43:13.298 [FXGL Background Thread 3 ] DEBUG Engine               - profileName: StringProperty [value: DEFAULT]
17:43:13.298 [FXGL Background Thread 3 ] DEBUG Engine               - randomSeed: -1
17:43:13.298 [FXGL Background Thread 3 ] DEBUG Engine               - runtimeInfo: RuntimeInfo(platform=WINDOWS, version=17.3, build=30.03.2023 11.49)
17:43:13.298 [FXGL Background Thread 3 ] DEBUG Engine               - saveFileExt: sav
17:43:13.299 [FXGL Background Thread 3 ] DEBUG Engine               - scaledHeightProp$fxgl: DoubleProperty [bound, value: 640.0]
17:43:13.299 [FXGL Background Thread 3 ] DEBUG Engine               - scaledWidthProp$fxgl: DoubleProperty [bound, value: 800.0]
17:43:13.299 [FXGL Background Thread 3 ] DEBUG Engine               - sceneFactory: com.almasb.fxgl.app.scene.SceneFactory@3fe35c7e
17:43:13.299 [FXGL Background Thread 3 ] DEBUG Engine               - secondsIn24h: 60
17:43:13.299 [FXGL Background Thread 3 ] DEBUG Engine               - soundMenuBack: menu/back.wav
17:43:13.299 [FXGL Background Thread 3 ] DEBUG Engine               - soundMenuPress: menu/press.wav
17:43:13.299 [FXGL Background Thread 3 ] DEBUG Engine               - soundMenuSelect: menu/select.wav
17:43:13.299 [FXGL Background Thread 3 ] DEBUG Engine               - soundNotification: core/notification.wav
17:43:13.299 [FXGL Background Thread 3 ] DEBUG Engine               - stageStyle: DECORATED
17:43:13.299 [FXGL Background Thread 3 ] DEBUG Engine               - supportedLanguages: [ENGLISH, FRENCH, GERMAN, HUNGARIAN, RUSSIAN]
17:43:13.299 [FXGL Background Thread 3 ] DEBUG Engine               - ticksPerSecond: -1
17:43:13.299 [FXGL Background Thread 3 ] DEBUG Engine               - title: a-Mazed
17:43:13.299 [FXGL Background Thread 3 ] DEBUG Engine               - urlGithub: https://github.com/AlmasB/FXGL
17:43:13.299 [FXGL Background Thread 3 ] DEBUG Engine               - urlLeaderboard: http://fxgl-top.herokuapp.com/
17:43:13.299 [FXGL Background Thread 3 ] DEBUG Engine               - urlPOM: https://raw.githubusercontent.com/AlmasB/FXGL/release/README.md
17:43:13.299 [FXGL Background Thread 3 ] DEBUG Engine               - userAppClass: class lylesmal.openworldgame.MapApplication
17:43:13.299 [FXGL Background Thread 3 ] DEBUG Engine               - version: 1.0
17:43:13.299 [FXGL Background Thread 3 ] DEBUG Engine               - versionCheckDays: 7
17:43:13.299 [FXGL Background Thread 3 ] DEBUG Engine               - width: 800
17:43:13.299 [FXGL Background Thread 3 ] DEBUG Engine               - Logging services
17:43:13.299 [FXGL Background Thread 3 ] DEBUG Engine               - class com.almasb.fxgl.app.services.FXGLAssetLoaderService
17:43:13.300 [FXGL Background Thread 3 ] DEBUG Engine               - class com.almasb.fxgl.app.FXGLApplication$GameApplicationService
17:43:13.300 [FXGL Background Thread 3 ] DEBUG Engine               - class com.almasb.fxgl.app.services.FXGLDialogService
17:43:13.300 [FXGL Background Thread 3 ] DEBUG Engine               - class com.almasb.fxgl.app.services.IOTaskExecutorService
17:43:13.300 [FXGL Background Thread 3 ] DEBUG Engine               - class com.almasb.fxgl.io.FileSystemService
17:43:13.300 [FXGL Background Thread 3 ] DEBUG Engine               - class com.almasb.fxgl.localization.LocalizationService
17:43:13.300 [FXGL Background Thread 3 ] DEBUG Engine               - class com.almasb.fxgl.app.services.SystemBundleService
17:43:13.300 [FXGL Background Thread 3 ] DEBUG Engine               - class com.almasb.fxgl.profile.SaveLoadService
17:43:13.300 [FXGL Background Thread 3 ] DEBUG Engine               - class com.almasb.fxgl.ui.FXGLUIFactoryServiceProvider
17:43:13.300 [FXGL Background Thread 3 ] DEBUG Engine               - class com.almasb.fxgl.ui.FXGLDialogFactoryServiceProvider
17:43:13.300 [FXGL Background Thread 3 ] DEBUG Engine               - class com.almasb.fxgl.audio.AudioPlayer
17:43:13.300 [FXGL Background Thread 3 ] DEBUG Engine               - class com.almasb.fxgl.notification.impl.NotificationServiceProvider
17:43:13.300 [FXGL Background Thread 3 ] DEBUG Engine               - class com.almasb.fxgl.achievement.AchievementService
17:43:13.300 [FXGL Background Thread 3 ] DEBUG Engine               - class com.almasb.fxgl.cutscene.CutsceneService
17:43:13.300 [FXGL Background Thread 3 ] DEBUG Engine               - class com.almasb.fxgl.minigames.MiniGameService
17:43:13.300 [FXGL Background Thread 3 ] DEBUG Engine               - class com.almasb.fxgl.net.NetService
17:43:13.300 [FXGL Background Thread 3 ] DEBUG Engine               - class com.almasb.fxgl.app.services.UpdaterService
17:43:13.300 [FXGL Background Thread 3 ] DEBUG Engine               - class com.almasb.fxgl.dev.DevService
17:43:13.655 [JavaFX Application Thread] DEBUG FXGLAssetLoaderServi - Loading from file system: file:/C:/Users/lyle/IdeaProjects/MazeGame/target/classes/assets/textures/character-up.png
17:43:14.026 [JavaFX Application Thread] DEBUG FXGLAssetLoaderServi - Loading from file system: file:/C:/Users/lyle/IdeaProjects/MazeGame/target/classes/assets/sounds/damage.wav
17:43:14.604 [JavaFX Application Thread] DEBUG FXGLAssetLoaderServi - Loading from file system: file:/C:/Users/lyle/IdeaProjects/MazeGame/target/classes/assets/textures/character-left.png
17:43:15.172 [JavaFX Application Thread] DEBUG FXGLAssetLoaderServi - Loading from file system: file:/C:/Users/lyle/IdeaProjects/MazeGame/target/classes/assets/sounds/zombie_groan.wav
17:43:17.559 [JavaFX Application Thread] DEBUG FXGLAssetLoaderServi - Loading from file system: file:/C:/Users/lyle/IdeaProjects/MazeGame/target/classes/assets/textures/character-right.png
17:43:21.879 [JavaFX Application Thread] DEBUG FXGLAssetLoaderServi - Loading from file system: file:/C:/Users/lyle/IdeaProjects/MazeGame/target/classes/assets/textures/loot.png
17:43:38.697 [JavaFX Application Thread] DEBUG FXGLApplication      - Exiting FXGL
17:43:38.697 [JavaFX Application Thread] DEBUG LoopRunner           - Stopping loop
17:43:38.697 [JavaFX Application Thread] DEBUG SystemBundleService  - Saving FXGL system data
17:43:38.699 [JavaFX Application Thread] DEBUG FileSystemAccess     - Writing to: C:\Users\lyle\IdeaProjects\MazeGame\system\fxgl.bundle
17:43:38.701 [JavaFX Application Thread] DEBUG Async                - Shutting down background threads
17:43:38.701 [JavaFX Application Thread] DEBUG PrimaryStageWindow   - Closing main window
17:43:38.711 [JavaFX Application Thread] DEBUG Logger               - Closing Logger
