17:52:21.147 [main                     ] DEBUG Logger               - Configured Logger
17:52:21.165 [main                     ] DEBUG GameApplication      - Logging settings
Title: a-Mazed
Version: 1.0
Width: 800
Height: 640
Fullscreen: false
Intro: false
Profiling: false
Single step:false
App Mode: DEVELOPER
Menu Key: ESCAPE
Stage Style: DECORATED
Scene Factory: class com.almasb.fxgl.app.scene.SceneFactory

17:52:21.308 [JavaFX Application Thread] DEBUG FXGLApplication      - Initializing FXGL
17:52:21.312 [JavaFX Application Thread] INFO  Engine               - FXGL-17.3 (30.03.2023 11.49) on WINDOWS (J:21.0.11 FX:21)
17:52:21.312 [JavaFX Application Thread] DEBUG Engine               - JRE Vendor Name: Microsoft
17:52:21.312 [JavaFX Application Thread] DEBUG Engine               - Running on OS: Windows 11 version 10.0
17:52:21.312 [JavaFX Application Thread] DEBUG Engine               - Architecture: amd64
17:52:21.312 [JavaFX Application Thread] INFO  Engine               - Source code and latest versions at: https://github.com/AlmasB/FXGL
17:52:21.313 [JavaFX Application Thread] INFO  Engine               -       Ask questions and discuss at: https://github.com/AlmasB/FXGL/discussions
17:52:21.313 [JavaFX Application Thread] INFO  Engine               -              Join the FXGL chat at: https://gitter.im/AlmasB/FXGL
17:52:21.377 [JavaFX Application Thread] DEBUG PrimaryStageWindow   - Creating a JavaFX scene
17:52:21.413 [JavaFX Application Thread] DEBUG PrimaryStageWindow   - Target settings size: 800.0 x 640.0
17:52:21.413 [JavaFX Application Thread] DEBUG PrimaryStageWindow   - Scaled scene size:    800.0 x 640.0
17:52:21.413 [JavaFX Application Thread] DEBUG PrimaryStageWindow   - Scaled ratio: (1.0, 1.0)
17:52:21.414 [JavaFX Application Thread] DEBUG PrimaryStageWindow   - Set initial scene to FXGLStartupScene
17:52:21.416 [JavaFX Application Thread] DEBUG PrimaryStageWindow   - Opening main window
17:52:21.487 [JavaFX Application Thread] DEBUG PrimaryStageWindow   - Window border size: (16.0, 39.0)
17:52:21.488 [JavaFX Application Thread] DEBUG PrimaryStageWindow   - Scaled size: 800.0 x 640.0
17:52:21.488 [JavaFX Application Thread] DEBUG PrimaryStageWindow   - Scaled ratio: (1.0, 1.0)
17:52:21.488 [JavaFX Application Thread] DEBUG PrimaryStageWindow   - Scene size: 800.0 x 640.0
17:52:21.489 [JavaFX Application Thread] DEBUG PrimaryStageWindow   - Stage size: 816.0 x 679.0
17:52:21.495 [FXGL Background Thread 1 ] DEBUG Engine               - Initializing environment variables
17:52:21.546 [FXGL Background Thread 1 ] DEBUG FXGLAssetLoaderServi - User app class for loading assets: class lylesmal.openworldgame.MapApplication
17:52:21.546 [FXGL Background Thread 1 ] DEBUG GameApplicationServi - Applying CSS: fxgl_dark.css
17:52:21.548 [FXGL Background Thread 1 ] DEBUG FXGLAssetLoaderServi - Loading from file system: jar:file:///C:/Users/lyle/.m2/repository/com/github/almasb/fxgl/17.3/fxgl-17.3.jar!/fxglassets/ui/css/fxgl_dark.css
17:52:21.586 [FXGL Background Thread 1 ] DEBUG GameApplicationServi - Initializing application scenes
17:52:21.614 [FXGL Background Thread 1 ] DEBUG GameWorld            - Game world initialized
17:52:21.687 [FXGL Background Thread 1 ] DEBUG PhysicsWorld         - Physics world initialized: appHeight=640, physics.ppm=50,0
17:52:21.687 [FXGL Background Thread 1 ] DEBUG PhysicsWorld         - Using strategy: BRUTE_FORCE
17:52:21.692 [FXGL Background Thread 1 ] DEBUG GameScene            - Game scene initialized: 800x640
17:52:21.693 [FXGL Background Thread 1 ] DEBUG GameApplicationServi - Application scenes initialized
17:52:21.707 [FXGL Background Thread 1 ] DEBUG SystemBundleService  - Loading FXGL system data
17:52:21.711 [FXGL Background Thread 1 ] DEBUG FileSystemAccess     - Reading from: C:\Users\lyle\IdeaProjects\MazeGame\system\fxgl.bundle
17:52:21.717 [FXGL Background Thread 1 ] DEBUG SystemBundleService  - Bundle FXGL: {}
17:52:21.717 [FXGL Background Thread 1 ] DEBUG UpdaterService       - Checking for updates
17:52:21.720 [FXGL Background Thread 4 ] DEBUG FXGLApplication      - Loading fonts
17:52:21.721 [FXGL Background Thread 4 ] DEBUG FXGLAssetLoaderServi - Loading from file system: jar:file:///C:/Users/lyle/.m2/repository/com/github/almasb/fxgl/17.3/fxgl-17.3.jar!/fxglassets/ui/fonts/VarelaRound-Regular.ttf
17:52:21.721 [FXGL Background Thread 1 ] DEBUG FXGLApplication      - Loading default localization
17:52:21.721 [FXGL Background Thread 1 ] DEBUG FXGLAssetLoaderServi - Loading from file system: jar:file:///C:/Users/lyle/.m2/repository/com/github/almasb/fxgl/17.3/fxgl-17.3.jar!/fxglassets/languages/english.lang
17:52:21.757 [FXGL Background Thread 4 ] DEBUG FXGLAssetLoaderServi - Loading from file system: jar:file:///C:/Users/lyle/.m2/repository/com/github/almasb/fxgl/17.3/fxgl-17.3.jar!/fxglassets/ui/fonts/Abel-Regular.ttf
17:52:21.760 [FXGL Background Thread 4 ] DEBUG FXGLAssetLoaderServi - Loading from file system: jar:file:///C:/Users/lyle/.m2/repository/com/github/almasb/fxgl/17.3/fxgl-17.3.jar!/fxglassets/ui/fonts/TerminalLandMono-Regular.otf
17:52:21.762 [FXGL Background Thread 4 ] DEBUG FXGLAssetLoaderServi - Loading from file system: jar:file:///C:/Users/lyle/.m2/repository/com/github/almasb/fxgl/17.3/fxgl-17.3.jar!/fxglassets/ui/fonts/Courier-Prime.ttf
17:52:21.769 [JavaFX Application Thread] DEBUG FXGLApplication      - Registering font factories with UI factory
17:52:21.771 [FXGL Background Thread 1 ] INFO  FXGLApplication      - FXGL initialization took: 0,276 sec
17:52:21.786 [JavaFX Application Thread] DEBUG Input                - Registered new binding: player-move-up - Up
17:52:21.787 [JavaFX Application Thread] DEBUG Input                - Registered new binding: player-move-down - Down
17:52:21.787 [JavaFX Application Thread] DEBUG Input                - Registered new binding: player-move-left - Left
17:52:21.787 [JavaFX Application Thread] DEBUG Input                - Registered new binding: player-move-right - Right
17:52:21.787 [JavaFX Application Thread] DEBUG Input                - Registered new binding: player-jump - Space
17:52:21.787 [JavaFX Application Thread] DEBUG Input                - Registered new binding: player-spawns-brick - W
17:52:21.788 [JavaFX Application Thread] DEBUG Input                - Registered new binding: player-spawns-flag - Z
17:52:21.788 [JavaFX Application Thread] DEBUG Input                - Registered new binding: player-spawns-bullet - F
17:52:21.788 [JavaFX Application Thread] DEBUG Input                - Registered new binding: player-spawns-fence-vertical - V
17:52:21.789 [JavaFX Application Thread] DEBUG Input                - Registered new binding: player-spawns-fence-horizontal - H
17:52:21.789 [JavaFX Application Thread] DEBUG Input                - Registered new binding: player-plants - P
17:52:21.790 [JavaFX Application Thread] DEBUG Input                - Registered new binding: player-spawns-cannon - C
17:52:21.790 [JavaFX Application Thread] DEBUG Input                - Registered new binding: player-bombs - B
17:52:21.791 [JavaFX Application Thread] DEBUG FXGLAssetLoaderServi - Loading from file system: file:/C:/Users/lyle/IdeaProjects/MazeGame/target/classes/assets/textures/island-wall.png
17:52:21.823 [JavaFX Application Thread] DEBUG FXGLAssetLoaderServi - Loading from file system: jar:file:///C:/Users/lyle/.m2/repository/com/github/almasb/fxgl/17.3/fxgl-17.3.jar!/fxglassets/textures/fxgl_default_cursor.png
17:52:21.828 [JavaFX Application Thread] DEBUG Input                - Registered new binding: Screenshot - CTRL+8
17:52:21.828 [JavaFX Application Thread] DEBUG Input                - Registered new binding: System info dump - CTRL+9
17:52:21.829 [JavaFX Application Thread] DEBUG Input                - Registered new binding: Restart - CTRL+R
17:52:21.829 [JavaFX Application Thread] DEBUG Input                - Registered new binding: Toggle Debug Camera - CTRL+7
17:52:21.831 [JavaFX Application Thread] DEBUG LoopRunner           - Starting loop
17:52:21.831 [JavaFX Application Thread] DEBUG LoopRunner           - Initializing JavaFX AnimationTimerLoop
17:52:21.833 [JavaFX Application Thread] DEBUG GameApplicationServi - Starting new game
17:52:21.834 [JavaFX Application Thread] DEBUG Input                - Clearing active input actions
17:52:21.852 [JavaFX Application Thread] DEBUG GameApplicationServi - Removing overlay from FXGLStartupScene and adding to FXGLLoadingScene
17:52:21.853 [JavaFX Application Thread] DEBUG PrimaryStageWindow   - FXGLStartupScene -> FXGLLoadingScene
17:52:21.853 [JavaFX Application Thread] DEBUG GameApplicationServi - Clearing previous game
17:52:21.853 [JavaFX Application Thread] DEBUG GameScene            - Clearing game scene
17:52:21.853 [JavaFX Application Thread] DEBUG GameWorld            - Clearing game world
17:52:21.853 [JavaFX Application Thread] DEBUG PhysicsWorld         - Clearing physics world
17:52:21.858 [FXGL Background Thread 1 ] DEBUG FXGLApplication      - Initializing game
17:52:21.861 [FXGL Background Thread 1 ] DEBUG FXGLAssetLoaderServi - Loading from file system: file:/C:/Users/lyle/IdeaProjects/MazeGame/target/classes/assets/music/game-music.mp3
17:52:22.030 [FXGL Background Thread 1 ] DEBUG AudioPlayer          - Playing music com.almasb.fxgl.audio.Music@671c3c53
17:52:22.039 [FXGL Background Thread 1 ] DEBUG FXGLAssetLoaderServi - Loading from file system: file:/C:/Users/lyle/IdeaProjects/MazeGame/target/classes/assets/textures/map.png
17:52:22.108 [FXGL Background Thread 1 ] DEBUG FXGLAssetLoaderServi - Loading from file system: file:/C:/Users/lyle/IdeaProjects/MazeGame/target/classes/assets/textures/left-border.png
17:52:22.132 [FXGL Background Thread 1 ] DEBUG FXGLAssetLoaderServi - Loading from file system: file:/C:/Users/lyle/IdeaProjects/MazeGame/target/classes/assets/textures/right-border.png
17:52:22.137 [FXGL Background Thread 1 ] DEBUG FXGLAssetLoaderServi - Loading from file system: file:/C:/Users/lyle/IdeaProjects/MazeGame/target/classes/assets/textures/bottom-top-border.png
17:52:22.140 [FXGL Background Thread 1 ] DEBUG FXGLAssetLoaderServi - Loading from file system: file:/C:/Users/lyle/IdeaProjects/MazeGame/target/classes/assets/textures/wall.png
17:52:22.142 [FXGL Background Thread 1 ] DEBUG FXGLAssetLoaderServi - Loading from file system: file:/C:/Users/lyle/IdeaProjects/MazeGame/target/classes/assets/textures/wall-2.png
17:52:22.146 [FXGL Background Thread 1 ] DEBUG FXGLAssetLoaderServi - Loading from file system: file:/C:/Users/lyle/IdeaProjects/MazeGame/target/classes/assets/textures/wall-1.png
17:52:22.153 [FXGL Background Thread 1 ] DEBUG FXGLAssetLoaderServi - Loading from file system: file:/C:/Users/lyle/IdeaProjects/MazeGame/target/classes/assets/textures/water-fountain.png
17:52:22.206 [FXGL Background Thread 1 ] DEBUG FXGLAssetLoaderServi - Loading from file system: file:/C:/Users/lyle/IdeaProjects/MazeGame/target/classes/assets/textures/pond.png
17:52:22.210 [FXGL Background Thread 1 ] DEBUG FXGLAssetLoaderServi - Loading from file system: file:/C:/Users/lyle/IdeaProjects/MazeGame/target/classes/assets/textures/waves.png
17:52:22.217 [FXGL Background Thread 1 ] DEBUG FXGLAssetLoaderServi - Loading from file system: file:/C:/Users/lyle/IdeaProjects/MazeGame/target/classes/assets/textures/no-waves.png
17:52:22.222 [FXGL Background Thread 1 ] DEBUG FXGLAssetLoaderServi - Loading from file system: file:/C:/Users/lyle/IdeaProjects/MazeGame/target/classes/assets/textures/character.png
17:52:22.322 [FXGL Background Thread 2 ] INFO  UpdaterService       - Your current version:  17.3
17:52:22.323 [FXGL Background Thread 2 ] INFO  UpdaterService       - Latest stable version: 25
17:52:22.404 [FXGL Background Thread 1 ] INFO  FXGLApplication      - Game initialization took: 0,547 sec
17:52:22.408 [JavaFX Application Thread] DEBUG Input                - Clearing active input actions
17:52:22.430 [JavaFX Application Thread] DEBUG GameApplicationServi - Removing overlay from FXGLLoadingScene and adding to GameScene
17:52:22.430 [JavaFX Application Thread] DEBUG PrimaryStageWindow   - FXGLLoadingScene -> GameScene
17:52:23.474 [JavaFX Application Thread] DEBUG FXGLApplication      - Exiting FXGL
17:52:23.475 [JavaFX Application Thread] DEBUG LoopRunner           - Stopping loop
17:52:23.475 [JavaFX Application Thread] DEBUG SystemBundleService  - Saving FXGL system data
17:52:23.476 [JavaFX Application Thread] DEBUG FileSystemAccess     - Writing to: C:\Users\lyle\IdeaProjects\MazeGame\system\fxgl.bundle
17:52:23.478 [JavaFX Application Thread] DEBUG Async                - Shutting down background threads
17:52:23.478 [JavaFX Application Thread] DEBUG PrimaryStageWindow   - Closing main window
17:52:23.491 [JavaFX Application Thread] DEBUG Logger               - Closing Logger
