11:31:12.453 [AWT-EventQueue-0         ] DEBUG Logger               - Configured Logger
11:31:12.484 [AWT-EventQueue-0         ] DEBUG GameApplication      - Logging settings
Title: a-Mazed
Version: 1.0
Width: 800
Height: 640
Fullscreen: false
Intro: false
Profiling: false
Single step:false
App Mode: DEVELOPER
Menu Key: ESCAPE
Stage Style: DECORATED
Scene Factory: class com.almasb.fxgl.app.scene.SceneFactory

11:31:12.563 [JavaFX Application Thread] DEBUG FXGLApplication      - Initializing FXGL
11:31:12.568 [JavaFX Application Thread] INFO  Engine               - FXGL-17.3 (30.03.2023 11.49) on WINDOWS (J:21.0.7 FX:21)
11:31:12.569 [JavaFX Application Thread] DEBUG Engine               - JRE Vendor Name: Microsoft
11:31:12.569 [JavaFX Application Thread] DEBUG Engine               - Running on OS: Windows 10 version 10.0
11:31:12.569 [JavaFX Application Thread] DEBUG Engine               - Architecture: amd64
11:31:12.569 [JavaFX Application Thread] INFO  Engine               - Source code and latest versions at: https://github.com/AlmasB/FXGL
11:31:12.570 [JavaFX Application Thread] INFO  Engine               -       Ask questions and discuss at: https://github.com/AlmasB/FXGL/discussions
11:31:12.570 [JavaFX Application Thread] INFO  Engine               -              Join the FXGL chat at: https://gitter.im/AlmasB/FXGL
11:31:12.670 [JavaFX Application Thread] DEBUG PrimaryStageWindow   - Creating a JavaFX scene
11:31:12.715 [JavaFX Application Thread] DEBUG PrimaryStageWindow   - Target settings size: 800.0 x 640.0
11:31:12.715 [JavaFX Application Thread] DEBUG PrimaryStageWindow   - Scaled scene size:    800.0 x 640.0
11:31:12.715 [JavaFX Application Thread] DEBUG PrimaryStageWindow   - Scaled ratio: (1.0, 1.0)
11:31:12.716 [JavaFX Application Thread] DEBUG PrimaryStageWindow   - Set initial scene to FXGLStartupScene
11:31:12.720 [JavaFX Application Thread] DEBUG PrimaryStageWindow   - Opening main window
11:31:12.797 [JavaFX Application Thread] DEBUG PrimaryStageWindow   - Window border size: (14.4000244140625, 37.5999755859375)
11:31:12.797 [JavaFX Application Thread] DEBUG PrimaryStageWindow   - Scaled size: 800.0 x 640.0
11:31:12.798 [JavaFX Application Thread] DEBUG PrimaryStageWindow   - Scaled ratio: (1.0, 1.0)
11:31:12.799 [JavaFX Application Thread] DEBUG PrimaryStageWindow   - Scene size: 800.0 x 640.0
11:31:12.799 [JavaFX Application Thread] DEBUG PrimaryStageWindow   - Stage size: 814.4000244140625 x 677.5999755859375
11:31:12.808 [FXGL Background Thread 1 ] DEBUG Engine               - Initializing environment variables
11:31:12.884 [FXGL Background Thread 1 ] DEBUG FXGLAssetLoaderServi - User app class for loading assets: class lylesmal.openworldgame.MapApplication
11:31:12.884 [FXGL Background Thread 1 ] DEBUG GameApplicationServi - Applying CSS: fxgl_dark.css
11:31:12.885 [FXGL Background Thread 1 ] DEBUG FXGLAssetLoaderServi - Loading from file system: jar:file:///C:/Users/prodb/.m2/repository/com/github/almasb/fxgl/17.3/fxgl-17.3.jar!/fxglassets/ui/css/fxgl_dark.css
11:31:12.947 [FXGL Background Thread 1 ] DEBUG GameApplicationServi - Initializing application scenes
11:31:12.982 [FXGL Background Thread 1 ] DEBUG GameWorld            - Game world initialized
11:31:13.097 [FXGL Background Thread 1 ] DEBUG PhysicsWorld         - Physics world initialized: appHeight=640, physics.ppm=50,0
11:31:13.097 [FXGL Background Thread 1 ] DEBUG PhysicsWorld         - Using strategy: BRUTE_FORCE
11:31:13.101 [FXGL Background Thread 1 ] DEBUG GameScene            - Game scene initialized: 800x640
11:31:13.101 [FXGL Background Thread 1 ] DEBUG GameApplicationServi - Application scenes initialized
11:31:13.137 [FXGL Background Thread 1 ] DEBUG SystemBundleService  - Loading FXGL system data
11:31:13.145 [FXGL Background Thread 1 ] DEBUG FileSystemAccess     - Reading from: E:\OneDrive - Cape Peninsula University of Technology\Game Development\maze-game\system\fxgl.bundle
11:31:13.157 [FXGL Background Thread 1 ] DEBUG SystemBundleService  - Bundle FXGL: {}
11:31:13.157 [FXGL Background Thread 1 ] DEBUG UpdaterService       - Checking for updates
11:31:13.166 [FXGL Background Thread 1 ] DEBUG FXGLApplication      - Loading default localization
11:31:13.167 [FXGL Background Thread 1 ] DEBUG FXGLAssetLoaderServi - Loading from file system: jar:file:///C:/Users/prodb/.m2/repository/com/github/almasb/fxgl/17.3/fxgl-17.3.jar!/fxglassets/languages/english.lang
11:31:13.187 [FXGL Background Thread 1 ] INFO  FXGLApplication      - FXGL initialization took: 0,380 sec
11:31:13.198 [JavaFX Application Thread] DEBUG Input                - Registered new binding: player-move-up - Up
11:31:13.199 [JavaFX Application Thread] DEBUG Input                - Registered new binding: player-move-down - Down
11:31:13.199 [JavaFX Application Thread] DEBUG Input                - Registered new binding: player-move-left - Left
11:31:13.199 [JavaFX Application Thread] DEBUG Input                - Registered new binding: player-move-right - Right
11:31:13.199 [JavaFX Application Thread] DEBUG Input                - Registered new binding: player-jump - Space
11:31:13.199 [JavaFX Application Thread] DEBUG Input                - Registered new binding: player-spawns-brick - W
11:31:13.200 [JavaFX Application Thread] DEBUG Input                - Registered new binding: player-spawns-flag - F
11:31:13.200 [JavaFX Application Thread] DEBUG Input                - Registered new binding: player-spawns-fence-vertical - V
11:31:13.200 [JavaFX Application Thread] DEBUG Input                - Registered new binding: player-spawns-fence-horizontal - H
11:31:13.200 [JavaFX Application Thread] DEBUG Input                - Registered new binding: player-plants - P
11:31:13.200 [JavaFX Application Thread] DEBUG Input                - Registered new binding: player-spawns-cannon - C
11:31:13.201 [JavaFX Application Thread] DEBUG FXGLAssetLoaderServi - Loading from file system: file:/E:/OneDrive%20-%20Cape%20Peninsula%20University%20of%20Technology/Game%20Development/maze-game/target/classes/assets/textures/island-wall.png
11:31:13.207 [FXGL Background Thread 4 ] DEBUG FXGLApplication      - Loading fonts
11:31:13.210 [FXGL Background Thread 4 ] DEBUG FXGLAssetLoaderServi - Loading from file system: jar:file:///C:/Users/prodb/.m2/repository/com/github/almasb/fxgl/17.3/fxgl-17.3.jar!/fxglassets/ui/fonts/VarelaRound-Regular.ttf
11:31:13.237 [JavaFX Application Thread] DEBUG FXGLAssetLoaderServi - Loading from file system: jar:file:///C:/Users/prodb/.m2/repository/com/github/almasb/fxgl/17.3/fxgl-17.3.jar!/fxglassets/textures/fxgl_default_cursor.png
11:31:13.240 [JavaFX Application Thread] DEBUG Input                - Registered new binding: Screenshot - CTRL+8
11:31:13.240 [JavaFX Application Thread] DEBUG Input                - Registered new binding: System info dump - CTRL+9
11:31:13.241 [JavaFX Application Thread] DEBUG Input                - Registered new binding: Restart - CTRL+R
11:31:13.241 [JavaFX Application Thread] DEBUG Input                - Registered new binding: Toggle Debug Camera - CTRL+7
11:31:13.244 [JavaFX Application Thread] DEBUG LoopRunner           - Starting loop
11:31:13.244 [JavaFX Application Thread] DEBUG LoopRunner           - Initializing JavaFX AnimationTimerLoop
11:31:13.245 [JavaFX Application Thread] DEBUG GameApplicationServi - Starting new game
11:31:13.246 [JavaFX Application Thread] DEBUG Input                - Clearing active input actions
11:31:13.262 [JavaFX Application Thread] DEBUG GameApplicationServi - Removing overlay from FXGLStartupScene and adding to FXGLLoadingScene
11:31:13.263 [JavaFX Application Thread] DEBUG PrimaryStageWindow   - FXGLStartupScene -> FXGLLoadingScene
11:31:13.263 [JavaFX Application Thread] DEBUG GameApplicationServi - Clearing previous game
11:31:13.263 [JavaFX Application Thread] DEBUG GameScene            - Clearing game scene
11:31:13.263 [JavaFX Application Thread] DEBUG GameWorld            - Clearing game world
11:31:13.263 [JavaFX Application Thread] DEBUG PhysicsWorld         - Clearing physics world
11:31:13.266 [FXGL Background Thread 1 ] DEBUG FXGLApplication      - Initializing game
11:31:13.273 [FXGL Background Thread 1 ] DEBUG FXGLAssetLoaderServi - Loading from file system: file:/E:/OneDrive%20-%20Cape%20Peninsula%20University%20of%20Technology/Game%20Development/maze-game/target/classes/assets/music/game-music.mp3
11:31:13.296 [FXGL Background Thread 4 ] DEBUG FXGLAssetLoaderServi - Loading from file system: jar:file:///C:/Users/prodb/.m2/repository/com/github/almasb/fxgl/17.3/fxgl-17.3.jar!/fxglassets/ui/fonts/Abel-Regular.ttf
11:31:13.386 [FXGL Background Thread 4 ] DEBUG FXGLAssetLoaderServi - Loading from file system: jar:file:///C:/Users/prodb/.m2/repository/com/github/almasb/fxgl/17.3/fxgl-17.3.jar!/fxglassets/ui/fonts/TerminalLandMono-Regular.otf
11:31:13.399 [FXGL Background Thread 4 ] DEBUG FXGLAssetLoaderServi - Loading from file system: jar:file:///C:/Users/prodb/.m2/repository/com/github/almasb/fxgl/17.3/fxgl-17.3.jar!/fxglassets/ui/fonts/Courier-Prime.ttf
11:31:13.434 [JavaFX Application Thread] DEBUG FXGLApplication      - Registering font factories with UI factory
11:31:13.579 [FXGL Background Thread 1 ] DEBUG AudioPlayer          - Playing music com.almasb.fxgl.audio.Music@46f94f0b
11:31:13.589 [FXGL Background Thread 1 ] DEBUG FXGLAssetLoaderServi - Loading from file system: file:/E:/OneDrive%20-%20Cape%20Peninsula%20University%20of%20Technology/Game%20Development/maze-game/target/classes/assets/textures/map.png
11:31:13.749 [FXGL Background Thread 1 ] DEBUG FXGLAssetLoaderServi - Loading from file system: file:/E:/OneDrive%20-%20Cape%20Peninsula%20University%20of%20Technology/Game%20Development/maze-game/target/classes/assets/textures/left-border.png
11:31:13.787 [FXGL Background Thread 1 ] DEBUG FXGLAssetLoaderServi - Loading from file system: file:/E:/OneDrive%20-%20Cape%20Peninsula%20University%20of%20Technology/Game%20Development/maze-game/target/classes/assets/textures/right-border.png
11:31:13.795 [FXGL Background Thread 1 ] DEBUG FXGLAssetLoaderServi - Loading from file system: file:/E:/OneDrive%20-%20Cape%20Peninsula%20University%20of%20Technology/Game%20Development/maze-game/target/classes/assets/textures/bottom-top-border.png
11:31:13.824 [FXGL Background Thread 1 ] DEBUG FXGLAssetLoaderServi - Loading from file system: file:/E:/OneDrive%20-%20Cape%20Peninsula%20University%20of%20Technology/Game%20Development/maze-game/target/classes/assets/textures/wall.png
11:31:13.831 [FXGL Background Thread 1 ] DEBUG FXGLAssetLoaderServi - Loading from file system: file:/E:/OneDrive%20-%20Cape%20Peninsula%20University%20of%20Technology/Game%20Development/maze-game/target/classes/assets/textures/wall-2.png
11:31:13.870 [FXGL Background Thread 1 ] DEBUG FXGLAssetLoaderServi - Loading from file system: file:/E:/OneDrive%20-%20Cape%20Peninsula%20University%20of%20Technology/Game%20Development/maze-game/target/classes/assets/textures/wall-1.png
11:31:13.928 [FXGL Background Thread 1 ] DEBUG FXGLAssetLoaderServi - Loading from file system: file:/E:/OneDrive%20-%20Cape%20Peninsula%20University%20of%20Technology/Game%20Development/maze-game/target/classes/assets/textures/water-fountain.png
11:31:13.951 [FXGL Background Thread 1 ] DEBUG FXGLAssetLoaderServi - Loading from file system: file:/E:/OneDrive%20-%20Cape%20Peninsula%20University%20of%20Technology/Game%20Development/maze-game/target/classes/assets/textures/pond.png
11:31:13.955 [FXGL Background Thread 1 ] DEBUG FXGLAssetLoaderServi - Loading from file system: file:/E:/OneDrive%20-%20Cape%20Peninsula%20University%20of%20Technology/Game%20Development/maze-game/target/classes/assets/textures/waves.png
11:31:13.980 [FXGL Background Thread 1 ] DEBUG FXGLAssetLoaderServi - Loading from file system: file:/E:/OneDrive%20-%20Cape%20Peninsula%20University%20of%20Technology/Game%20Development/maze-game/target/classes/assets/textures/no-waves.png
11:31:13.989 [FXGL Background Thread 1 ] DEBUG FXGLAssetLoaderServi - Loading from file system: file:/E:/OneDrive%20-%20Cape%20Peninsula%20University%20of%20Technology/Game%20Development/maze-game/target/classes/assets/textures/character.png
11:31:14.012 [FXGL Background Thread 1 ] INFO  FXGLApplication      - Game initialization took: 0,745 sec
11:31:14.013 [JavaFX Application Thread] DEBUG Input                - Clearing active input actions
11:31:14.029 [JavaFX Application Thread] DEBUG GameApplicationServi - Removing overlay from FXGLLoadingScene and adding to GameScene
11:31:14.029 [JavaFX Application Thread] DEBUG PrimaryStageWindow   - FXGLLoadingScene -> GameScene
11:31:14.034 [FXGL Background Thread 2 ] INFO  UpdaterService       - Your current version:  17.3
11:31:14.035 [FXGL Background Thread 2 ] INFO  UpdaterService       - Latest stable version: 25
11:31:16.164 [FXGL Background Thread 3 ] DEBUG Engine               - Logging environment variables
11:31:16.164 [FXGL Background Thread 3 ] DEBUG Engine               - achievements: []
11:31:16.164 [FXGL Background Thread 3 ] DEBUG Engine               - actualHeight: 640.0
11:31:16.164 [FXGL Background Thread 3 ] DEBUG Engine               - actualHeightProperty: ReadOnlyDoubleProperty [value: 640.0]
11:31:16.165 [FXGL Background Thread 3 ] DEBUG Engine               - actualWidth: 800.0
11:31:16.165 [FXGL Background Thread 3 ] DEBUG Engine               - actualWidthProperty: ReadOnlyDoubleProperty [value: 800.0]
11:31:16.165 [FXGL Background Thread 3 ] DEBUG Engine               - appIcon: island-wall.png
11:31:16.165 [FXGL Background Thread 3 ] DEBUG Engine               - applicationMode: DEVELOPER
11:31:16.165 [FXGL Background Thread 3 ] DEBUG Engine               - cSSList: [fxgl_dark.css]
11:31:16.165 [FXGL Background Thread 3 ] DEBUG Engine               - collisionDetectionStrategy: BRUTE_FORCE
11:31:16.165 [FXGL Background Thread 3 ] DEBUG Engine               - configClass: Optional.empty
11:31:16.165 [FXGL Background Thread 3 ] DEBUG Engine               - credits: []
11:31:16.165 [FXGL Background Thread 3 ] DEBUG Engine               - defaultCursor: CursorInfo(imageName=fxgl_default_cursor.png, hotspotX=7.0, hotspotY=6.0)
11:31:16.166 [FXGL Background Thread 3 ] DEBUG Engine               - devBBoxColorProperty: ObjectProperty [value: 0xff0000ff]
11:31:16.166 [FXGL Background Thread 3 ] DEBUG Engine               - devEnableDebugCameraProperty: BooleanProperty [value: false]
11:31:16.166 [FXGL Background Thread 3 ] DEBUG Engine               - devSensorColorProperty: ObjectProperty [value: 0xffff00ff]
11:31:16.166 [FXGL Background Thread 3 ] DEBUG Engine               - devShowBBoxProperty: BooleanProperty [value: false]
11:31:16.166 [FXGL Background Thread 3 ] DEBUG Engine               - devShowPositionProperty: BooleanProperty [value: false]
11:31:16.166 [FXGL Background Thread 3 ] DEBUG Engine               - enabledMenuItems: []
11:31:16.166 [FXGL Background Thread 3 ] DEBUG Engine               - engineServices: [class com.almasb.fxgl.app.services.FXGLAssetLoaderService, class com.almasb.fxgl.app.FXGLApplication$GameApplicationService, class com.almasb.fxgl.app.services.FXGLDialogService, class com.almasb.fxgl.app.services.IOTaskExecutorService, class com.almasb.fxgl.io.FileSystemService, class com.almasb.fxgl.localization.LocalizationService, class com.almasb.fxgl.app.services.SystemBundleService, class com.almasb.fxgl.profile.SaveLoadService, class com.almasb.fxgl.ui.FXGLUIFactoryServiceProvider, class com.almasb.fxgl.ui.FXGLDialogFactoryServiceProvider, class com.almasb.fxgl.audio.AudioPlayer, class com.almasb.fxgl.notification.impl.NotificationServiceProvider, class com.almasb.fxgl.achievement.AchievementService, class com.almasb.fxgl.cutscene.CutsceneService, class com.almasb.fxgl.minigames.MiniGameService, class com.almasb.fxgl.net.NetService, class com.almasb.fxgl.app.services.UpdaterService, class com.almasb.fxgl.dev.DevService]
11:31:16.166 [FXGL Background Thread 3 ] DEBUG Engine               - fontGame: Abel-Regular.ttf
11:31:16.166 [FXGL Background Thread 3 ] DEBUG Engine               - fontMono: TerminalLandMono-Regular.otf
11:31:16.166 [FXGL Background Thread 3 ] DEBUG Engine               - fontSizeScaleUI: 1.0
11:31:16.166 [FXGL Background Thread 3 ] DEBUG Engine               - fontText: Courier-Prime.ttf
11:31:16.166 [FXGL Background Thread 3 ] DEBUG Engine               - fontUI: VarelaRound-Regular.ttf
11:31:16.166 [FXGL Background Thread 3 ] DEBUG Engine               - fullScreen: BooleanProperty [value: false]
11:31:16.166 [FXGL Background Thread 3 ] DEBUG Engine               - gameDifficulty: MEDIUM
11:31:16.166 [FXGL Background Thread 3 ] DEBUG Engine               - gameDifficultyProperty: ObjectProperty [value: MEDIUM]
11:31:16.167 [FXGL Background Thread 3 ] DEBUG Engine               - globalMusicVolume: 0.5
11:31:16.167 [FXGL Background Thread 3 ] DEBUG Engine               - globalMusicVolumeProperty: DoubleProperty [value: 0.5]
11:31:16.167 [FXGL Background Thread 3 ] DEBUG Engine               - globalSoundVolume: 0.5
11:31:16.167 [FXGL Background Thread 3 ] DEBUG Engine               - globalSoundVolumeProperty: DoubleProperty [value: 0.5]
11:31:16.167 [FXGL Background Thread 3 ] DEBUG Engine               - height: 640
11:31:16.167 [FXGL Background Thread 3 ] DEBUG Engine               - is3D: false
11:31:16.167 [FXGL Background Thread 3 ] DEBUG Engine               - isAndroid: false
11:31:16.167 [FXGL Background Thread 3 ] DEBUG Engine               - isBrowser: false
11:31:16.167 [FXGL Background Thread 3 ] DEBUG Engine               - isClickFeedbackEnabled: false
11:31:16.167 [FXGL Background Thread 3 ] DEBUG Engine               - isCloseConfirmation: false
11:31:16.167 [FXGL Background Thread 3 ] DEBUG Engine               - isDesktop: true
11:31:16.167 [FXGL Background Thread 3 ] DEBUG Engine               - isDeveloperMenuEnabled: false
11:31:16.167 [FXGL Background Thread 3 ] DEBUG Engine               - isEmbedded: false
11:31:16.167 [FXGL Background Thread 3 ] DEBUG Engine               - isEntityPreloadEnabled: true
11:31:16.167 [FXGL Background Thread 3 ] DEBUG Engine               - isExperimentalTiledLargeMap: false
11:31:16.167 [FXGL Background Thread 3 ] DEBUG Engine               - isFileSystemWriteAllowed: true
11:31:16.168 [FXGL Background Thread 3 ] DEBUG Engine               - isFullScreenAllowed: false
11:31:16.168 [FXGL Background Thread 3 ] DEBUG Engine               - isFullScreenFromStart: false
11:31:16.168 [FXGL Background Thread 3 ] DEBUG Engine               - isGameMenuEnabled: false
11:31:16.168 [FXGL Background Thread 3 ] DEBUG Engine               - isIOS: false
11:31:16.168 [FXGL Background Thread 3 ] DEBUG Engine               - isIntroEnabled: false
11:31:16.168 [FXGL Background Thread 3 ] DEBUG Engine               - isLinux: false
11:31:16.168 [FXGL Background Thread 3 ] DEBUG Engine               - isMac: false
11:31:16.168 [FXGL Background Thread 3 ] DEBUG Engine               - isMainMenuEnabled: false
11:31:16.168 [FXGL Background Thread 3 ] DEBUG Engine               - isManualResizeEnabled: false
11:31:16.168 [FXGL Background Thread 3 ] DEBUG Engine               - isMobile: false
11:31:16.168 [FXGL Background Thread 3 ] DEBUG Engine               - isNative: false
11:31:16.168 [FXGL Background Thread 3 ] DEBUG Engine               - isPauseMusicWhenMinimized: true
11:31:16.168 [FXGL Background Thread 3 ] DEBUG Engine               - isPreserveResizeRatio: false
11:31:16.168 [FXGL Background Thread 3 ] DEBUG Engine               - isProfilingEnabled: false
11:31:16.168 [FXGL Background Thread 3 ] DEBUG Engine               - isScaleAffectedOnResize: true
11:31:16.168 [FXGL Background Thread 3 ] DEBUG Engine               - isSingleStep: false
11:31:16.168 [FXGL Background Thread 3 ] DEBUG Engine               - isUserProfileEnabled: false
11:31:16.168 [FXGL Background Thread 3 ] DEBUG Engine               - isWindows: true
11:31:16.168 [FXGL Background Thread 3 ] DEBUG Engine               - language: ObjectProperty [value: ENGLISH]
11:31:16.169 [FXGL Background Thread 3 ] DEBUG Engine               - menuKey: ESCAPE
11:31:16.169 [FXGL Background Thread 3 ] DEBUG Engine               - mouseSensitivity: 0.2
11:31:16.169 [FXGL Background Thread 3 ] DEBUG Engine               - notificationViewClass: class com.almasb.fxgl.notification.view.XboxNotificationView
11:31:16.169 [FXGL Background Thread 3 ] DEBUG Engine               - pixelsPerMeter: 50.0
11:31:16.169 [FXGL Background Thread 3 ] DEBUG Engine               - platform: WINDOWS
11:31:16.169 [FXGL Background Thread 3 ] DEBUG Engine               - prefHeightProperty: ReadOnlyDoubleProperty [value: 640.0]
11:31:16.169 [FXGL Background Thread 3 ] DEBUG Engine               - prefWidthProperty: ReadOnlyDoubleProperty [value: 800.0]
11:31:16.169 [FXGL Background Thread 3 ] DEBUG Engine               - profileDir: profiles/
11:31:16.169 [FXGL Background Thread 3 ] DEBUG Engine               - profileName: StringProperty [value: DEFAULT]
11:31:16.169 [FXGL Background Thread 3 ] DEBUG Engine               - randomSeed: -1
11:31:16.169 [FXGL Background Thread 3 ] DEBUG Engine               - runtimeInfo: RuntimeInfo(platform=WINDOWS, version=17.3, build=30.03.2023 11.49)
11:31:16.169 [FXGL Background Thread 3 ] DEBUG Engine               - saveFileExt: sav
11:31:16.170 [FXGL Background Thread 3 ] DEBUG Engine               - scaledHeightProp$fxgl: DoubleProperty [bound, value: 640.0]
11:31:16.170 [FXGL Background Thread 3 ] DEBUG Engine               - scaledWidthProp$fxgl: DoubleProperty [bound, value: 800.0]
11:31:16.170 [FXGL Background Thread 3 ] DEBUG Engine               - sceneFactory: com.almasb.fxgl.app.scene.SceneFactory@1d464240
11:31:16.170 [FXGL Background Thread 3 ] DEBUG Engine               - secondsIn24h: 60
11:31:16.170 [FXGL Background Thread 3 ] DEBUG Engine               - soundMenuBack: menu/back.wav
11:31:16.170 [FXGL Background Thread 3 ] DEBUG Engine               - soundMenuPress: menu/press.wav
11:31:16.170 [FXGL Background Thread 3 ] DEBUG Engine               - soundMenuSelect: menu/select.wav
11:31:16.170 [FXGL Background Thread 3 ] DEBUG Engine               - soundNotification: core/notification.wav
11:31:16.170 [FXGL Background Thread 3 ] DEBUG Engine               - stageStyle: DECORATED
11:31:16.170 [FXGL Background Thread 3 ] DEBUG Engine               - supportedLanguages: [ENGLISH, FRENCH, GERMAN, HUNGARIAN, RUSSIAN]
11:31:16.170 [FXGL Background Thread 3 ] DEBUG Engine               - ticksPerSecond: -1
11:31:16.170 [FXGL Background Thread 3 ] DEBUG Engine               - title: a-Mazed
11:31:16.170 [FXGL Background Thread 3 ] DEBUG Engine               - urlGithub: https://github.com/AlmasB/FXGL
11:31:16.170 [FXGL Background Thread 3 ] DEBUG Engine               - urlLeaderboard: http://fxgl-top.herokuapp.com/
11:31:16.170 [FXGL Background Thread 3 ] DEBUG Engine               - urlPOM: https://raw.githubusercontent.com/AlmasB/FXGL/release/README.md
11:31:16.170 [FXGL Background Thread 3 ] DEBUG Engine               - userAppClass: class lylesmal.openworldgame.MapApplication
11:31:16.170 [FXGL Background Thread 3 ] DEBUG Engine               - version: 1.0
11:31:16.171 [FXGL Background Thread 3 ] DEBUG Engine               - versionCheckDays: 7
11:31:16.171 [FXGL Background Thread 3 ] DEBUG Engine               - width: 800
11:31:16.171 [FXGL Background Thread 3 ] DEBUG Engine               - Logging services
11:31:16.171 [FXGL Background Thread 3 ] DEBUG Engine               - class com.almasb.fxgl.app.services.FXGLAssetLoaderService
11:31:16.171 [FXGL Background Thread 3 ] DEBUG Engine               - class com.almasb.fxgl.app.FXGLApplication$GameApplicationService
11:31:16.171 [FXGL Background Thread 3 ] DEBUG Engine               - class com.almasb.fxgl.app.services.FXGLDialogService
11:31:16.171 [FXGL Background Thread 3 ] DEBUG Engine               - class com.almasb.fxgl.app.services.IOTaskExecutorService
11:31:16.171 [FXGL Background Thread 3 ] DEBUG Engine               - class com.almasb.fxgl.io.FileSystemService
11:31:16.171 [FXGL Background Thread 3 ] DEBUG Engine               - class com.almasb.fxgl.localization.LocalizationService
11:31:16.171 [FXGL Background Thread 3 ] DEBUG Engine               - class com.almasb.fxgl.app.services.SystemBundleService
11:31:16.171 [FXGL Background Thread 3 ] DEBUG Engine               - class com.almasb.fxgl.profile.SaveLoadService
11:31:16.171 [FXGL Background Thread 3 ] DEBUG Engine               - class com.almasb.fxgl.ui.FXGLUIFactoryServiceProvider
11:31:16.171 [FXGL Background Thread 3 ] DEBUG Engine               - class com.almasb.fxgl.ui.FXGLDialogFactoryServiceProvider
11:31:16.171 [FXGL Background Thread 3 ] DEBUG Engine               - class com.almasb.fxgl.audio.AudioPlayer
11:31:16.171 [FXGL Background Thread 3 ] DEBUG Engine               - class com.almasb.fxgl.notification.impl.NotificationServiceProvider
11:31:16.171 [FXGL Background Thread 3 ] DEBUG Engine               - class com.almasb.fxgl.achievement.AchievementService
11:31:16.171 [FXGL Background Thread 3 ] DEBUG Engine               - class com.almasb.fxgl.cutscene.CutsceneService
11:31:16.171 [FXGL Background Thread 3 ] DEBUG Engine               - class com.almasb.fxgl.minigames.MiniGameService
11:31:16.171 [FXGL Background Thread 3 ] DEBUG Engine               - class com.almasb.fxgl.net.NetService
11:31:16.171 [FXGL Background Thread 3 ] DEBUG Engine               - class com.almasb.fxgl.app.services.UpdaterService
11:31:16.172 [FXGL Background Thread 3 ] DEBUG Engine               - class com.almasb.fxgl.dev.DevService
11:31:16.218 [JavaFX Application Thread] DEBUG FXGLAssetLoaderServi - Loading from file system: file:/E:/OneDrive%20-%20Cape%20Peninsula%20University%20of%20Technology/Game%20Development/maze-game/target/classes/assets/textures/character-up.png
11:31:16.226 [JavaFX Application Thread] DEBUG FXGLAssetLoaderServi - Loading from file system: file:/E:/OneDrive%20-%20Cape%20Peninsula%20University%20of%20Technology/Game%20Development/maze-game/target/classes/assets/textures/character-down.png
11:31:18.215 [JavaFX Application Thread] DEBUG FXGLAssetLoaderServi - Loading from file system: file:/E:/OneDrive%20-%20Cape%20Peninsula%20University%20of%20Technology/Game%20Development/maze-game/target/classes/assets/textures/character-right.png
11:31:31.228 [JavaFX Application Thread] DEBUG FXGLApplication      - Exiting FXGL
11:31:31.228 [JavaFX Application Thread] DEBUG LoopRunner           - Stopping loop
11:31:31.228 [JavaFX Application Thread] DEBUG SystemBundleService  - Saving FXGL system data
11:31:31.231 [JavaFX Application Thread] DEBUG FileSystemAccess     - Writing to: E:\OneDrive - Cape Peninsula University of Technology\Game Development\maze-game\system\fxgl.bundle
11:31:31.234 [JavaFX Application Thread] DEBUG Async                - Shutting down background threads
11:31:31.235 [JavaFX Application Thread] DEBUG PrimaryStageWindow   - Closing main window
11:31:31.243 [JavaFX Application Thread] DEBUG Logger               - Closing Logger
