11:17:27.861 [AWT-EventQueue-0         ] DEBUG Logger               - Configured Logger
11:17:27.876 [AWT-EventQueue-0         ] DEBUG GameApplication      - Logging settings
Title: a-Mazed
Version: 1.0
Width: 800
Height: 640
Fullscreen: false
Intro: false
Profiling: false
Single step:false
App Mode: DEVELOPER
Menu Key: ESCAPE
Stage Style: DECORATED
Scene Factory: class com.almasb.fxgl.app.scene.SceneFactory

11:17:27.957 [JavaFX Application Thread] DEBUG FXGLApplication      - Initializing FXGL
11:17:27.962 [JavaFX Application Thread] INFO  Engine               - FXGL-17.3 (30.03.2023 11.49) on WINDOWS (J:21.0.7 FX:21)
11:17:27.962 [JavaFX Application Thread] DEBUG Engine               - JRE Vendor Name: Microsoft
11:17:27.962 [JavaFX Application Thread] DEBUG Engine               - Running on OS: Windows 10 version 10.0
11:17:27.962 [JavaFX Application Thread] DEBUG Engine               - Architecture: amd64
11:17:27.962 [JavaFX Application Thread] INFO  Engine               - Source code and latest versions at: https://github.com/AlmasB/FXGL
11:17:27.963 [JavaFX Application Thread] INFO  Engine               -       Ask questions and discuss at: https://github.com/AlmasB/FXGL/discussions
11:17:27.963 [JavaFX Application Thread] INFO  Engine               -              Join the FXGL chat at: https://gitter.im/AlmasB/FXGL
11:17:28.056 [JavaFX Application Thread] DEBUG PrimaryStageWindow   - Creating a JavaFX scene
11:17:28.098 [JavaFX Application Thread] DEBUG PrimaryStageWindow   - Target settings size: 800.0 x 640.0
11:17:28.098 [JavaFX Application Thread] DEBUG PrimaryStageWindow   - Scaled scene size:    800.0 x 640.0
11:17:28.098 [JavaFX Application Thread] DEBUG PrimaryStageWindow   - Scaled ratio: (1.0, 1.0)
11:17:28.099 [JavaFX Application Thread] DEBUG PrimaryStageWindow   - Set initial scene to FXGLStartupScene
11:17:28.103 [JavaFX Application Thread] DEBUG PrimaryStageWindow   - Opening main window
11:17:28.177 [JavaFX Application Thread] DEBUG PrimaryStageWindow   - Window border size: (14.4000244140625, 37.5999755859375)
11:17:28.177 [JavaFX Application Thread] DEBUG PrimaryStageWindow   - Scaled size: 800.0 x 640.0
11:17:28.177 [JavaFX Application Thread] DEBUG PrimaryStageWindow   - Scaled ratio: (1.0, 1.0)
11:17:28.177 [JavaFX Application Thread] DEBUG PrimaryStageWindow   - Scene size: 800.0 x 640.0
11:17:28.178 [JavaFX Application Thread] DEBUG PrimaryStageWindow   - Stage size: 814.4000244140625 x 677.5999755859375
11:17:28.187 [FXGL Background Thread 1 ] DEBUG Engine               - Initializing environment variables
11:17:28.258 [FXGL Background Thread 1 ] DEBUG FXGLAssetLoaderServi - User app class for loading assets: class lylesmal.openworldgame.MapApplication
11:17:28.258 [FXGL Background Thread 1 ] DEBUG GameApplicationServi - Applying CSS: fxgl_dark.css
11:17:28.259 [FXGL Background Thread 1 ] DEBUG FXGLAssetLoaderServi - Loading from file system: jar:file:///C:/Users/prodb/.m2/repository/com/github/almasb/fxgl/17.3/fxgl-17.3.jar!/fxglassets/ui/css/fxgl_dark.css
11:17:28.317 [FXGL Background Thread 1 ] DEBUG GameApplicationServi - Initializing application scenes
11:17:28.389 [FXGL Background Thread 1 ] DEBUG GameWorld            - Game world initialized
11:17:28.469 [FXGL Background Thread 1 ] DEBUG PhysicsWorld         - Physics world initialized: appHeight=640, physics.ppm=50,0
11:17:28.470 [FXGL Background Thread 1 ] DEBUG PhysicsWorld         - Using strategy: BRUTE_FORCE
11:17:28.494 [FXGL Background Thread 1 ] DEBUG GameScene            - Game scene initialized: 800x640
11:17:28.495 [FXGL Background Thread 1 ] DEBUG GameApplicationServi - Application scenes initialized
11:17:28.529 [FXGL Background Thread 1 ] DEBUG SystemBundleService  - Loading FXGL system data
11:17:28.535 [FXGL Background Thread 1 ] DEBUG FileSystemAccess     - Reading from: E:\OneDrive - Cape Peninsula University of Technology\Game Development\maze-game\system\fxgl.bundle
11:17:28.548 [FXGL Background Thread 1 ] DEBUG SystemBundleService  - Bundle FXGL: {}
11:17:28.548 [FXGL Background Thread 1 ] DEBUG UpdaterService       - Checking for updates
11:17:28.556 [FXGL Background Thread 1 ] DEBUG FXGLApplication      - Loading default localization
11:17:28.558 [FXGL Background Thread 1 ] DEBUG FXGLAssetLoaderServi - Loading from file system: jar:file:///C:/Users/prodb/.m2/repository/com/github/almasb/fxgl/17.3/fxgl-17.3.jar!/fxglassets/languages/english.lang
11:17:28.569 [FXGL Background Thread 4 ] DEBUG FXGLApplication      - Loading fonts
11:17:28.570 [FXGL Background Thread 4 ] DEBUG FXGLAssetLoaderServi - Loading from file system: jar:file:///C:/Users/prodb/.m2/repository/com/github/almasb/fxgl/17.3/fxgl-17.3.jar!/fxglassets/ui/fonts/VarelaRound-Regular.ttf
11:17:28.606 [FXGL Background Thread 1 ] INFO  FXGLApplication      - FXGL initialization took: 0,420 sec
11:17:28.616 [JavaFX Application Thread] DEBUG Input                - Registered new binding: player-move-up - Up
11:17:28.616 [JavaFX Application Thread] DEBUG Input                - Registered new binding: player-move-down - Down
11:17:28.617 [JavaFX Application Thread] DEBUG Input                - Registered new binding: player-move-left - Left
11:17:28.617 [JavaFX Application Thread] DEBUG Input                - Registered new binding: player-move-right - Right
11:17:28.617 [JavaFX Application Thread] DEBUG Input                - Registered new binding: player-jump - Space
11:17:28.617 [JavaFX Application Thread] DEBUG Input                - Registered new binding: player-spawns-brick - W
11:17:28.617 [JavaFX Application Thread] DEBUG Input                - Registered new binding: player-spawns-flag - F
11:17:28.617 [JavaFX Application Thread] DEBUG Input                - Registered new binding: player-spawns-fence-vertical - V
11:17:28.617 [JavaFX Application Thread] DEBUG Input                - Registered new binding: player-spawns-fence-horizontal - H
11:17:28.618 [JavaFX Application Thread] DEBUG Input                - Registered new binding: player-plants - P
11:17:28.618 [JavaFX Application Thread] DEBUG Input                - Registered new binding: player-spawns-cannon - C
11:17:28.619 [JavaFX Application Thread] DEBUG FXGLAssetLoaderServi - Loading from file system: file:/E:/OneDrive%20-%20Cape%20Peninsula%20University%20of%20Technology/Game%20Development/maze-game/target/classes/assets/textures/island-wall.png
11:17:28.644 [FXGL Background Thread 4 ] DEBUG FXGLAssetLoaderServi - Loading from file system: jar:file:///C:/Users/prodb/.m2/repository/com/github/almasb/fxgl/17.3/fxgl-17.3.jar!/fxglassets/ui/fonts/Abel-Regular.ttf
11:17:28.654 [JavaFX Application Thread] DEBUG FXGLAssetLoaderServi - Loading from file system: jar:file:///C:/Users/prodb/.m2/repository/com/github/almasb/fxgl/17.3/fxgl-17.3.jar!/fxglassets/textures/fxgl_default_cursor.png
11:17:28.657 [JavaFX Application Thread] DEBUG Input                - Registered new binding: Screenshot - CTRL+8
11:17:28.658 [JavaFX Application Thread] DEBUG Input                - Registered new binding: System info dump - CTRL+9
11:17:28.658 [JavaFX Application Thread] DEBUG Input                - Registered new binding: Restart - CTRL+R
11:17:28.658 [FXGL Background Thread 4 ] DEBUG FXGLAssetLoaderServi - Loading from file system: jar:file:///C:/Users/prodb/.m2/repository/com/github/almasb/fxgl/17.3/fxgl-17.3.jar!/fxglassets/ui/fonts/TerminalLandMono-Regular.otf
11:17:28.659 [JavaFX Application Thread] DEBUG Input                - Registered new binding: Toggle Debug Camera - CTRL+7
11:17:28.661 [JavaFX Application Thread] DEBUG LoopRunner           - Starting loop
11:17:28.661 [JavaFX Application Thread] DEBUG LoopRunner           - Initializing JavaFX AnimationTimerLoop
11:17:28.663 [JavaFX Application Thread] DEBUG GameApplicationServi - Starting new game
11:17:28.663 [JavaFX Application Thread] DEBUG Input                - Clearing active input actions
11:17:28.676 [JavaFX Application Thread] DEBUG GameApplicationServi - Removing overlay from FXGLStartupScene and adding to FXGLLoadingScene
11:17:28.677 [JavaFX Application Thread] DEBUG PrimaryStageWindow   - FXGLStartupScene -> FXGLLoadingScene
11:17:28.677 [JavaFX Application Thread] DEBUG GameApplicationServi - Clearing previous game
11:17:28.677 [JavaFX Application Thread] DEBUG GameScene            - Clearing game scene
11:17:28.677 [JavaFX Application Thread] DEBUG GameWorld            - Clearing game world
11:17:28.678 [JavaFX Application Thread] DEBUG PhysicsWorld         - Clearing physics world
11:17:28.680 [FXGL Background Thread 1 ] DEBUG FXGLApplication      - Initializing game
11:17:28.682 [FXGL Background Thread 4 ] DEBUG FXGLAssetLoaderServi - Loading from file system: jar:file:///C:/Users/prodb/.m2/repository/com/github/almasb/fxgl/17.3/fxgl-17.3.jar!/fxglassets/ui/fonts/Courier-Prime.ttf
11:17:28.686 [FXGL Background Thread 1 ] DEBUG FXGLAssetLoaderServi - Loading from file system: file:/E:/OneDrive%20-%20Cape%20Peninsula%20University%20of%20Technology/Game%20Development/maze-game/target/classes/assets/music/game-music.mp3
11:17:28.772 [JavaFX Application Thread] DEBUG FXGLApplication      - Registering font factories with UI factory
11:17:28.936 [FXGL Background Thread 1 ] DEBUG AudioPlayer          - Playing music com.almasb.fxgl.audio.Music@35bedb83
11:17:28.952 [FXGL Background Thread 1 ] DEBUG FXGLAssetLoaderServi - Loading from file system: file:/E:/OneDrive%20-%20Cape%20Peninsula%20University%20of%20Technology/Game%20Development/maze-game/target/classes/assets/textures/map.png
11:17:29.009 [FXGL Background Thread 1 ] DEBUG FXGLAssetLoaderServi - Loading from file system: file:/E:/OneDrive%20-%20Cape%20Peninsula%20University%20of%20Technology/Game%20Development/maze-game/target/classes/assets/textures/left-border.png
11:17:29.042 [FXGL Background Thread 1 ] DEBUG FXGLAssetLoaderServi - Loading from file system: file:/E:/OneDrive%20-%20Cape%20Peninsula%20University%20of%20Technology/Game%20Development/maze-game/target/classes/assets/textures/right-border.png
11:17:29.051 [FXGL Background Thread 1 ] DEBUG FXGLAssetLoaderServi - Loading from file system: file:/E:/OneDrive%20-%20Cape%20Peninsula%20University%20of%20Technology/Game%20Development/maze-game/target/classes/assets/textures/bottom-top-border.png
11:17:29.101 [FXGL Background Thread 1 ] DEBUG FXGLAssetLoaderServi - Loading from file system: file:/E:/OneDrive%20-%20Cape%20Peninsula%20University%20of%20Technology/Game%20Development/maze-game/target/classes/assets/textures/wall.png
11:17:29.112 [FXGL Background Thread 1 ] DEBUG FXGLAssetLoaderServi - Loading from file system: file:/E:/OneDrive%20-%20Cape%20Peninsula%20University%20of%20Technology/Game%20Development/maze-game/target/classes/assets/textures/wall-2.png
11:17:29.136 [FXGL Background Thread 1 ] DEBUG FXGLAssetLoaderServi - Loading from file system: file:/E:/OneDrive%20-%20Cape%20Peninsula%20University%20of%20Technology/Game%20Development/maze-game/target/classes/assets/textures/wall-1.png
11:17:29.159 [FXGL Background Thread 1 ] DEBUG FXGLAssetLoaderServi - Loading from file system: file:/E:/OneDrive%20-%20Cape%20Peninsula%20University%20of%20Technology/Game%20Development/maze-game/target/classes/assets/textures/water-fountain.png
11:17:29.172 [FXGL Background Thread 1 ] DEBUG FXGLAssetLoaderServi - Loading from file system: file:/E:/OneDrive%20-%20Cape%20Peninsula%20University%20of%20Technology/Game%20Development/maze-game/target/classes/assets/textures/pond.png
11:17:29.175 [FXGL Background Thread 1 ] DEBUG FXGLAssetLoaderServi - Loading from file system: file:/E:/OneDrive%20-%20Cape%20Peninsula%20University%20of%20Technology/Game%20Development/maze-game/target/classes/assets/textures/waves.png
11:17:29.192 [FXGL Background Thread 1 ] DEBUG FXGLAssetLoaderServi - Loading from file system: file:/E:/OneDrive%20-%20Cape%20Peninsula%20University%20of%20Technology/Game%20Development/maze-game/target/classes/assets/textures/no-waves.png
11:17:29.206 [FXGL Background Thread 1 ] DEBUG FXGLAssetLoaderServi - Loading from file system: file:/E:/OneDrive%20-%20Cape%20Peninsula%20University%20of%20Technology/Game%20Development/maze-game/target/classes/assets/textures/character.png
11:17:29.221 [FXGL Background Thread 1 ] INFO  FXGLApplication      - Game initialization took: 0,540 sec
11:17:29.221 [JavaFX Application Thread] DEBUG Input                - Clearing active input actions
11:17:29.233 [JavaFX Application Thread] DEBUG GameApplicationServi - Removing overlay from FXGLLoadingScene and adding to GameScene
11:17:29.233 [JavaFX Application Thread] DEBUG PrimaryStageWindow   - FXGLLoadingScene -> GameScene
11:17:30.651 [JavaFX Application Thread] DEBUG FXGLAssetLoaderServi - Loading from file system: file:/E:/OneDrive%20-%20Cape%20Peninsula%20University%20of%20Technology/Game%20Development/maze-game/target/classes/assets/textures/character-right.png
11:17:30.694 [JavaFX Application Thread] DEBUG LoopRunner           - Stopping loop
11:17:30.696 [JavaFX Application Thread] FATAL FXGLApplication      - Uncaught Exception:
java.lang.NullPointerException
	at com.almasb.fxgl.core@17.3/com.almasb.fxgl.texture.AnimationChannel.getFrameData(AnimationChannel.kt:97)
	at com.almasb.fxgl.core@17.3/com.almasb.fxgl.texture.AnimatedTexture.updateImage(AnimatedTexture.kt:169)
	at com.almasb.fxgl.core@17.3/com.almasb.fxgl.texture.AnimatedTexture.<init>(AnimatedTexture.kt:46)
	at lylesmal.openworldgame/lylesmal.openworldgame.MapApplication.handleCharacterMovementAnimations(MapApplication.java:357)
	at lylesmal.openworldgame/lylesmal.openworldgame.MapApplication$4.onAction(MapApplication.java:128)
	at com.almasb.fxgl.core@17.3/com.almasb.fxgl.input.UserAction.action$fxgl_core(UserAction.kt:38)
	at com.almasb.fxgl.core@17.3/com.almasb.fxgl.input.Input.update(Input.kt:288)
	at com.almasb.fxgl.scene@17.3/com.almasb.fxgl.scene.Scene.update(Scene.kt:103)
	at com.almasb.fxgl.all@17.3/com.almasb.fxgl.app.MainWindow$update$1.invoke(MainWindow.kt:115)
	at com.almasb.fxgl.all@17.3/com.almasb.fxgl.app.MainWindow$update$1.invoke(MainWindow.kt:115)
	at com.almasb.fxgl.core@17.3/com.almasb.fxgl.core.fsm.StateMachine.runOnActiveStates(StateMachine.kt:69)
	at com.almasb.fxgl.all@17.3/com.almasb.fxgl.app.MainWindow.update(MainWindow.kt:115)
	at com.almasb.fxgl.all@17.3/com.almasb.fxgl.app.FXGLApplication$GameApplicationService.onUpdate(FXGLApplication.kt:426)
	at com.almasb.fxgl.all@17.3/com.almasb.fxgl.app.Engine.loop(Engine.kt:134)
	at com.almasb.fxgl.all@17.3/com.almasb.fxgl.app.Engine.access$loop(Engine.kt:24)
	at com.almasb.fxgl.all@17.3/com.almasb.fxgl.app.Engine$loop$1.invoke(Engine.kt:28)
	at com.almasb.fxgl.all@17.3/com.almasb.fxgl.app.Engine$loop$1.invoke(Engine.kt:28)
	at com.almasb.fxgl.all@17.3/com.almasb.fxgl.app.LoopRunner.frame(LoopRunner.kt:103)
	at com.almasb.fxgl.all@17.3/com.almasb.fxgl.app.LoopRunner.access$frame(LoopRunner.kt:23)
	at com.almasb.fxgl.all@17.3/com.almasb.fxgl.app.LoopRunner$impl$2$1.onTick(LoopRunner.kt:57)
	at com.almasb.fxgl.all@17.3/com.almasb.fxgl.app.AnimationTimerLoop$timer$1.handle(LoopRunner.kt:137)
	at javafx.graphics@21/javafx.animation.AnimationTimer$AnimationTimerReceiver.lambda$handle$0(AnimationTimer.java:58)
	at java.base/java.security.AccessController.doPrivileged(AccessController.java:400)
	at javafx.graphics@21/javafx.animation.AnimationTimer$AnimationTimerReceiver.handle(AnimationTimer.java:57)
	at javafx.graphics@21/com.sun.scenario.animation.AbstractPrimaryTimer.timePulseImpl(AbstractPrimaryTimer.java:356)
	at javafx.graphics@21/com.sun.scenario.animation.AbstractPrimaryTimer$MainLoop.run(AbstractPrimaryTimer.java:266)
	at javafx.graphics@21/com.sun.javafx.tk.quantum.QuantumToolkit.pulse(QuantumToolkit.java:588)
	at javafx.graphics@21/com.sun.javafx.tk.quantum.QuantumToolkit.pulse(QuantumToolkit.java:572)
	at javafx.graphics@21/com.sun.javafx.tk.quantum.QuantumToolkit.pulseFromQueue(QuantumToolkit.java:565)
	at javafx.graphics@21/com.sun.javafx.tk.quantum.QuantumToolkit.lambda$runToolkit$11(QuantumToolkit.java:352)
	at javafx.graphics@21/com.sun.glass.ui.InvokeLaterDispatcher$Future.run(InvokeLaterDispatcher.java:95)
	at javafx.graphics@21/com.sun.glass.ui.win.WinApplication._runLoop(Native Method)
	at javafx.graphics@21/com.sun.glass.ui.win.WinApplication.lambda$runLoop$3(WinApplication.java:185)
	at java.base/java.lang.Thread.run(Thread.java:1583)

11:17:30.696 [JavaFX Application Thread] FATAL FXGLApplication      - Application will now exit
11:17:30.716 [JavaFX Application Thread] DEBUG PrimaryStageWindow   - Push state: ErrorSubScene
11:17:30.716 [JavaFX Application Thread] DEBUG Input                - Clearing active input actions
11:17:30.721 [JavaFX Application Thread] DEBUG GameApplicationServi - Removing overlay from GameScene and adding to ErrorSubScene
11:17:30.722 [JavaFX Application Thread] DEBUG PrimaryStageWindow   - GameScene -> ErrorSubScene
11:17:31.555 [FXGL Background Thread 3 ] DEBUG Engine               - Logging environment variables
11:17:31.555 [FXGL Background Thread 3 ] DEBUG Engine               - achievements: []
11:17:31.555 [FXGL Background Thread 3 ] DEBUG Engine               - actualHeight: 640.0
11:17:31.555 [FXGL Background Thread 3 ] DEBUG Engine               - actualHeightProperty: ReadOnlyDoubleProperty [value: 640.0]
11:17:31.555 [FXGL Background Thread 3 ] DEBUG Engine               - actualWidth: 800.0
11:17:31.556 [FXGL Background Thread 3 ] DEBUG Engine               - actualWidthProperty: ReadOnlyDoubleProperty [value: 800.0]
11:17:31.556 [FXGL Background Thread 3 ] DEBUG Engine               - appIcon: island-wall.png
11:17:31.556 [FXGL Background Thread 3 ] DEBUG Engine               - applicationMode: DEVELOPER
11:17:31.556 [FXGL Background Thread 3 ] DEBUG Engine               - cSSList: [fxgl_dark.css]
11:17:31.556 [FXGL Background Thread 3 ] DEBUG Engine               - collisionDetectionStrategy: BRUTE_FORCE
11:17:31.556 [FXGL Background Thread 3 ] DEBUG Engine               - configClass: Optional.empty
11:17:31.556 [FXGL Background Thread 3 ] DEBUG Engine               - credits: []
11:17:31.556 [FXGL Background Thread 3 ] DEBUG Engine               - defaultCursor: CursorInfo(imageName=fxgl_default_cursor.png, hotspotX=7.0, hotspotY=6.0)
11:17:31.556 [FXGL Background Thread 3 ] DEBUG Engine               - devBBoxColorProperty: ObjectProperty [value: 0xff0000ff]
11:17:31.556 [FXGL Background Thread 3 ] DEBUG Engine               - devEnableDebugCameraProperty: BooleanProperty [value: false]
11:17:31.557 [FXGL Background Thread 3 ] DEBUG Engine               - devSensorColorProperty: ObjectProperty [value: 0xffff00ff]
11:17:31.557 [FXGL Background Thread 3 ] DEBUG Engine               - devShowBBoxProperty: BooleanProperty [value: false]
11:17:31.557 [FXGL Background Thread 3 ] DEBUG Engine               - devShowPositionProperty: BooleanProperty [value: false]
11:17:31.557 [FXGL Background Thread 3 ] DEBUG Engine               - enabledMenuItems: []
11:17:31.557 [FXGL Background Thread 3 ] DEBUG Engine               - engineServices: [class com.almasb.fxgl.app.services.FXGLAssetLoaderService, class com.almasb.fxgl.app.FXGLApplication$GameApplicationService, class com.almasb.fxgl.app.services.FXGLDialogService, class com.almasb.fxgl.app.services.IOTaskExecutorService, class com.almasb.fxgl.io.FileSystemService, class com.almasb.fxgl.localization.LocalizationService, class com.almasb.fxgl.app.services.SystemBundleService, class com.almasb.fxgl.profile.SaveLoadService, class com.almasb.fxgl.ui.FXGLUIFactoryServiceProvider, class com.almasb.fxgl.ui.FXGLDialogFactoryServiceProvider, class com.almasb.fxgl.audio.AudioPlayer, class com.almasb.fxgl.notification.impl.NotificationServiceProvider, class com.almasb.fxgl.achievement.AchievementService, class com.almasb.fxgl.cutscene.CutsceneService, class com.almasb.fxgl.minigames.MiniGameService, class com.almasb.fxgl.net.NetService, class com.almasb.fxgl.app.services.UpdaterService, class com.almasb.fxgl.dev.DevService]
11:17:31.557 [FXGL Background Thread 3 ] DEBUG Engine               - fontGame: Abel-Regular.ttf
11:17:31.557 [FXGL Background Thread 3 ] DEBUG Engine               - fontMono: TerminalLandMono-Regular.otf
11:17:31.557 [FXGL Background Thread 3 ] DEBUG Engine               - fontSizeScaleUI: 1.0
11:17:31.557 [FXGL Background Thread 3 ] DEBUG Engine               - fontText: Courier-Prime.ttf
11:17:31.557 [FXGL Background Thread 3 ] DEBUG Engine               - fontUI: VarelaRound-Regular.ttf
11:17:31.557 [FXGL Background Thread 3 ] DEBUG Engine               - fullScreen: BooleanProperty [value: false]
11:17:31.557 [FXGL Background Thread 3 ] DEBUG Engine               - gameDifficulty: MEDIUM
11:17:31.558 [FXGL Background Thread 3 ] DEBUG Engine               - gameDifficultyProperty: ObjectProperty [value: MEDIUM]
11:17:31.558 [FXGL Background Thread 3 ] DEBUG Engine               - globalMusicVolume: 0.5
11:17:31.558 [FXGL Background Thread 3 ] DEBUG Engine               - globalMusicVolumeProperty: DoubleProperty [value: 0.5]
11:17:31.558 [FXGL Background Thread 3 ] DEBUG Engine               - globalSoundVolume: 0.5
11:17:31.558 [FXGL Background Thread 3 ] DEBUG Engine               - globalSoundVolumeProperty: DoubleProperty [value: 0.5]
11:17:31.558 [FXGL Background Thread 3 ] DEBUG Engine               - height: 640
11:17:31.558 [FXGL Background Thread 3 ] DEBUG Engine               - is3D: false
11:17:31.558 [FXGL Background Thread 3 ] DEBUG Engine               - isAndroid: false
11:17:31.558 [FXGL Background Thread 3 ] DEBUG Engine               - isBrowser: false
11:17:31.558 [FXGL Background Thread 3 ] DEBUG Engine               - isClickFeedbackEnabled: false
11:17:31.558 [FXGL Background Thread 3 ] DEBUG Engine               - isCloseConfirmation: false
11:17:31.558 [FXGL Background Thread 3 ] DEBUG Engine               - isDesktop: true
11:17:31.558 [FXGL Background Thread 3 ] DEBUG Engine               - isDeveloperMenuEnabled: false
11:17:31.558 [FXGL Background Thread 3 ] DEBUG Engine               - isEmbedded: false
11:17:31.559 [FXGL Background Thread 3 ] DEBUG Engine               - isEntityPreloadEnabled: true
11:17:31.559 [FXGL Background Thread 3 ] DEBUG Engine               - isExperimentalTiledLargeMap: false
11:17:31.559 [FXGL Background Thread 3 ] DEBUG Engine               - isFileSystemWriteAllowed: true
11:17:31.559 [FXGL Background Thread 3 ] DEBUG Engine               - isFullScreenAllowed: false
11:17:31.559 [FXGL Background Thread 3 ] DEBUG Engine               - isFullScreenFromStart: false
11:17:31.559 [FXGL Background Thread 3 ] DEBUG Engine               - isGameMenuEnabled: false
11:17:31.559 [FXGL Background Thread 3 ] DEBUG Engine               - isIOS: false
11:17:31.559 [FXGL Background Thread 3 ] DEBUG Engine               - isIntroEnabled: false
11:17:31.559 [FXGL Background Thread 3 ] DEBUG Engine               - isLinux: false
11:17:31.559 [FXGL Background Thread 3 ] DEBUG Engine               - isMac: false
11:17:31.559 [FXGL Background Thread 3 ] DEBUG Engine               - isMainMenuEnabled: false
11:17:31.559 [FXGL Background Thread 3 ] DEBUG Engine               - isManualResizeEnabled: false
11:17:31.559 [FXGL Background Thread 3 ] DEBUG Engine               - isMobile: false
11:17:31.559 [FXGL Background Thread 3 ] DEBUG Engine               - isNative: false
11:17:31.559 [FXGL Background Thread 3 ] DEBUG Engine               - isPauseMusicWhenMinimized: true
11:17:31.559 [FXGL Background Thread 3 ] DEBUG Engine               - isPreserveResizeRatio: false
11:17:31.559 [FXGL Background Thread 3 ] DEBUG Engine               - isProfilingEnabled: false
11:17:31.559 [FXGL Background Thread 3 ] DEBUG Engine               - isScaleAffectedOnResize: true
11:17:31.560 [FXGL Background Thread 3 ] DEBUG Engine               - isSingleStep: false
11:17:31.560 [FXGL Background Thread 3 ] DEBUG Engine               - isUserProfileEnabled: false
11:17:31.560 [FXGL Background Thread 3 ] DEBUG Engine               - isWindows: true
11:17:31.560 [FXGL Background Thread 3 ] DEBUG Engine               - language: ObjectProperty [value: ENGLISH]
11:17:31.560 [FXGL Background Thread 3 ] DEBUG Engine               - menuKey: ESCAPE
11:17:31.560 [FXGL Background Thread 3 ] DEBUG Engine               - mouseSensitivity: 0.2
11:17:31.560 [FXGL Background Thread 3 ] DEBUG Engine               - notificationViewClass: class com.almasb.fxgl.notification.view.XboxNotificationView
11:17:31.560 [FXGL Background Thread 3 ] DEBUG Engine               - pixelsPerMeter: 50.0
11:17:31.560 [FXGL Background Thread 3 ] DEBUG Engine               - platform: WINDOWS
11:17:31.560 [FXGL Background Thread 3 ] DEBUG Engine               - prefHeightProperty: ReadOnlyDoubleProperty [value: 640.0]
11:17:31.560 [FXGL Background Thread 3 ] DEBUG Engine               - prefWidthProperty: ReadOnlyDoubleProperty [value: 800.0]
11:17:31.560 [FXGL Background Thread 3 ] DEBUG Engine               - profileDir: profiles/
11:17:31.560 [FXGL Background Thread 3 ] DEBUG Engine               - profileName: StringProperty [value: DEFAULT]
11:17:31.560 [FXGL Background Thread 3 ] DEBUG Engine               - randomSeed: -1
11:17:31.561 [FXGL Background Thread 3 ] DEBUG Engine               - runtimeInfo: RuntimeInfo(platform=WINDOWS, version=17.3, build=30.03.2023 11.49)
11:17:31.561 [FXGL Background Thread 3 ] DEBUG Engine               - saveFileExt: sav
11:17:31.561 [FXGL Background Thread 3 ] DEBUG Engine               - scaledHeightProp$fxgl: DoubleProperty [bound, value: 640.0]
11:17:31.561 [FXGL Background Thread 3 ] DEBUG Engine               - scaledWidthProp$fxgl: DoubleProperty [bound, value: 800.0]
11:17:31.561 [FXGL Background Thread 3 ] DEBUG Engine               - sceneFactory: com.almasb.fxgl.app.scene.SceneFactory@75cc0d01
11:17:31.561 [FXGL Background Thread 3 ] DEBUG Engine               - secondsIn24h: 60
11:17:31.561 [FXGL Background Thread 3 ] DEBUG Engine               - soundMenuBack: menu/back.wav
11:17:31.561 [FXGL Background Thread 3 ] DEBUG Engine               - soundMenuPress: menu/press.wav
11:17:31.561 [FXGL Background Thread 3 ] DEBUG Engine               - soundMenuSelect: menu/select.wav
11:17:31.561 [FXGL Background Thread 3 ] DEBUG Engine               - soundNotification: core/notification.wav
11:17:31.561 [FXGL Background Thread 3 ] DEBUG Engine               - stageStyle: DECORATED
11:17:31.561 [FXGL Background Thread 3 ] DEBUG Engine               - supportedLanguages: [ENGLISH, FRENCH, GERMAN, HUNGARIAN, RUSSIAN]
11:17:31.561 [FXGL Background Thread 3 ] DEBUG Engine               - ticksPerSecond: -1
11:17:31.561 [FXGL Background Thread 3 ] DEBUG Engine               - title: a-Mazed
11:17:31.562 [FXGL Background Thread 3 ] DEBUG Engine               - urlGithub: https://github.com/AlmasB/FXGL
11:17:31.562 [FXGL Background Thread 3 ] DEBUG Engine               - urlLeaderboard: http://fxgl-top.herokuapp.com/
11:17:31.562 [FXGL Background Thread 3 ] DEBUG Engine               - urlPOM: https://raw.githubusercontent.com/AlmasB/FXGL/release/README.md
11:17:31.562 [FXGL Background Thread 3 ] DEBUG Engine               - userAppClass: class lylesmal.openworldgame.MapApplication
11:17:31.562 [FXGL Background Thread 3 ] DEBUG Engine               - version: 1.0
11:17:31.562 [FXGL Background Thread 3 ] DEBUG Engine               - versionCheckDays: 7
11:17:31.562 [FXGL Background Thread 3 ] DEBUG Engine               - width: 800
11:17:31.562 [FXGL Background Thread 3 ] DEBUG Engine               - Logging services
11:17:31.562 [FXGL Background Thread 3 ] DEBUG Engine               - class com.almasb.fxgl.app.services.FXGLAssetLoaderService
11:17:31.562 [FXGL Background Thread 3 ] DEBUG Engine               - class com.almasb.fxgl.app.FXGLApplication$GameApplicationService
11:17:31.562 [FXGL Background Thread 3 ] DEBUG Engine               - class com.almasb.fxgl.app.services.FXGLDialogService
11:17:31.562 [FXGL Background Thread 3 ] DEBUG Engine               - class com.almasb.fxgl.app.services.IOTaskExecutorService
11:17:31.562 [FXGL Background Thread 3 ] DEBUG Engine               - class com.almasb.fxgl.io.FileSystemService
11:17:31.562 [FXGL Background Thread 3 ] DEBUG Engine               - class com.almasb.fxgl.localization.LocalizationService
11:17:31.562 [FXGL Background Thread 3 ] DEBUG Engine               - class com.almasb.fxgl.app.services.SystemBundleService
11:17:31.562 [FXGL Background Thread 3 ] DEBUG Engine               - class com.almasb.fxgl.profile.SaveLoadService
11:17:31.562 [FXGL Background Thread 3 ] DEBUG Engine               - class com.almasb.fxgl.ui.FXGLUIFactoryServiceProvider
11:17:31.563 [FXGL Background Thread 3 ] DEBUG Engine               - class com.almasb.fxgl.ui.FXGLDialogFactoryServiceProvider
11:17:31.563 [FXGL Background Thread 3 ] DEBUG Engine               - class com.almasb.fxgl.audio.AudioPlayer
11:17:31.563 [FXGL Background Thread 3 ] DEBUG Engine               - class com.almasb.fxgl.notification.impl.NotificationServiceProvider
11:17:31.563 [FXGL Background Thread 3 ] DEBUG Engine               - class com.almasb.fxgl.achievement.AchievementService
11:17:31.563 [FXGL Background Thread 3 ] DEBUG Engine               - class com.almasb.fxgl.cutscene.CutsceneService
11:17:31.563 [FXGL Background Thread 3 ] DEBUG Engine               - class com.almasb.fxgl.minigames.MiniGameService
11:17:31.563 [FXGL Background Thread 3 ] DEBUG Engine               - class com.almasb.fxgl.net.NetService
11:17:31.563 [FXGL Background Thread 3 ] DEBUG Engine               - class com.almasb.fxgl.app.services.UpdaterService
11:17:31.563 [FXGL Background Thread 3 ] DEBUG Engine               - class com.almasb.fxgl.dev.DevService
11:17:34.746 [JavaFX Application Thread] DEBUG FXGLApplication      - Exiting FXGL
11:17:34.746 [JavaFX Application Thread] DEBUG Async                - Shutting down background threads
11:17:34.746 [JavaFX Application Thread] DEBUG PrimaryStageWindow   - Closing main window
11:17:34.755 [JavaFX Application Thread] DEBUG Logger               - Closing Logger
