11:27:44.798 [AWT-EventQueue-0         ] DEBUG Logger               - Configured Logger
11:27:44.798 [AWT-EventQueue-0         ] DEBUG GameApplication      - Logging settings
Title: a-Mazed
Version: 1.0
Width: 800
Height: 640
Fullscreen: false
Intro: false
Profiling: false
Single step:false
App Mode: DEVELOPER
Menu Key: ESCAPE
Stage Style: DECORATED
Scene Factory: class com.almasb.fxgl.app.scene.SceneFactory

11:27:44.890 [JavaFX Application Thread] DEBUG FXGLApplication      - Initializing FXGL
11:27:44.895 [JavaFX Application Thread] INFO  Engine               - FXGL-17.3 (30.03.2023 11.49) on WINDOWS (J:21.0.7 FX:21)
11:27:44.895 [JavaFX Application Thread] DEBUG Engine               - JRE Vendor Name: Microsoft
11:27:44.896 [JavaFX Application Thread] DEBUG Engine               - Running on OS: Windows 10 version 10.0
11:27:44.896 [JavaFX Application Thread] DEBUG Engine               - Architecture: amd64
11:27:44.896 [JavaFX Application Thread] INFO  Engine               - Source code and latest versions at: https://github.com/AlmasB/FXGL
11:27:44.896 [JavaFX Application Thread] INFO  Engine               -       Ask questions and discuss at: https://github.com/AlmasB/FXGL/discussions
11:27:44.896 [JavaFX Application Thread] INFO  Engine               -              Join the FXGL chat at: https://gitter.im/AlmasB/FXGL
11:27:44.990 [JavaFX Application Thread] DEBUG PrimaryStageWindow   - Creating a JavaFX scene
11:27:45.035 [JavaFX Application Thread] DEBUG PrimaryStageWindow   - Target settings size: 800.0 x 640.0
11:27:45.035 [JavaFX Application Thread] DEBUG PrimaryStageWindow   - Scaled scene size:    800.0 x 640.0
11:27:45.035 [JavaFX Application Thread] DEBUG PrimaryStageWindow   - Scaled ratio: (1.0, 1.0)
11:27:45.037 [JavaFX Application Thread] DEBUG PrimaryStageWindow   - Set initial scene to FXGLStartupScene
11:27:45.040 [JavaFX Application Thread] DEBUG PrimaryStageWindow   - Opening main window
11:27:45.118 [JavaFX Application Thread] DEBUG PrimaryStageWindow   - Window border size: (14.4000244140625, 37.5999755859375)
11:27:45.119 [JavaFX Application Thread] DEBUG PrimaryStageWindow   - Scaled size: 800.0 x 640.0
11:27:45.119 [JavaFX Application Thread] DEBUG PrimaryStageWindow   - Scaled ratio: (1.0, 1.0)
11:27:45.119 [JavaFX Application Thread] DEBUG PrimaryStageWindow   - Scene size: 800.0 x 640.0
11:27:45.119 [JavaFX Application Thread] DEBUG PrimaryStageWindow   - Stage size: 814.4000244140625 x 677.5999755859375
11:27:45.129 [FXGL Background Thread 1 ] DEBUG Engine               - Initializing environment variables
11:27:45.197 [FXGL Background Thread 1 ] DEBUG FXGLAssetLoaderServi - User app class for loading assets: class lylesmal.openworldgame.MapApplication
11:27:45.197 [FXGL Background Thread 1 ] DEBUG GameApplicationServi - Applying CSS: fxgl_dark.css
11:27:45.198 [FXGL Background Thread 1 ] DEBUG FXGLAssetLoaderServi - Loading from file system: jar:file:///C:/Users/prodb/.m2/repository/com/github/almasb/fxgl/17.3/fxgl-17.3.jar!/fxglassets/ui/css/fxgl_dark.css
11:27:45.262 [FXGL Background Thread 1 ] DEBUG GameApplicationServi - Initializing application scenes
11:27:45.294 [FXGL Background Thread 1 ] DEBUG GameWorld            - Game world initialized
11:27:45.409 [FXGL Background Thread 1 ] DEBUG PhysicsWorld         - Physics world initialized: appHeight=640, physics.ppm=50,0
11:27:45.409 [FXGL Background Thread 1 ] DEBUG PhysicsWorld         - Using strategy: BRUTE_FORCE
11:27:45.421 [FXGL Background Thread 1 ] DEBUG GameScene            - Game scene initialized: 800x640
11:27:45.421 [FXGL Background Thread 1 ] DEBUG GameApplicationServi - Application scenes initialized
11:27:45.456 [FXGL Background Thread 1 ] DEBUG SystemBundleService  - Loading FXGL system data
11:27:45.462 [FXGL Background Thread 1 ] DEBUG FileSystemAccess     - Reading from: E:\OneDrive - Cape Peninsula University of Technology\Game Development\maze-game\system\fxgl.bundle
11:27:45.474 [FXGL Background Thread 1 ] DEBUG SystemBundleService  - Bundle FXGL: {}
11:27:45.475 [FXGL Background Thread 1 ] DEBUG UpdaterService       - Checking for updates
11:27:45.483 [FXGL Background Thread 1 ] DEBUG FXGLApplication      - Loading default localization
11:27:45.484 [FXGL Background Thread 1 ] DEBUG FXGLAssetLoaderServi - Loading from file system: jar:file:///C:/Users/prodb/.m2/repository/com/github/almasb/fxgl/17.3/fxgl-17.3.jar!/fxglassets/languages/english.lang
11:27:45.491 [FXGL Background Thread 4 ] DEBUG FXGLApplication      - Loading fonts
11:27:45.491 [FXGL Background Thread 4 ] DEBUG FXGLAssetLoaderServi - Loading from file system: jar:file:///C:/Users/prodb/.m2/repository/com/github/almasb/fxgl/17.3/fxgl-17.3.jar!/fxglassets/ui/fonts/VarelaRound-Regular.ttf
11:27:45.532 [FXGL Background Thread 1 ] INFO  FXGLApplication      - FXGL initialization took: 0,403 sec
11:27:45.541 [FXGL Background Thread 4 ] DEBUG FXGLAssetLoaderServi - Loading from file system: jar:file:///C:/Users/prodb/.m2/repository/com/github/almasb/fxgl/17.3/fxgl-17.3.jar!/fxglassets/ui/fonts/Abel-Regular.ttf
11:27:45.542 [JavaFX Application Thread] DEBUG Input                - Registered new binding: player-move-up - Up
11:27:45.543 [JavaFX Application Thread] DEBUG Input                - Registered new binding: player-move-down - Down
11:27:45.543 [JavaFX Application Thread] DEBUG Input                - Registered new binding: player-move-left - Left
11:27:45.543 [JavaFX Application Thread] DEBUG Input                - Registered new binding: player-move-right - Right
11:27:45.543 [JavaFX Application Thread] DEBUG Input                - Registered new binding: player-jump - Space
11:27:45.543 [JavaFX Application Thread] DEBUG Input                - Registered new binding: player-spawns-brick - W
11:27:45.543 [JavaFX Application Thread] DEBUG Input                - Registered new binding: player-spawns-flag - F
11:27:45.543 [JavaFX Application Thread] DEBUG Input                - Registered new binding: player-spawns-fence-vertical - V
11:27:45.543 [JavaFX Application Thread] DEBUG Input                - Registered new binding: player-spawns-fence-horizontal - H
11:27:45.543 [JavaFX Application Thread] DEBUG Input                - Registered new binding: player-plants - P
11:27:45.543 [JavaFX Application Thread] DEBUG Input                - Registered new binding: player-spawns-cannon - C
11:27:45.544 [JavaFX Application Thread] DEBUG FXGLAssetLoaderServi - Loading from file system: file:/E:/OneDrive%20-%20Cape%20Peninsula%20University%20of%20Technology/Game%20Development/maze-game/target/classes/assets/textures/island-wall.png
11:27:45.557 [FXGL Background Thread 4 ] DEBUG FXGLAssetLoaderServi - Loading from file system: jar:file:///C:/Users/prodb/.m2/repository/com/github/almasb/fxgl/17.3/fxgl-17.3.jar!/fxglassets/ui/fonts/TerminalLandMono-Regular.otf
11:27:45.575 [FXGL Background Thread 4 ] DEBUG FXGLAssetLoaderServi - Loading from file system: jar:file:///C:/Users/prodb/.m2/repository/com/github/almasb/fxgl/17.3/fxgl-17.3.jar!/fxglassets/ui/fonts/Courier-Prime.ttf
11:27:45.579 [JavaFX Application Thread] DEBUG FXGLAssetLoaderServi - Loading from file system: jar:file:///C:/Users/prodb/.m2/repository/com/github/almasb/fxgl/17.3/fxgl-17.3.jar!/fxglassets/textures/fxgl_default_cursor.png
11:27:45.583 [JavaFX Application Thread] DEBUG Input                - Registered new binding: Screenshot - CTRL+8
11:27:45.583 [JavaFX Application Thread] DEBUG Input                - Registered new binding: System info dump - CTRL+9
11:27:45.583 [JavaFX Application Thread] DEBUG Input                - Registered new binding: Restart - CTRL+R
11:27:45.584 [JavaFX Application Thread] DEBUG Input                - Registered new binding: Toggle Debug Camera - CTRL+7
11:27:45.587 [JavaFX Application Thread] DEBUG LoopRunner           - Starting loop
11:27:45.587 [JavaFX Application Thread] DEBUG LoopRunner           - Initializing JavaFX AnimationTimerLoop
11:27:45.589 [JavaFX Application Thread] DEBUG GameApplicationServi - Starting new game
11:27:45.590 [JavaFX Application Thread] DEBUG Input                - Clearing active input actions
11:27:45.602 [JavaFX Application Thread] DEBUG GameApplicationServi - Removing overlay from FXGLStartupScene and adding to FXGLLoadingScene
11:27:45.603 [JavaFX Application Thread] DEBUG PrimaryStageWindow   - FXGLStartupScene -> FXGLLoadingScene
11:27:45.603 [JavaFX Application Thread] DEBUG GameApplicationServi - Clearing previous game
11:27:45.603 [JavaFX Application Thread] DEBUG GameScene            - Clearing game scene
11:27:45.603 [JavaFX Application Thread] DEBUG GameWorld            - Clearing game world
11:27:45.603 [JavaFX Application Thread] DEBUG PhysicsWorld         - Clearing physics world
11:27:45.605 [FXGL Background Thread 4 ] DEBUG FXGLApplication      - Initializing game
11:27:45.607 [FXGL Background Thread 4 ] DEBUG FXGLAssetLoaderServi - Loading from file system: file:/E:/OneDrive%20-%20Cape%20Peninsula%20University%20of%20Technology/Game%20Development/maze-game/target/classes/assets/music/game-music.mp3
11:27:45.669 [JavaFX Application Thread] DEBUG FXGLApplication      - Registering font factories with UI factory
11:27:45.859 [FXGL Background Thread 4 ] DEBUG AudioPlayer          - Playing music com.almasb.fxgl.audio.Music@6afa957d
11:27:45.875 [FXGL Background Thread 4 ] DEBUG FXGLAssetLoaderServi - Loading from file system: file:/E:/OneDrive%20-%20Cape%20Peninsula%20University%20of%20Technology/Game%20Development/maze-game/target/classes/assets/textures/map.png
11:27:45.945 [FXGL Background Thread 4 ] DEBUG FXGLAssetLoaderServi - Loading from file system: file:/E:/OneDrive%20-%20Cape%20Peninsula%20University%20of%20Technology/Game%20Development/maze-game/target/classes/assets/textures/left-border.png
11:27:46.010 [FXGL Background Thread 4 ] DEBUG FXGLAssetLoaderServi - Loading from file system: file:/E:/OneDrive%20-%20Cape%20Peninsula%20University%20of%20Technology/Game%20Development/maze-game/target/classes/assets/textures/right-border.png
11:27:46.021 [FXGL Background Thread 4 ] DEBUG FXGLAssetLoaderServi - Loading from file system: file:/E:/OneDrive%20-%20Cape%20Peninsula%20University%20of%20Technology/Game%20Development/maze-game/target/classes/assets/textures/bottom-top-border.png
11:27:46.028 [FXGL Background Thread 4 ] DEBUG FXGLAssetLoaderServi - Loading from file system: file:/E:/OneDrive%20-%20Cape%20Peninsula%20University%20of%20Technology/Game%20Development/maze-game/target/classes/assets/textures/wall.png
11:27:46.039 [FXGL Background Thread 4 ] DEBUG FXGLAssetLoaderServi - Loading from file system: file:/E:/OneDrive%20-%20Cape%20Peninsula%20University%20of%20Technology/Game%20Development/maze-game/target/classes/assets/textures/wall-2.png
11:27:46.049 [FXGL Background Thread 4 ] DEBUG FXGLAssetLoaderServi - Loading from file system: file:/E:/OneDrive%20-%20Cape%20Peninsula%20University%20of%20Technology/Game%20Development/maze-game/target/classes/assets/textures/wall-1.png
11:27:46.060 [FXGL Background Thread 4 ] DEBUG FXGLAssetLoaderServi - Loading from file system: file:/E:/OneDrive%20-%20Cape%20Peninsula%20University%20of%20Technology/Game%20Development/maze-game/target/classes/assets/textures/water-fountain.png
11:27:46.079 [FXGL Background Thread 4 ] DEBUG FXGLAssetLoaderServi - Loading from file system: file:/E:/OneDrive%20-%20Cape%20Peninsula%20University%20of%20Technology/Game%20Development/maze-game/target/classes/assets/textures/pond.png
11:27:46.086 [FXGL Background Thread 4 ] DEBUG FXGLAssetLoaderServi - Loading from file system: file:/E:/OneDrive%20-%20Cape%20Peninsula%20University%20of%20Technology/Game%20Development/maze-game/target/classes/assets/textures/waves.png
11:27:46.107 [FXGL Background Thread 4 ] DEBUG FXGLAssetLoaderServi - Loading from file system: file:/E:/OneDrive%20-%20Cape%20Peninsula%20University%20of%20Technology/Game%20Development/maze-game/target/classes/assets/textures/no-waves.png
11:27:46.122 [FXGL Background Thread 4 ] DEBUG FXGLAssetLoaderServi - Loading from file system: file:/E:/OneDrive%20-%20Cape%20Peninsula%20University%20of%20Technology/Game%20Development/maze-game/target/classes/assets/textures/character.png
11:27:46.141 [FXGL Background Thread 4 ] INFO  FXGLApplication      - Game initialization took: 0,535 sec
11:27:46.153 [JavaFX Application Thread] DEBUG Input                - Clearing active input actions
11:27:46.177 [JavaFX Application Thread] DEBUG GameApplicationServi - Removing overlay from FXGLLoadingScene and adding to GameScene
11:27:46.179 [JavaFX Application Thread] DEBUG PrimaryStageWindow   - FXGLLoadingScene -> GameScene
11:27:46.551 [FXGL Background Thread 2 ] INFO  UpdaterService       - Your current version:  17.3
11:27:46.551 [FXGL Background Thread 2 ] INFO  UpdaterService       - Latest stable version: 25
11:27:47.263 [JavaFX Application Thread] DEBUG FXGLAssetLoaderServi - Loading from file system: file:/E:/OneDrive%20-%20Cape%20Peninsula%20University%20of%20Technology/Game%20Development/maze-game/target/classes/assets/textures/character-right.png
11:27:48.126 [JavaFX Application Thread] DEBUG FXGLAssetLoaderServi - Loading from file system: file:/E:/OneDrive%20-%20Cape%20Peninsula%20University%20of%20Technology/Game%20Development/maze-game/target/classes/assets/textures/character-down.png
11:27:48.480 [FXGL Background Thread 3 ] DEBUG Engine               - Logging environment variables
11:27:48.480 [FXGL Background Thread 3 ] DEBUG Engine               - achievements: []
11:27:48.481 [FXGL Background Thread 3 ] DEBUG Engine               - actualHeight: 640.0
11:27:48.481 [FXGL Background Thread 3 ] DEBUG Engine               - actualHeightProperty: ReadOnlyDoubleProperty [value: 640.0]
11:27:48.481 [FXGL Background Thread 3 ] DEBUG Engine               - actualWidth: 800.0
11:27:48.481 [FXGL Background Thread 3 ] DEBUG Engine               - actualWidthProperty: ReadOnlyDoubleProperty [value: 800.0]
11:27:48.481 [FXGL Background Thread 3 ] DEBUG Engine               - appIcon: island-wall.png
11:27:48.481 [FXGL Background Thread 3 ] DEBUG Engine               - applicationMode: DEVELOPER
11:27:48.481 [FXGL Background Thread 3 ] DEBUG Engine               - cSSList: [fxgl_dark.css]
11:27:48.481 [FXGL Background Thread 3 ] DEBUG Engine               - collisionDetectionStrategy: BRUTE_FORCE
11:27:48.482 [FXGL Background Thread 3 ] DEBUG Engine               - configClass: Optional.empty
11:27:48.482 [FXGL Background Thread 3 ] DEBUG Engine               - credits: []
11:27:48.482 [FXGL Background Thread 3 ] DEBUG Engine               - defaultCursor: CursorInfo(imageName=fxgl_default_cursor.png, hotspotX=7.0, hotspotY=6.0)
11:27:48.482 [FXGL Background Thread 3 ] DEBUG Engine               - devBBoxColorProperty: ObjectProperty [value: 0xff0000ff]
11:27:48.482 [FXGL Background Thread 3 ] DEBUG Engine               - devEnableDebugCameraProperty: BooleanProperty [value: false]
11:27:48.483 [FXGL Background Thread 3 ] DEBUG Engine               - devSensorColorProperty: ObjectProperty [value: 0xffff00ff]
11:27:48.483 [FXGL Background Thread 3 ] DEBUG Engine               - devShowBBoxProperty: BooleanProperty [value: false]
11:27:48.483 [FXGL Background Thread 3 ] DEBUG Engine               - devShowPositionProperty: BooleanProperty [value: false]
11:27:48.483 [FXGL Background Thread 3 ] DEBUG Engine               - enabledMenuItems: []
11:27:48.483 [FXGL Background Thread 3 ] DEBUG Engine               - engineServices: [class com.almasb.fxgl.app.services.FXGLAssetLoaderService, class com.almasb.fxgl.app.FXGLApplication$GameApplicationService, class com.almasb.fxgl.app.services.FXGLDialogService, class com.almasb.fxgl.app.services.IOTaskExecutorService, class com.almasb.fxgl.io.FileSystemService, class com.almasb.fxgl.localization.LocalizationService, class com.almasb.fxgl.app.services.SystemBundleService, class com.almasb.fxgl.profile.SaveLoadService, class com.almasb.fxgl.ui.FXGLUIFactoryServiceProvider, class com.almasb.fxgl.ui.FXGLDialogFactoryServiceProvider, class com.almasb.fxgl.audio.AudioPlayer, class com.almasb.fxgl.notification.impl.NotificationServiceProvider, class com.almasb.fxgl.achievement.AchievementService, class com.almasb.fxgl.cutscene.CutsceneService, class com.almasb.fxgl.minigames.MiniGameService, class com.almasb.fxgl.net.NetService, class com.almasb.fxgl.app.services.UpdaterService, class com.almasb.fxgl.dev.DevService]
11:27:48.483 [FXGL Background Thread 3 ] DEBUG Engine               - fontGame: Abel-Regular.ttf
11:27:48.483 [FXGL Background Thread 3 ] DEBUG Engine               - fontMono: TerminalLandMono-Regular.otf
11:27:48.483 [FXGL Background Thread 3 ] DEBUG Engine               - fontSizeScaleUI: 1.0
11:27:48.483 [FXGL Background Thread 3 ] DEBUG Engine               - fontText: Courier-Prime.ttf
11:27:48.483 [FXGL Background Thread 3 ] DEBUG Engine               - fontUI: VarelaRound-Regular.ttf
11:27:48.483 [FXGL Background Thread 3 ] DEBUG Engine               - fullScreen: BooleanProperty [value: false]
11:27:48.483 [FXGL Background Thread 3 ] DEBUG Engine               - gameDifficulty: MEDIUM
11:27:48.483 [FXGL Background Thread 3 ] DEBUG Engine               - gameDifficultyProperty: ObjectProperty [value: MEDIUM]
11:27:48.484 [FXGL Background Thread 3 ] DEBUG Engine               - globalMusicVolume: 0.5
11:27:48.484 [FXGL Background Thread 3 ] DEBUG Engine               - globalMusicVolumeProperty: DoubleProperty [value: 0.5]
11:27:48.484 [FXGL Background Thread 3 ] DEBUG Engine               - globalSoundVolume: 0.5
11:27:48.484 [FXGL Background Thread 3 ] DEBUG Engine               - globalSoundVolumeProperty: DoubleProperty [value: 0.5]
11:27:48.484 [FXGL Background Thread 3 ] DEBUG Engine               - height: 640
11:27:48.484 [FXGL Background Thread 3 ] DEBUG Engine               - is3D: false
11:27:48.484 [FXGL Background Thread 3 ] DEBUG Engine               - isAndroid: false
11:27:48.484 [FXGL Background Thread 3 ] DEBUG Engine               - isBrowser: false
11:27:48.484 [FXGL Background Thread 3 ] DEBUG Engine               - isClickFeedbackEnabled: false
11:27:48.484 [FXGL Background Thread 3 ] DEBUG Engine               - isCloseConfirmation: false
11:27:48.484 [FXGL Background Thread 3 ] DEBUG Engine               - isDesktop: true
11:27:48.484 [FXGL Background Thread 3 ] DEBUG Engine               - isDeveloperMenuEnabled: false
11:27:48.485 [FXGL Background Thread 3 ] DEBUG Engine               - isEmbedded: false
11:27:48.485 [FXGL Background Thread 3 ] DEBUG Engine               - isEntityPreloadEnabled: true
11:27:48.485 [FXGL Background Thread 3 ] DEBUG Engine               - isExperimentalTiledLargeMap: false
11:27:48.485 [FXGL Background Thread 3 ] DEBUG Engine               - isFileSystemWriteAllowed: true
11:27:48.485 [FXGL Background Thread 3 ] DEBUG Engine               - isFullScreenAllowed: false
11:27:48.485 [FXGL Background Thread 3 ] DEBUG Engine               - isFullScreenFromStart: false
11:27:48.485 [FXGL Background Thread 3 ] DEBUG Engine               - isGameMenuEnabled: false
11:27:48.485 [FXGL Background Thread 3 ] DEBUG Engine               - isIOS: false
11:27:48.485 [FXGL Background Thread 3 ] DEBUG Engine               - isIntroEnabled: false
11:27:48.485 [FXGL Background Thread 3 ] DEBUG Engine               - isLinux: false
11:27:48.485 [FXGL Background Thread 3 ] DEBUG Engine               - isMac: false
11:27:48.485 [FXGL Background Thread 3 ] DEBUG Engine               - isMainMenuEnabled: false
11:27:48.485 [FXGL Background Thread 3 ] DEBUG Engine               - isManualResizeEnabled: false
11:27:48.485 [FXGL Background Thread 3 ] DEBUG Engine               - isMobile: false
11:27:48.485 [FXGL Background Thread 3 ] DEBUG Engine               - isNative: false
11:27:48.485 [FXGL Background Thread 3 ] DEBUG Engine               - isPauseMusicWhenMinimized: true
11:27:48.485 [FXGL Background Thread 3 ] DEBUG Engine               - isPreserveResizeRatio: false
11:27:48.485 [FXGL Background Thread 3 ] DEBUG Engine               - isProfilingEnabled: false
11:27:48.486 [FXGL Background Thread 3 ] DEBUG Engine               - isScaleAffectedOnResize: true
11:27:48.486 [FXGL Background Thread 3 ] DEBUG Engine               - isSingleStep: false
11:27:48.486 [FXGL Background Thread 3 ] DEBUG Engine               - isUserProfileEnabled: false
11:27:48.486 [FXGL Background Thread 3 ] DEBUG Engine               - isWindows: true
11:27:48.486 [FXGL Background Thread 3 ] DEBUG Engine               - language: ObjectProperty [value: ENGLISH]
11:27:48.486 [FXGL Background Thread 3 ] DEBUG Engine               - menuKey: ESCAPE
11:27:48.486 [FXGL Background Thread 3 ] DEBUG Engine               - mouseSensitivity: 0.2
11:27:48.486 [FXGL Background Thread 3 ] DEBUG Engine               - notificationViewClass: class com.almasb.fxgl.notification.view.XboxNotificationView
11:27:48.486 [FXGL Background Thread 3 ] DEBUG Engine               - pixelsPerMeter: 50.0
11:27:48.486 [FXGL Background Thread 3 ] DEBUG Engine               - platform: WINDOWS
11:27:48.486 [FXGL Background Thread 3 ] DEBUG Engine               - prefHeightProperty: ReadOnlyDoubleProperty [value: 640.0]
11:27:48.486 [FXGL Background Thread 3 ] DEBUG Engine               - prefWidthProperty: ReadOnlyDoubleProperty [value: 800.0]
11:27:48.486 [FXGL Background Thread 3 ] DEBUG Engine               - profileDir: profiles/
11:27:48.486 [FXGL Background Thread 3 ] DEBUG Engine               - profileName: StringProperty [value: DEFAULT]
11:27:48.486 [FXGL Background Thread 3 ] DEBUG Engine               - randomSeed: -1
11:27:48.487 [FXGL Background Thread 3 ] DEBUG Engine               - runtimeInfo: RuntimeInfo(platform=WINDOWS, version=17.3, build=30.03.2023 11.49)
11:27:48.487 [FXGL Background Thread 3 ] DEBUG Engine               - saveFileExt: sav
11:27:48.487 [FXGL Background Thread 3 ] DEBUG Engine               - scaledHeightProp$fxgl: DoubleProperty [bound, value: 640.0]
11:27:48.487 [FXGL Background Thread 3 ] DEBUG Engine               - scaledWidthProp$fxgl: DoubleProperty [bound, value: 800.0]
11:27:48.487 [FXGL Background Thread 3 ] DEBUG Engine               - sceneFactory: com.almasb.fxgl.app.scene.SceneFactory@1d464240
11:27:48.487 [FXGL Background Thread 3 ] DEBUG Engine               - secondsIn24h: 60
11:27:48.487 [FXGL Background Thread 3 ] DEBUG Engine               - soundMenuBack: menu/back.wav
11:27:48.487 [FXGL Background Thread 3 ] DEBUG Engine               - soundMenuPress: menu/press.wav
11:27:48.487 [FXGL Background Thread 3 ] DEBUG Engine               - soundMenuSelect: menu/select.wav
11:27:48.488 [FXGL Background Thread 3 ] DEBUG Engine               - soundNotification: core/notification.wav
11:27:48.488 [FXGL Background Thread 3 ] DEBUG Engine               - stageStyle: DECORATED
11:27:48.488 [FXGL Background Thread 3 ] DEBUG Engine               - supportedLanguages: [ENGLISH, FRENCH, GERMAN, HUNGARIAN, RUSSIAN]
11:27:48.488 [FXGL Background Thread 3 ] DEBUG Engine               - ticksPerSecond: -1
11:27:48.488 [FXGL Background Thread 3 ] DEBUG Engine               - title: a-Mazed
11:27:48.488 [FXGL Background Thread 3 ] DEBUG Engine               - urlGithub: https://github.com/AlmasB/FXGL
11:27:48.488 [FXGL Background Thread 3 ] DEBUG Engine               - urlLeaderboard: http://fxgl-top.herokuapp.com/
11:27:48.488 [FXGL Background Thread 3 ] DEBUG Engine               - urlPOM: https://raw.githubusercontent.com/AlmasB/FXGL/release/README.md
11:27:48.488 [FXGL Background Thread 3 ] DEBUG Engine               - userAppClass: class lylesmal.openworldgame.MapApplication
11:27:48.488 [FXGL Background Thread 3 ] DEBUG Engine               - version: 1.0
11:27:48.488 [FXGL Background Thread 3 ] DEBUG Engine               - versionCheckDays: 7
11:27:48.489 [FXGL Background Thread 3 ] DEBUG Engine               - width: 800
11:27:48.489 [FXGL Background Thread 3 ] DEBUG Engine               - Logging services
11:27:48.489 [FXGL Background Thread 3 ] DEBUG Engine               - class com.almasb.fxgl.app.services.FXGLAssetLoaderService
11:27:48.489 [FXGL Background Thread 3 ] DEBUG Engine               - class com.almasb.fxgl.app.FXGLApplication$GameApplicationService
11:27:48.489 [FXGL Background Thread 3 ] DEBUG Engine               - class com.almasb.fxgl.app.services.FXGLDialogService
11:27:48.489 [FXGL Background Thread 3 ] DEBUG Engine               - class com.almasb.fxgl.app.services.IOTaskExecutorService
11:27:48.489 [FXGL Background Thread 3 ] DEBUG Engine               - class com.almasb.fxgl.io.FileSystemService
11:27:48.489 [FXGL Background Thread 3 ] DEBUG Engine               - class com.almasb.fxgl.localization.LocalizationService
11:27:48.489 [FXGL Background Thread 3 ] DEBUG Engine               - class com.almasb.fxgl.app.services.SystemBundleService
11:27:48.489 [FXGL Background Thread 3 ] DEBUG Engine               - class com.almasb.fxgl.profile.SaveLoadService
11:27:48.489 [FXGL Background Thread 3 ] DEBUG Engine               - class com.almasb.fxgl.ui.FXGLUIFactoryServiceProvider
11:27:48.489 [FXGL Background Thread 3 ] DEBUG Engine               - class com.almasb.fxgl.ui.FXGLDialogFactoryServiceProvider
11:27:48.489 [FXGL Background Thread 3 ] DEBUG Engine               - class com.almasb.fxgl.audio.AudioPlayer
11:27:48.489 [FXGL Background Thread 3 ] DEBUG Engine               - class com.almasb.fxgl.notification.impl.NotificationServiceProvider
11:27:48.489 [FXGL Background Thread 3 ] DEBUG Engine               - class com.almasb.fxgl.achievement.AchievementService
11:27:48.489 [FXGL Background Thread 3 ] DEBUG Engine               - class com.almasb.fxgl.cutscene.CutsceneService
11:27:48.489 [FXGL Background Thread 3 ] DEBUG Engine               - class com.almasb.fxgl.minigames.MiniGameService
11:27:48.489 [FXGL Background Thread 3 ] DEBUG Engine               - class com.almasb.fxgl.net.NetService
11:27:48.489 [FXGL Background Thread 3 ] DEBUG Engine               - class com.almasb.fxgl.app.services.UpdaterService
11:27:48.489 [FXGL Background Thread 3 ] DEBUG Engine               - class com.almasb.fxgl.dev.DevService
11:27:51.086 [JavaFX Application Thread] DEBUG FXGLAssetLoaderServi - Loading from file system: file:/E:/OneDrive%20-%20Cape%20Peninsula%20University%20of%20Technology/Game%20Development/maze-game/target/classes/assets/textures/character-left.png
11:27:53.838 [JavaFX Application Thread] DEBUG FXGLAssetLoaderServi - Loading from file system: file:/E:/OneDrive%20-%20Cape%20Peninsula%20University%20of%20Technology/Game%20Development/maze-game/target/classes/assets/textures/character-up.png
11:28:00.598 [JavaFX Application Thread] DEBUG FXGLApplication      - Exiting FXGL
11:28:00.598 [JavaFX Application Thread] DEBUG LoopRunner           - Stopping loop
11:28:00.598 [JavaFX Application Thread] DEBUG SystemBundleService  - Saving FXGL system data
11:28:00.601 [JavaFX Application Thread] DEBUG FileSystemAccess     - Writing to: E:\OneDrive - Cape Peninsula University of Technology\Game Development\maze-game\system\fxgl.bundle
11:28:00.604 [JavaFX Application Thread] DEBUG Async                - Shutting down background threads
11:28:00.604 [JavaFX Application Thread] DEBUG PrimaryStageWindow   - Closing main window
11:28:00.617 [JavaFX Application Thread] DEBUG Logger               - Closing Logger
